<?xml version="1.0" encoding="utf-8"?>
<CoverageSession xmlns:xsd="http://www.w3.org/2001/XMLSchema" xmlns:xsi="http://www.w3.org/2001/XMLSchema-instance" Version="0.0.0.0">
  <Summary numSequencePoints="0" visitedSequencePoints="0" numBranchPoints="0" visitedBranchPoints="0" sequenceCoverage="0" branchCoverage="0" maxCyclomaticComplexity="0" minCyclomaticComplexity="0" maxCrapScore="0" minCrapScore="0" visitedClasses="0" numClasses="0" visitedMethods="0" numMethods="0" />
  <Modules>
    <Module>
      <Summary numSequencePoints="0" visitedSequencePoints="0" numBranchPoints="0" visitedBranchPoints="0" sequenceCoverage="0" branchCoverage="0" maxCyclomaticComplexity="0" minCyclomaticComplexity="0" maxCrapScore="0" minCrapScore="0" visitedClasses="0" numClasses="0" visitedMethods="0" numMethods="0" />
      <ModuleTime>0001-01-01T00:00:00</ModuleTime>
      <ModuleName>Tests</ModuleName>
      <Files>
        <File uid="1" fullPath="/Users/nathanschulte/senior_project/senior_project/fear_client/Assets/Tests/PlayTests/TestBattlefieldCanvas.cs" />
        <File uid="2" fullPath="/Users/nathanschulte/senior_project/senior_project/fear_client/Assets/Tests/PlayTests/TestClient.cs" />
        <File uid="3" fullPath="/Users/nathanschulte/senior_project/senior_project/fear_client/Assets/Tests/PlayTests/TestMagic.cs" />
        <File uid="4" fullPath="/Users/nathanschulte/senior_project/senior_project/fear_client/Assets/Tests/PlayTests/TestMainMenuBehavior.cs" />
        <File uid="5" fullPath="/Users/nathanschulte/senior_project/senior_project/fear_client/Assets/Tests/PlayTests/TestMovement.cs" />
        <File uid="6" fullPath="/Users/nathanschulte/senior_project/senior_project/fear_client/Assets/Tests/PlayTests/TestPropogate.cs" />
        <File uid="7" fullPath="/Users/nathanschulte/senior_project/senior_project/fear_client/Assets/Tests/PlayTests/TestSpotlight.cs" />
        <File uid="8" fullPath="/Users/nathanschulte/senior_project/senior_project/fear_client/Assets/Tests/PlayTests/TestArmyBuild.cs" />
      </Files>
      <Classes>
        <Class>
          <Summary numSequencePoints="0" visitedSequencePoints="0" numBranchPoints="0" visitedBranchPoints="0" sequenceCoverage="0" branchCoverage="0" maxCyclomaticComplexity="0" minCyclomaticComplexity="0" maxCrapScore="0" minCrapScore="0" visitedClasses="0" numClasses="0" visitedMethods="0" numMethods="0" />
          <FullName>PlayTests.TestBattlefieldCanvas</FullName>
          <Methods>
            <Method visited="false" cyclomaticComplexity="0" nPathComplexity="0" sequenceCoverage="0.0" branchCoverage="0" crapScore="0" isConstructor="false" isStatic="false" isGetter="false" isSetter="false">
              <Summary numSequencePoints="0" visitedSequencePoints="0" numBranchPoints="0" visitedBranchPoints="0" sequenceCoverage="0.0" branchCoverage="0" maxCyclomaticComplexity="0" minCyclomaticComplexity="0" maxCrapScore="0" minCrapScore="0" visitedClasses="0" numClasses="0" visitedMethods="0" numMethods="0" />
              <MetadataToken>100663297</MetadataToken>
              <Name>System.Void PlayTests.TestBattlefieldCanvas::Init()</Name>
              <FileRef uid="1" />
              <SequencePoints>
                <SequencePoint vc="0" uspid="1956" ordinal="0" offset="0" sl="17" sc="9" el="17" ec="9" bec="0" bev="0" fileid="1" />
                <SequencePoint vc="0" uspid="1957" ordinal="0" offset="1" sl="25" sc="13" el="25" ec="13" bec="0" bev="0" fileid="1" />
                <SequencePoint vc="0" uspid="1958" ordinal="0" offset="12" sl="26" sc="9" el="26" ec="9" bec="0" bev="0" fileid="1" />
              </SequencePoints>
              <BranchPoints />
            </Method>
          </Methods>
        </Class>
        <Class>
          <Summary numSequencePoints="0" visitedSequencePoints="0" numBranchPoints="0" visitedBranchPoints="0" sequenceCoverage="0" branchCoverage="0" maxCyclomaticComplexity="0" minCyclomaticComplexity="0" maxCrapScore="0" minCrapScore="0" visitedClasses="0" numClasses="0" visitedMethods="0" numMethods="0" />
          <FullName>PlayTests.TestClient</FullName>
          <Methods>
            <Method visited="false" cyclomaticComplexity="0" nPathComplexity="0" sequenceCoverage="0.0" branchCoverage="0" crapScore="0" isConstructor="false" isStatic="false" isGetter="false" isSetter="false">
              <Summary numSequencePoints="0" visitedSequencePoints="0" numBranchPoints="0" visitedBranchPoints="0" sequenceCoverage="0.0" branchCoverage="0" maxCyclomaticComplexity="0" minCyclomaticComplexity="0" maxCrapScore="0" minCrapScore="0" visitedClasses="0" numClasses="0" visitedMethods="0" numMethods="0" />
              <MetadataToken>100663304</MetadataToken>
              <Name>System.Void PlayTests.TestClient::OneTimeSetup()</Name>
              <FileRef uid="2" />
              <SequencePoints>
                <SequencePoint vc="0" uspid="1959" ordinal="0" offset="0" sl="27" sc="9" el="27" ec="9" bec="0" bev="0" fileid="2" />
                <SequencePoint vc="0" uspid="1960" ordinal="0" offset="1" sl="28" sc="13" el="28" ec="13" bec="0" bev="0" fileid="2" />
                <SequencePoint vc="0" uspid="1961" ordinal="0" offset="12" sl="29" sc="13" el="29" ec="13" bec="0" bev="0" fileid="2" />
                <SequencePoint vc="0" uspid="1962" ordinal="0" offset="23" sl="30" sc="13" el="30" ec="13" bec="0" bev="0" fileid="2" />
                <SequencePoint vc="0" uspid="1963" ordinal="0" offset="30" sl="31" sc="13" el="31" ec="13" bec="0" bev="0" fileid="2" />
                <SequencePoint vc="0" uspid="1964" ordinal="0" offset="37" sl="32" sc="13" el="32" ec="13" bec="0" bev="0" fileid="2" />
                <SequencePoint vc="0" uspid="1965" ordinal="0" offset="54" sl="34" sc="13" el="34" ec="13" bec="0" bev="0" fileid="2" />
                <SequencePoint vc="0" uspid="1966" ordinal="0" offset="65" sl="35" sc="9" el="35" ec="9" bec="0" bev="0" fileid="2" />
              </SequencePoints>
              <BranchPoints />
            </Method>
            <Method visited="false" cyclomaticComplexity="0" nPathComplexity="0" sequenceCoverage="0.0" branchCoverage="0" crapScore="0" isConstructor="false" isStatic="false" isGetter="false" isSetter="false">
              <Summary numSequencePoints="0" visitedSequencePoints="0" numBranchPoints="0" visitedBranchPoints="0" sequenceCoverage="0.0" branchCoverage="0" maxCyclomaticComplexity="0" minCyclomaticComplexity="0" maxCrapScore="0" minCrapScore="0" visitedClasses="0" numClasses="0" visitedMethods="0" numMethods="0" />
              <MetadataToken>100663305</MetadataToken>
              <Name>System.Void PlayTests.TestClient::CreateMonoServer()</Name>
              <FileRef uid="2" />
              <SequencePoints>
                <SequencePoint vc="0" uspid="1967" ordinal="0" offset="0" sl="40" sc="9" el="40" ec="9" bec="0" bev="0" fileid="2" />
                <SequencePoint vc="0" uspid="1968" ordinal="0" offset="1" sl="41" sc="13" el="41" ec="13" bec="0" bev="0" fileid="2" />
                <SequencePoint vc="0" uspid="1969" ordinal="0" offset="17" sl="42" sc="13" el="42" ec="13" bec="0" bev="0" fileid="2" />
                <SequencePoint vc="0" uspid="1970" ordinal="0" offset="29" sl="43" sc="13" el="43" ec="13" bec="0" bev="0" fileid="2" />
                <SequencePoint vc="0" uspid="1971" ordinal="0" offset="40" sl="44" sc="13" el="44" ec="13" bec="0" bev="0" fileid="2" />
                <SequencePoint vc="0" uspid="1972" ordinal="0" offset="51" sl="45" sc="9" el="45" ec="9" bec="0" bev="0" fileid="2" />
              </SequencePoints>
              <BranchPoints />
            </Method>
            <Method visited="false" cyclomaticComplexity="0" nPathComplexity="0" sequenceCoverage="0.0" branchCoverage="0" crapScore="0" isConstructor="false" isStatic="false" isGetter="false" isSetter="false">
              <Summary numSequencePoints="0" visitedSequencePoints="0" numBranchPoints="0" visitedBranchPoints="0" sequenceCoverage="0.0" branchCoverage="0" maxCyclomaticComplexity="0" minCyclomaticComplexity="0" maxCrapScore="0" minCrapScore="0" visitedClasses="0" numClasses="0" visitedMethods="0" numMethods="0" />
              <MetadataToken>100663312</MetadataToken>
              <Name>System.Void PlayTests.TestClient::TearDown()</Name>
              <FileRef uid="2" />
              <SequencePoints>
                <SequencePoint vc="0" uspid="1973" ordinal="0" offset="0" sl="217" sc="9" el="217" ec="9" bec="0" bev="0" fileid="2" />
                <SequencePoint vc="0" uspid="1974" ordinal="0" offset="1" sl="218" sc="13" el="218" ec="13" bec="0" bev="0" fileid="2" />
                <SequencePoint vc="0" uspid="1975" ordinal="0" offset="17" sl="219" sc="13" el="219" ec="13" bec="0" bev="0" fileid="2" />
                <SequencePoint vc="0" uspid="1976" ordinal="0" offset="18" sl="219" sc="38" el="219" ec="38" bec="0" bev="0" fileid="2" />
                <SequencePoint vc="0" uspid="1977" ordinal="0" offset="32" sl="219" sc="22" el="219" ec="22" bec="0" bev="0" fileid="2" />
                <SequencePoint vc="0" uspid="1978" ordinal="0" offset="40" sl="220" sc="13" el="220" ec="13" bec="0" bev="0" fileid="2" />
                <SequencePoint vc="0" uspid="1979" ordinal="0" offset="41" sl="221" sc="17" el="221" ec="17" bec="0" bev="0" fileid="2" />
                <SequencePoint vc="0" uspid="1980" ordinal="0" offset="54" sl="222" sc="13" el="222" ec="13" bec="0" bev="0" fileid="2" />
                <SequencePoint vc="0" uspid="1981" ordinal="0" offset="55" sl="219" sc="35" el="219" ec="35" bec="0" bev="0" fileid="2" />
                <SequencePoint vc="0" uspid="1982" ordinal="0" offset="81" sl="223" sc="13" el="223" ec="13" bec="0" bev="0" fileid="2" />
                <SequencePoint vc="0" uspid="1983" ordinal="0" offset="93" sl="225" sc="13" el="225" ec="13" bec="0" bev="0" fileid="2" />
                <SequencePoint vc="0" uspid="1984" ordinal="0" offset="94" sl="225" sc="35" el="225" ec="35" bec="0" bev="0" fileid="2" />
                <SequencePoint vc="0" uspid="1985" ordinal="0" offset="108" sl="225" sc="22" el="225" ec="22" bec="0" bev="0" fileid="2" />
                <SequencePoint vc="0" uspid="1986" ordinal="0" offset="117" sl="226" sc="13" el="226" ec="13" bec="0" bev="0" fileid="2" />
                <SequencePoint vc="0" uspid="1987" ordinal="0" offset="118" sl="227" sc="17" el="227" ec="17" bec="0" bev="0" fileid="2" />
                <SequencePoint vc="0" uspid="1988" ordinal="0" offset="131" sl="228" sc="13" el="228" ec="13" bec="0" bev="0" fileid="2" />
                <SequencePoint vc="0" uspid="1989" ordinal="0" offset="132" sl="225" sc="32" el="225" ec="32" bec="0" bev="0" fileid="2" />
                <SequencePoint vc="0" uspid="1990" ordinal="0" offset="158" sl="229" sc="13" el="229" ec="13" bec="0" bev="0" fileid="2" />
                <SequencePoint vc="0" uspid="1991" ordinal="0" offset="170" sl="230" sc="9" el="230" ec="9" bec="0" bev="0" fileid="2" />
              </SequencePoints>
              <BranchPoints />
            </Method>
          </Methods>
        </Class>
        <Class>
          <Summary numSequencePoints="0" visitedSequencePoints="0" numBranchPoints="0" visitedBranchPoints="0" sequenceCoverage="0" branchCoverage="0" maxCyclomaticComplexity="0" minCyclomaticComplexity="0" maxCrapScore="0" minCrapScore="0" visitedClasses="0" numClasses="0" visitedMethods="0" numMethods="0" />
          <FullName>PlayTests.TestMagic</FullName>
          <Methods>
            <Method visited="false" cyclomaticComplexity="0" nPathComplexity="0" sequenceCoverage="0.0" branchCoverage="0" crapScore="0" isConstructor="false" isStatic="false" isGetter="false" isSetter="false">
              <Summary numSequencePoints="0" visitedSequencePoints="0" numBranchPoints="0" visitedBranchPoints="0" sequenceCoverage="0.0" branchCoverage="0" maxCyclomaticComplexity="0" minCyclomaticComplexity="0" maxCrapScore="0" minCrapScore="0" visitedClasses="0" numClasses="0" visitedMethods="0" numMethods="0" />
              <MetadataToken>100663314</MetadataToken>
              <Name>System.Void PlayTests.TestMagic::OneTimeSetup()</Name>
              <FileRef uid="3" />
              <SequencePoints>
                <SequencePoint vc="0" uspid="1992" ordinal="0" offset="0" sl="20" sc="9" el="20" ec="9" bec="0" bev="0" fileid="3" />
                <SequencePoint vc="0" uspid="1993" ordinal="0" offset="1" sl="21" sc="13" el="21" ec="13" bec="0" bev="0" fileid="3" />
                <SequencePoint vc="0" uspid="1994" ordinal="0" offset="12" sl="22" sc="13" el="22" ec="13" bec="0" bev="0" fileid="3" />
                <SequencePoint vc="0" uspid="1995" ordinal="0" offset="18" sl="23" sc="13" el="23" ec="13" bec="0" bev="0" fileid="3" />
                <SequencePoint vc="0" uspid="1996" ordinal="0" offset="35" sl="24" sc="13" el="24" ec="13" bec="0" bev="0" fileid="3" />
                <SequencePoint vc="0" uspid="1997" ordinal="0" offset="42" sl="25" sc="13" el="25" ec="13" bec="0" bev="0" fileid="3" />
                <SequencePoint vc="0" uspid="1998" ordinal="0" offset="64" sl="27" sc="13" el="27" ec="13" bec="0" bev="0" fileid="3" />
                <SequencePoint vc="0" uspid="1999" ordinal="0" offset="70" sl="28" sc="13" el="28" ec="13" bec="0" bev="0" fileid="3" />
                <SequencePoint vc="0" uspid="2000" ordinal="0" offset="77" sl="29" sc="13" el="29" ec="13" bec="0" bev="0" fileid="3" />
                <SequencePoint vc="0" uspid="2001" ordinal="0" offset="93" sl="30" sc="13" el="30" ec="13" bec="0" bev="0" fileid="3" />
                <SequencePoint vc="0" uspid="2002" ordinal="0" offset="115" sl="31" sc="13" el="31" ec="13" bec="0" bev="0" fileid="3" />
                <SequencePoint vc="0" uspid="2003" ordinal="0" offset="126" sl="32" sc="9" el="32" ec="9" bec="0" bev="0" fileid="3" />
              </SequencePoints>
              <BranchPoints />
            </Method>
            <Method visited="false" cyclomaticComplexity="0" nPathComplexity="0" sequenceCoverage="0.0" branchCoverage="0" crapScore="0" isConstructor="false" isStatic="false" isGetter="false" isSetter="false">
              <Summary numSequencePoints="0" visitedSequencePoints="0" numBranchPoints="0" visitedBranchPoints="0" sequenceCoverage="0.0" branchCoverage="0" maxCyclomaticComplexity="0" minCyclomaticComplexity="0" maxCrapScore="0" minCrapScore="0" visitedClasses="0" numClasses="0" visitedMethods="0" numMethods="0" />
              <MetadataToken>100663322</MetadataToken>
              <Name>System.Void PlayTests.TestMagic::TearDown()</Name>
              <FileRef uid="3" />
              <SequencePoints>
                <SequencePoint vc="0" uspid="2004" ordinal="0" offset="0" sl="301" sc="9" el="301" ec="9" bec="0" bev="0" fileid="3" />
                <SequencePoint vc="0" uspid="2005" ordinal="0" offset="1" sl="302" sc="13" el="302" ec="13" bec="0" bev="0" fileid="3" />
                <SequencePoint vc="0" uspid="2006" ordinal="0" offset="17" sl="303" sc="13" el="303" ec="13" bec="0" bev="0" fileid="3" />
                <SequencePoint vc="0" uspid="2007" ordinal="0" offset="18" sl="303" sc="38" el="303" ec="38" bec="0" bev="0" fileid="3" />
                <SequencePoint vc="0" uspid="2008" ordinal="0" offset="32" sl="303" sc="22" el="303" ec="22" bec="0" bev="0" fileid="3" />
                <SequencePoint vc="0" uspid="2009" ordinal="0" offset="40" sl="304" sc="13" el="304" ec="13" bec="0" bev="0" fileid="3" />
                <SequencePoint vc="0" uspid="2010" ordinal="0" offset="41" sl="305" sc="17" el="305" ec="17" bec="0" bev="0" fileid="3" />
                <SequencePoint vc="0" uspid="2011" ordinal="0" offset="54" sl="306" sc="13" el="306" ec="13" bec="0" bev="0" fileid="3" />
                <SequencePoint vc="0" uspid="2012" ordinal="0" offset="55" sl="303" sc="35" el="303" ec="35" bec="0" bev="0" fileid="3" />
                <SequencePoint vc="0" uspid="2013" ordinal="0" offset="81" sl="307" sc="13" el="307" ec="13" bec="0" bev="0" fileid="3" />
                <SequencePoint vc="0" uspid="2014" ordinal="0" offset="93" sl="309" sc="13" el="309" ec="13" bec="0" bev="0" fileid="3" />
                <SequencePoint vc="0" uspid="2015" ordinal="0" offset="94" sl="309" sc="35" el="309" ec="35" bec="0" bev="0" fileid="3" />
                <SequencePoint vc="0" uspid="2016" ordinal="0" offset="108" sl="309" sc="22" el="309" ec="22" bec="0" bev="0" fileid="3" />
                <SequencePoint vc="0" uspid="2017" ordinal="0" offset="117" sl="310" sc="13" el="310" ec="13" bec="0" bev="0" fileid="3" />
                <SequencePoint vc="0" uspid="2018" ordinal="0" offset="118" sl="311" sc="17" el="311" ec="17" bec="0" bev="0" fileid="3" />
                <SequencePoint vc="0" uspid="2019" ordinal="0" offset="131" sl="312" sc="13" el="312" ec="13" bec="0" bev="0" fileid="3" />
                <SequencePoint vc="0" uspid="2020" ordinal="0" offset="132" sl="309" sc="32" el="309" ec="32" bec="0" bev="0" fileid="3" />
                <SequencePoint vc="0" uspid="2021" ordinal="0" offset="158" sl="313" sc="13" el="313" ec="13" bec="0" bev="0" fileid="3" />
                <SequencePoint vc="0" uspid="2022" ordinal="0" offset="170" sl="314" sc="9" el="314" ec="9" bec="0" bev="0" fileid="3" />
              </SequencePoints>
              <BranchPoints />
            </Method>
          </Methods>
        </Class>
        <Class>
          <Summary numSequencePoints="0" visitedSequencePoints="0" numBranchPoints="0" visitedBranchPoints="0" sequenceCoverage="0" branchCoverage="0" maxCyclomaticComplexity="0" minCyclomaticComplexity="0" maxCrapScore="0" minCrapScore="0" visitedClasses="0" numClasses="0" visitedMethods="0" numMethods="0" />
          <FullName>PlayTests.TestMainMenuBehavior</FullName>
          <Methods>
            <Method visited="false" cyclomaticComplexity="0" nPathComplexity="0" sequenceCoverage="0.0" branchCoverage="0" crapScore="0" isConstructor="false" isStatic="false" isGetter="false" isSetter="false">
              <Summary numSequencePoints="0" visitedSequencePoints="0" numBranchPoints="0" visitedBranchPoints="0" sequenceCoverage="0.0" branchCoverage="0" maxCyclomaticComplexity="0" minCyclomaticComplexity="0" maxCrapScore="0" minCrapScore="0" visitedClasses="0" numClasses="0" visitedMethods="0" numMethods="0" />
              <MetadataToken>100663324</MetadataToken>
              <Name>System.Void PlayTests.TestMainMenuBehavior::OneTimeSetup()</Name>
              <FileRef uid="4" />
              <SequencePoints>
                <SequencePoint vc="0" uspid="2023" ordinal="0" offset="0" sl="15" sc="9" el="15" ec="9" bec="0" bev="0" fileid="4" />
                <SequencePoint vc="0" uspid="2024" ordinal="0" offset="1" sl="16" sc="13" el="16" ec="13" bec="0" bev="0" fileid="4" />
                <SequencePoint vc="0" uspid="2025" ordinal="0" offset="8" sl="17" sc="9" el="17" ec="9" bec="0" bev="0" fileid="4" />
              </SequencePoints>
              <BranchPoints />
            </Method>
            <Method visited="false" cyclomaticComplexity="0" nPathComplexity="0" sequenceCoverage="0.0" branchCoverage="0" crapScore="0" isConstructor="false" isStatic="false" isGetter="false" isSetter="false">
              <Summary numSequencePoints="0" visitedSequencePoints="0" numBranchPoints="0" visitedBranchPoints="0" sequenceCoverage="0.0" branchCoverage="0" maxCyclomaticComplexity="0" minCyclomaticComplexity="0" maxCrapScore="0" minCrapScore="0" visitedClasses="0" numClasses="0" visitedMethods="0" numMethods="0" />
              <MetadataToken>100663327</MetadataToken>
              <Name>System.Void PlayTests.TestMainMenuBehavior::TearDown()</Name>
              <FileRef uid="4" />
              <SequencePoints>
                <SequencePoint vc="0" uspid="2026" ordinal="0" offset="0" sl="61" sc="9" el="61" ec="9" bec="0" bev="0" fileid="4" />
                <SequencePoint vc="0" uspid="2027" ordinal="0" offset="1" sl="62" sc="13" el="62" ec="13" bec="0" bev="0" fileid="4" />
                <SequencePoint vc="0" uspid="2028" ordinal="0" offset="17" sl="63" sc="13" el="63" ec="13" bec="0" bev="0" fileid="4" />
                <SequencePoint vc="0" uspid="2029" ordinal="0" offset="34" sl="64" sc="9" el="64" ec="9" bec="0" bev="0" fileid="4" />
              </SequencePoints>
              <BranchPoints />
            </Method>
          </Methods>
        </Class>
        <Class>
          <Summary numSequencePoints="0" visitedSequencePoints="0" numBranchPoints="0" visitedBranchPoints="0" sequenceCoverage="0" branchCoverage="0" maxCyclomaticComplexity="0" minCyclomaticComplexity="0" maxCrapScore="0" minCrapScore="0" visitedClasses="0" numClasses="0" visitedMethods="0" numMethods="0" />
          <FullName>PlayTests.TestMovement</FullName>
          <Methods>
            <Method visited="false" cyclomaticComplexity="0" nPathComplexity="0" sequenceCoverage="0.0" branchCoverage="0" crapScore="0" isConstructor="false" isStatic="false" isGetter="false" isSetter="false">
              <Summary numSequencePoints="0" visitedSequencePoints="0" numBranchPoints="0" visitedBranchPoints="0" sequenceCoverage="0.0" branchCoverage="0" maxCyclomaticComplexity="0" minCyclomaticComplexity="0" maxCrapScore="0" minCrapScore="0" visitedClasses="0" numClasses="0" visitedMethods="0" numMethods="0" />
              <MetadataToken>100663329</MetadataToken>
              <Name>System.Void PlayTests.TestMovement::OneTimeSetup()</Name>
              <FileRef uid="5" />
              <SequencePoints>
                <SequencePoint vc="0" uspid="2030" ordinal="0" offset="0" sl="26" sc="9" el="26" ec="9" bec="0" bev="0" fileid="5" />
                <SequencePoint vc="0" uspid="2031" ordinal="0" offset="1" sl="27" sc="13" el="27" ec="13" bec="0" bev="0" fileid="5" />
                <SequencePoint vc="0" uspid="2032" ordinal="0" offset="12" sl="28" sc="13" el="28" ec="13" bec="0" bev="0" fileid="5" />
                <SequencePoint vc="0" uspid="2033" ordinal="0" offset="18" sl="29" sc="13" el="29" ec="13" bec="0" bev="0" fileid="5" />
                <SequencePoint vc="0" uspid="2034" ordinal="0" offset="35" sl="30" sc="13" el="30" ec="13" bec="0" bev="0" fileid="5" />
                <SequencePoint vc="0" uspid="2035" ordinal="0" offset="42" sl="31" sc="13" el="31" ec="13" bec="0" bev="0" fileid="5" />
                <SequencePoint vc="0" uspid="2036" ordinal="0" offset="64" sl="33" sc="13" el="33" ec="13" bec="0" bev="0" fileid="5" />
                <SequencePoint vc="0" uspid="2037" ordinal="0" offset="70" sl="34" sc="13" el="34" ec="13" bec="0" bev="0" fileid="5" />
                <SequencePoint vc="0" uspid="2038" ordinal="0" offset="77" sl="35" sc="13" el="35" ec="13" bec="0" bev="0" fileid="5" />
                <SequencePoint vc="0" uspid="2039" ordinal="0" offset="93" sl="36" sc="13" el="36" ec="13" bec="0" bev="0" fileid="5" />
                <SequencePoint vc="0" uspid="2040" ordinal="0" offset="115" sl="37" sc="13" el="37" ec="13" bec="0" bev="0" fileid="5" />
                <SequencePoint vc="0" uspid="2041" ordinal="0" offset="126" sl="38" sc="9" el="38" ec="9" bec="0" bev="0" fileid="5" />
              </SequencePoints>
              <BranchPoints />
            </Method>
            <Method visited="false" cyclomaticComplexity="0" nPathComplexity="0" sequenceCoverage="0.0" branchCoverage="0" crapScore="0" isConstructor="false" isStatic="false" isGetter="false" isSetter="false">
              <Summary numSequencePoints="0" visitedSequencePoints="0" numBranchPoints="0" visitedBranchPoints="0" sequenceCoverage="0.0" branchCoverage="0" maxCyclomaticComplexity="0" minCyclomaticComplexity="0" maxCrapScore="0" minCrapScore="0" visitedClasses="0" numClasses="0" visitedMethods="0" numMethods="0" />
              <MetadataToken>100663334</MetadataToken>
              <Name>System.Void PlayTests.TestMovement::TearDown()</Name>
              <FileRef uid="5" />
              <SequencePoints>
                <SequencePoint vc="0" uspid="2042" ordinal="0" offset="0" sl="142" sc="9" el="142" ec="9" bec="0" bev="0" fileid="5" />
                <SequencePoint vc="0" uspid="2043" ordinal="0" offset="1" sl="143" sc="13" el="143" ec="13" bec="0" bev="0" fileid="5" />
                <SequencePoint vc="0" uspid="2044" ordinal="0" offset="17" sl="144" sc="13" el="144" ec="13" bec="0" bev="0" fileid="5" />
                <SequencePoint vc="0" uspid="2045" ordinal="0" offset="18" sl="144" sc="38" el="144" ec="38" bec="0" bev="0" fileid="5" />
                <SequencePoint vc="0" uspid="2046" ordinal="0" offset="32" sl="144" sc="22" el="144" ec="22" bec="0" bev="0" fileid="5" />
                <SequencePoint vc="0" uspid="2047" ordinal="0" offset="40" sl="145" sc="13" el="145" ec="13" bec="0" bev="0" fileid="5" />
                <SequencePoint vc="0" uspid="2048" ordinal="0" offset="41" sl="146" sc="17" el="146" ec="17" bec="0" bev="0" fileid="5" />
                <SequencePoint vc="0" uspid="2049" ordinal="0" offset="54" sl="147" sc="13" el="147" ec="13" bec="0" bev="0" fileid="5" />
                <SequencePoint vc="0" uspid="2050" ordinal="0" offset="55" sl="144" sc="35" el="144" ec="35" bec="0" bev="0" fileid="5" />
                <SequencePoint vc="0" uspid="2051" ordinal="0" offset="81" sl="148" sc="13" el="148" ec="13" bec="0" bev="0" fileid="5" />
                <SequencePoint vc="0" uspid="2052" ordinal="0" offset="93" sl="150" sc="13" el="150" ec="13" bec="0" bev="0" fileid="5" />
                <SequencePoint vc="0" uspid="2053" ordinal="0" offset="94" sl="150" sc="35" el="150" ec="35" bec="0" bev="0" fileid="5" />
                <SequencePoint vc="0" uspid="2054" ordinal="0" offset="108" sl="150" sc="22" el="150" ec="22" bec="0" bev="0" fileid="5" />
                <SequencePoint vc="0" uspid="2055" ordinal="0" offset="117" sl="151" sc="13" el="151" ec="13" bec="0" bev="0" fileid="5" />
                <SequencePoint vc="0" uspid="2056" ordinal="0" offset="118" sl="152" sc="17" el="152" ec="17" bec="0" bev="0" fileid="5" />
                <SequencePoint vc="0" uspid="2057" ordinal="0" offset="131" sl="153" sc="13" el="153" ec="13" bec="0" bev="0" fileid="5" />
                <SequencePoint vc="0" uspid="2058" ordinal="0" offset="132" sl="150" sc="32" el="150" ec="32" bec="0" bev="0" fileid="5" />
                <SequencePoint vc="0" uspid="2059" ordinal="0" offset="158" sl="154" sc="13" el="154" ec="13" bec="0" bev="0" fileid="5" />
                <SequencePoint vc="0" uspid="2060" ordinal="0" offset="170" sl="155" sc="9" el="155" ec="9" bec="0" bev="0" fileid="5" />
              </SequencePoints>
              <BranchPoints />
            </Method>
          </Methods>
        </Class>
        <Class>
          <Summary numSequencePoints="0" visitedSequencePoints="0" numBranchPoints="0" visitedBranchPoints="0" sequenceCoverage="0" branchCoverage="0" maxCyclomaticComplexity="0" minCyclomaticComplexity="0" maxCrapScore="0" minCrapScore="0" visitedClasses="0" numClasses="0" visitedMethods="0" numMethods="0" />
          <FullName>PlayTests.TestPropogate</FullName>
          <Methods>
            <Method visited="false" cyclomaticComplexity="0" nPathComplexity="0" sequenceCoverage="0.0" branchCoverage="0" crapScore="0" isConstructor="false" isStatic="false" isGetter="false" isSetter="false">
              <Summary numSequencePoints="0" visitedSequencePoints="0" numBranchPoints="0" visitedBranchPoints="0" sequenceCoverage="0.0" branchCoverage="0" maxCyclomaticComplexity="0" minCyclomaticComplexity="0" maxCrapScore="0" minCrapScore="0" visitedClasses="0" numClasses="0" visitedMethods="0" numMethods="0" />
              <MetadataToken>100663336</MetadataToken>
              <Name>System.Void PlayTests.TestPropogate::Init()</Name>
              <FileRef uid="6" />
              <SequencePoints>
                <SequencePoint vc="0" uspid="2061" ordinal="0" offset="0" sl="17" sc="9" el="17" ec="9" bec="0" bev="0" fileid="6" />
                <SequencePoint vc="0" uspid="2062" ordinal="0" offset="1" sl="18" sc="13" el="18" ec="13" bec="0" bev="0" fileid="6" />
                <SequencePoint vc="0" uspid="2063" ordinal="0" offset="7" sl="19" sc="13" el="19" ec="13" bec="0" bev="0" fileid="6" />
                <SequencePoint vc="0" uspid="2064" ordinal="0" offset="24" sl="20" sc="13" el="20" ec="13" bec="0" bev="0" fileid="6" />
                <SequencePoint vc="0" uspid="2065" ordinal="0" offset="31" sl="21" sc="13" el="21" ec="13" bec="0" bev="0" fileid="6" />
                <SequencePoint vc="0" uspid="2066" ordinal="0" offset="53" sl="23" sc="13" el="23" ec="13" bec="0" bev="0" fileid="6" />
                <SequencePoint vc="0" uspid="2067" ordinal="0" offset="59" sl="24" sc="13" el="24" ec="13" bec="0" bev="0" fileid="6" />
                <SequencePoint vc="0" uspid="2068" ordinal="0" offset="66" sl="25" sc="13" el="25" ec="13" bec="0" bev="0" fileid="6" />
                <SequencePoint vc="0" uspid="2069" ordinal="0" offset="77" sl="26" sc="9" el="26" ec="9" bec="0" bev="0" fileid="6" />
              </SequencePoints>
              <BranchPoints />
            </Method>
          </Methods>
        </Class>
        <Class>
          <Summary numSequencePoints="0" visitedSequencePoints="0" numBranchPoints="0" visitedBranchPoints="0" sequenceCoverage="0" branchCoverage="0" maxCyclomaticComplexity="0" minCyclomaticComplexity="0" maxCrapScore="0" minCrapScore="0" visitedClasses="0" numClasses="0" visitedMethods="0" numMethods="0" />
          <FullName>PlayTests.TestSpotlight</FullName>
          <Methods>
            <Method visited="false" cyclomaticComplexity="0" nPathComplexity="0" sequenceCoverage="0.0" branchCoverage="0" crapScore="0" isConstructor="false" isStatic="false" isGetter="false" isSetter="false">
              <Summary numSequencePoints="0" visitedSequencePoints="0" numBranchPoints="0" visitedBranchPoints="0" sequenceCoverage="0.0" branchCoverage="0" maxCyclomaticComplexity="0" minCyclomaticComplexity="0" maxCrapScore="0" minCrapScore="0" visitedClasses="0" numClasses="0" visitedMethods="0" numMethods="0" />
              <MetadataToken>100663340</MetadataToken>
              <Name>System.Void PlayTests.TestSpotlight::Init()</Name>
              <FileRef uid="7" />
              <SequencePoints>
                <SequencePoint vc="0" uspid="2070" ordinal="0" offset="0" sl="16" sc="9" el="16" ec="9" bec="0" bev="0" fileid="7" />
                <SequencePoint vc="0" uspid="2071" ordinal="0" offset="1" sl="17" sc="13" el="17" ec="13" bec="0" bev="0" fileid="7" />
                <SequencePoint vc="0" uspid="2072" ordinal="0" offset="7" sl="18" sc="13" el="18" ec="13" bec="0" bev="0" fileid="7" />
                <SequencePoint vc="0" uspid="2073" ordinal="0" offset="24" sl="19" sc="13" el="19" ec="13" bec="0" bev="0" fileid="7" />
                <SequencePoint vc="0" uspid="2074" ordinal="0" offset="31" sl="20" sc="13" el="20" ec="13" bec="0" bev="0" fileid="7" />
                <SequencePoint vc="0" uspid="2075" ordinal="0" offset="53" sl="22" sc="13" el="22" ec="13" bec="0" bev="0" fileid="7" />
                <SequencePoint vc="0" uspid="2076" ordinal="0" offset="59" sl="23" sc="13" el="23" ec="13" bec="0" bev="0" fileid="7" />
                <SequencePoint vc="0" uspid="2077" ordinal="0" offset="66" sl="24" sc="13" el="24" ec="13" bec="0" bev="0" fileid="7" />
                <SequencePoint vc="0" uspid="2078" ordinal="0" offset="77" sl="25" sc="9" el="25" ec="9" bec="0" bev="0" fileid="7" />
              </SequencePoints>
              <BranchPoints />
            </Method>
            <Method visited="false" cyclomaticComplexity="0" nPathComplexity="0" sequenceCoverage="0.0" branchCoverage="0" crapScore="0" isConstructor="false" isStatic="false" isGetter="false" isSetter="false">
              <Summary numSequencePoints="0" visitedSequencePoints="0" numBranchPoints="0" visitedBranchPoints="0" sequenceCoverage="0.0" branchCoverage="0" maxCyclomaticComplexity="0" minCyclomaticComplexity="0" maxCrapScore="0" minCrapScore="0" visitedClasses="0" numClasses="0" visitedMethods="0" numMethods="0" />
              <MetadataToken>100663345</MetadataToken>
              <Name>System.Void PlayTests.TestSpotlight::TearDown()</Name>
              <FileRef uid="7" />
              <SequencePoints>
                <SequencePoint vc="0" uspid="2079" ordinal="0" offset="0" sl="107" sc="9" el="107" ec="9" bec="0" bev="0" fileid="7" />
                <SequencePoint vc="0" uspid="2080" ordinal="0" offset="1" sl="108" sc="13" el="108" ec="13" bec="0" bev="0" fileid="7" />
                <SequencePoint vc="0" uspid="2081" ordinal="0" offset="27" sl="109" sc="13" el="109" ec="13" bec="0" bev="0" fileid="7" />
                <SequencePoint vc="0" uspid="2082" ordinal="0" offset="53" sl="110" sc="9" el="110" ec="9" bec="0" bev="0" fileid="7" />
              </SequencePoints>
              <BranchPoints />
            </Method>
          </Methods>
        </Class>
        <Class>
          <Summary numSequencePoints="0" visitedSequencePoints="0" numBranchPoints="0" visitedBranchPoints="0" sequenceCoverage="0" branchCoverage="0" maxCyclomaticComplexity="0" minCyclomaticComplexity="0" maxCrapScore="0" minCrapScore="0" visitedClasses="0" numClasses="0" visitedMethods="0" numMethods="0" />
          <FullName>Tests.TestArmyBuild</FullName>
          <Methods>
            <Method visited="false" cyclomaticComplexity="0" nPathComplexity="0" sequenceCoverage="0.0" branchCoverage="0" crapScore="0" isConstructor="false" isStatic="false" isGetter="false" isSetter="false">
              <Summary numSequencePoints="0" visitedSequencePoints="0" numBranchPoints="0" visitedBranchPoints="0" sequenceCoverage="0.0" branchCoverage="0" maxCyclomaticComplexity="0" minCyclomaticComplexity="0" maxCrapScore="0" minCrapScore="0" visitedClasses="0" numClasses="0" visitedMethods="0" numMethods="0" />
              <MetadataToken>100663347</MetadataToken>
              <Name>System.Void Tests.TestArmyBuild::Init()</Name>
              <FileRef uid="8" />
              <SequencePoints>
                <SequencePoint vc="0" uspid="2083" ordinal="0" offset="0" sl="19" sc="9" el="19" ec="9" bec="0" bev="0" fileid="8" />
                <SequencePoint vc="0" uspid="2084" ordinal="0" offset="1" sl="20" sc="13" el="20" ec="13" bec="0" bev="0" fileid="8" />
                <SequencePoint vc="0" uspid="2085" ordinal="0" offset="7" sl="21" sc="13" el="21" ec="13" bec="0" bev="0" fileid="8" />
                <SequencePoint vc="0" uspid="2086" ordinal="0" offset="24" sl="22" sc="13" el="22" ec="13" bec="0" bev="0" fileid="8" />
                <SequencePoint vc="0" uspid="2087" ordinal="0" offset="31" sl="23" sc="13" el="23" ec="13" bec="0" bev="0" fileid="8" />
                <SequencePoint vc="0" uspid="2088" ordinal="0" offset="53" sl="25" sc="13" el="25" ec="13" bec="0" bev="0" fileid="8" />
                <SequencePoint vc="0" uspid="2089" ordinal="0" offset="59" sl="26" sc="13" el="26" ec="13" bec="0" bev="0" fileid="8" />
                <SequencePoint vc="0" uspid="2090" ordinal="0" offset="66" sl="27" sc="13" el="27" ec="13" bec="0" bev="0" fileid="8" />
                <SequencePoint vc="0" uspid="2091" ordinal="0" offset="77" sl="28" sc="9" el="28" ec="9" bec="0" bev="0" fileid="8" />
              </SequencePoints>
              <BranchPoints />
            </Method>
            <Method visited="false" cyclomaticComplexity="0" nPathComplexity="0" sequenceCoverage="0.0" branchCoverage="0" crapScore="0" isConstructor="false" isStatic="false" isGetter="false" isSetter="false">
              <Summary numSequencePoints="0" visitedSequencePoints="0" numBranchPoints="0" visitedBranchPoints="0" sequenceCoverage="0.0" branchCoverage="0" maxCyclomaticComplexity="0" minCyclomaticComplexity="0" maxCrapScore="0" minCrapScore="0" visitedClasses="0" numClasses="0" visitedMethods="0" numMethods="0" />
              <MetadataToken>100663356</MetadataToken>
              <Name>System.Void Tests.TestArmyBuild::TearDown()</Name>
              <FileRef uid="8" />
              <SequencePoints>
                <SequencePoint vc="0" uspid="2092" ordinal="0" offset="0" sl="191" sc="9" el="191" ec="9" bec="0" bev="0" fileid="8" />
                <SequencePoint vc="0" uspid="2093" ordinal="0" offset="1" sl="192" sc="13" el="192" ec="13" bec="0" bev="0" fileid="8" />
                <SequencePoint vc="0" uspid="2094" ordinal="0" offset="2" sl="192" sc="38" el="192" ec="38" bec="0" bev="0" fileid="8" />
                <SequencePoint vc="0" uspid="2095" ordinal="0" offset="17" sl="192" sc="22" el="192" ec="22" bec="0" bev="0" fileid="8" />
                <SequencePoint vc="0" uspid="2096" ordinal="0" offset="21" sl="193" sc="13" el="193" ec="13" bec="0" bev="0" fileid="8" />
                <SequencePoint vc="0" uspid="2097" ordinal="0" offset="22" sl="194" sc="17" el="194" ec="17" bec="0" bev="0" fileid="8" />
                <SequencePoint vc="0" uspid="2098" ordinal="0" offset="29" sl="195" sc="13" el="195" ec="13" bec="0" bev="0" fileid="8" />
                <SequencePoint vc="0" uspid="2099" ordinal="0" offset="34" sl="192" sc="35" el="192" ec="35" bec="0" bev="0" fileid="8" />
                <SequencePoint vc="0" uspid="2100" ordinal="0" offset="40" sl="196" sc="13" el="196" ec="13" bec="0" bev="0" fileid="8" />
                <SequencePoint vc="0" uspid="2101" ordinal="0" offset="66" sl="197" sc="13" el="197" ec="13" bec="0" bev="0" fileid="8" />
                <SequencePoint vc="0" uspid="2102" ordinal="0" offset="91" sl="198" sc="9" el="198" ec="9" bec="0" bev="0" fileid="8" />
              </SequencePoints>
              <BranchPoints />
            </Method>
          </Methods>
        </Class>
        <Class>
          <Summary numSequencePoints="0" visitedSequencePoints="0" numBranchPoints="0" visitedBranchPoints="0" sequenceCoverage="0" branchCoverage="0" maxCyclomaticComplexity="0" minCyclomaticComplexity="0" maxCrapScore="0" minCrapScore="0" visitedClasses="0" numClasses="0" visitedMethods="0" numMethods="0" />
          <FullName>PlayTests.TestBattlefieldCanvas/&lt;SwitchToAttackPanel&gt;d__1</FullName>
          <Methods>
            <Method visited="false" cyclomaticComplexity="0" nPathComplexity="0" sequenceCoverage="0.0" branchCoverage="0" crapScore="0" isConstructor="false" isStatic="false" isGetter="false" isSetter="false">
              <Summary numSequencePoints="0" visitedSequencePoints="0" numBranchPoints="0" visitedBranchPoints="0" sequenceCoverage="0.0" branchCoverage="0" maxCyclomaticComplexity="0" minCyclomaticComplexity="0" maxCrapScore="0" minCrapScore="0" visitedClasses="0" numClasses="0" visitedMethods="0" numMethods="0" />
              <MetadataToken>100663360</MetadataToken>
              <Name>System.Boolean PlayTests.TestBattlefieldCanvas/&lt;SwitchToAttackPanel&gt;d__1::MoveNext()</Name>
              <FileRef uid="1" />
              <SequencePoints>
                <SequencePoint vc="0" uspid="2103" ordinal="0" offset="34" sl="30" sc="9" el="30" ec="9" bec="0" bev="0" fileid="1" />
                <SequencePoint vc="0" uspid="2104" ordinal="0" offset="35" sl="32" sc="13" el="32" ec="13" bec="0" bev="0" fileid="1" />
                <SequencePoint vc="0" uspid="2105" ordinal="0" offset="56" sl="35" sc="13" el="35" ec="13" bec="0" bev="0" fileid="1" />
                <SequencePoint vc="0" uspid="2106" ordinal="0" offset="72" sl="36" sc="13" el="36" ec="13" bec="0" bev="0" fileid="1" />
                <SequencePoint vc="0" uspid="2107" ordinal="0" offset="88" sl="37" sc="13" el="37" ec="13" bec="0" bev="0" fileid="1" />
                <SequencePoint vc="0" uspid="2108" ordinal="0" offset="104" sl="39" sc="13" el="39" ec="13" bec="0" bev="0" fileid="1" />
                <SequencePoint vc="0" uspid="2109" ordinal="0" offset="116" sl="42" sc="13" el="42" ec="13" bec="0" bev="0" fileid="1" />
                <SequencePoint vc="0" uspid="2110" ordinal="0" offset="133" sl="43" sc="13" el="43" ec="13" bec="0" bev="0" fileid="1" />
                <SequencePoint vc="0" uspid="2111" ordinal="0" offset="150" sl="44" sc="13" el="44" ec="13" bec="0" bev="0" fileid="1" />
                <SequencePoint vc="0" uspid="2112" ordinal="0" offset="167" sl="46" sc="13" el="46" ec="13" bec="0" bev="0" fileid="1" />
                <SequencePoint vc="0" uspid="2113" ordinal="0" offset="190" sl="47" sc="9" el="47" ec="9" bec="0" bev="0" fileid="1" />
              </SequencePoints>
              <BranchPoints />
            </Method>
          </Methods>
        </Class>
        <Class>
          <Summary numSequencePoints="0" visitedSequencePoints="0" numBranchPoints="0" visitedBranchPoints="0" sequenceCoverage="0" branchCoverage="0" maxCyclomaticComplexity="0" minCyclomaticComplexity="0" maxCrapScore="0" minCrapScore="0" visitedClasses="0" numClasses="0" visitedMethods="0" numMethods="0" />
          <FullName>PlayTests.TestBattlefieldCanvas/&lt;SwitchToMagicPanel&gt;d__2</FullName>
          <Methods>
            <Method visited="false" cyclomaticComplexity="0" nPathComplexity="0" sequenceCoverage="0.0" branchCoverage="0" crapScore="0" isConstructor="false" isStatic="false" isGetter="false" isSetter="false">
              <Summary numSequencePoints="0" visitedSequencePoints="0" numBranchPoints="0" visitedBranchPoints="0" sequenceCoverage="0.0" branchCoverage="0" maxCyclomaticComplexity="0" minCyclomaticComplexity="0" maxCrapScore="0" minCrapScore="0" visitedClasses="0" numClasses="0" visitedMethods="0" numMethods="0" />
              <MetadataToken>100663366</MetadataToken>
              <Name>System.Boolean PlayTests.TestBattlefieldCanvas/&lt;SwitchToMagicPanel&gt;d__2::MoveNext()</Name>
              <FileRef uid="1" />
              <SequencePoints>
                <SequencePoint vc="0" uspid="2114" ordinal="0" offset="34" sl="51" sc="9" el="51" ec="9" bec="0" bev="0" fileid="1" />
                <SequencePoint vc="0" uspid="2115" ordinal="0" offset="35" sl="53" sc="13" el="53" ec="13" bec="0" bev="0" fileid="1" />
                <SequencePoint vc="0" uspid="2116" ordinal="0" offset="56" sl="54" sc="13" el="54" ec="13" bec="0" bev="0" fileid="1" />
                <SequencePoint vc="0" uspid="2117" ordinal="0" offset="72" sl="55" sc="13" el="55" ec="13" bec="0" bev="0" fileid="1" />
                <SequencePoint vc="0" uspid="2118" ordinal="0" offset="88" sl="56" sc="13" el="56" ec="13" bec="0" bev="0" fileid="1" />
                <SequencePoint vc="0" uspid="2119" ordinal="0" offset="104" sl="58" sc="13" el="58" ec="13" bec="0" bev="0" fileid="1" />
                <SequencePoint vc="0" uspid="2120" ordinal="0" offset="116" sl="61" sc="13" el="61" ec="13" bec="0" bev="0" fileid="1" />
                <SequencePoint vc="0" uspid="2121" ordinal="0" offset="133" sl="62" sc="13" el="62" ec="13" bec="0" bev="0" fileid="1" />
                <SequencePoint vc="0" uspid="2122" ordinal="0" offset="150" sl="63" sc="13" el="63" ec="13" bec="0" bev="0" fileid="1" />
                <SequencePoint vc="0" uspid="2123" ordinal="0" offset="167" sl="65" sc="13" el="65" ec="13" bec="0" bev="0" fileid="1" />
                <SequencePoint vc="0" uspid="2124" ordinal="0" offset="190" sl="66" sc="9" el="66" ec="9" bec="0" bev="0" fileid="1" />
              </SequencePoints>
              <BranchPoints />
            </Method>
          </Methods>
        </Class>
        <Class>
          <Summary numSequencePoints="0" visitedSequencePoints="0" numBranchPoints="0" visitedBranchPoints="0" sequenceCoverage="0" branchCoverage="0" maxCyclomaticComplexity="0" minCyclomaticComplexity="0" maxCrapScore="0" minCrapScore="0" visitedClasses="0" numClasses="0" visitedMethods="0" numMethods="0" />
          <FullName>PlayTests.TestBattlefieldCanvas/&lt;CancelAttackPanelFromPeasant&gt;d__3</FullName>
          <Methods>
            <Method visited="false" cyclomaticComplexity="0" nPathComplexity="0" sequenceCoverage="0.0" branchCoverage="0" crapScore="0" isConstructor="false" isStatic="false" isGetter="false" isSetter="false">
              <Summary numSequencePoints="0" visitedSequencePoints="0" numBranchPoints="0" visitedBranchPoints="0" sequenceCoverage="0.0" branchCoverage="0" maxCyclomaticComplexity="0" minCyclomaticComplexity="0" maxCrapScore="0" minCrapScore="0" visitedClasses="0" numClasses="0" visitedMethods="0" numMethods="0" />
              <MetadataToken>100663372</MetadataToken>
              <Name>System.Boolean PlayTests.TestBattlefieldCanvas/&lt;CancelAttackPanelFromPeasant&gt;d__3::MoveNext()</Name>
              <FileRef uid="1" />
              <SequencePoints>
                <SequencePoint vc="0" uspid="2125" ordinal="0" offset="34" sl="70" sc="9" el="70" ec="9" bec="0" bev="0" fileid="1" />
                <SequencePoint vc="0" uspid="2126" ordinal="0" offset="35" sl="72" sc="13" el="72" ec="13" bec="0" bev="0" fileid="1" />
                <SequencePoint vc="0" uspid="2127" ordinal="0" offset="56" sl="73" sc="13" el="73" ec="13" bec="0" bev="0" fileid="1" />
                <SequencePoint vc="0" uspid="2128" ordinal="0" offset="67" sl="74" sc="13" el="74" ec="13" bec="0" bev="0" fileid="1" />
                <SequencePoint vc="0" uspid="2129" ordinal="0" offset="79" sl="75" sc="13" el="75" ec="13" bec="0" bev="0" fileid="1" />
                <SequencePoint vc="0" uspid="2130" ordinal="0" offset="113" sl="76" sc="13" el="76" ec="13" bec="0" bev="0" fileid="1" />
                <SequencePoint vc="0" uspid="2131" ordinal="0" offset="125" sl="78" sc="13" el="78" ec="13" bec="0" bev="0" fileid="1" />
                <SequencePoint vc="0" uspid="2132" ordinal="0" offset="141" sl="79" sc="13" el="79" ec="13" bec="0" bev="0" fileid="1" />
                <SequencePoint vc="0" uspid="2133" ordinal="0" offset="157" sl="81" sc="13" el="81" ec="13" bec="0" bev="0" fileid="1" />
                <SequencePoint vc="0" uspid="2134" ordinal="0" offset="169" sl="84" sc="13" el="84" ec="13" bec="0" bev="0" fileid="1" />
                <SequencePoint vc="0" uspid="2135" ordinal="0" offset="186" sl="85" sc="13" el="85" ec="13" bec="0" bev="0" fileid="1" />
                <SequencePoint vc="0" uspid="2136" ordinal="0" offset="203" sl="87" sc="13" el="87" ec="13" bec="0" bev="0" fileid="1" />
                <SequencePoint vc="0" uspid="2137" ordinal="0" offset="226" sl="88" sc="9" el="88" ec="9" bec="0" bev="0" fileid="1" />
              </SequencePoints>
              <BranchPoints />
            </Method>
          </Methods>
        </Class>
        <Class>
          <Summary numSequencePoints="0" visitedSequencePoints="0" numBranchPoints="0" visitedBranchPoints="0" sequenceCoverage="0" branchCoverage="0" maxCyclomaticComplexity="0" minCyclomaticComplexity="0" maxCrapScore="0" minCrapScore="0" visitedClasses="0" numClasses="0" visitedMethods="0" numMethods="0" />
          <FullName>PlayTests.TestBattlefieldCanvas/&lt;CancelAttackPanelFromMagicUser&gt;d__4</FullName>
          <Methods>
            <Method visited="false" cyclomaticComplexity="0" nPathComplexity="0" sequenceCoverage="0.0" branchCoverage="0" crapScore="0" isConstructor="false" isStatic="false" isGetter="false" isSetter="false">
              <Summary numSequencePoints="0" visitedSequencePoints="0" numBranchPoints="0" visitedBranchPoints="0" sequenceCoverage="0.0" branchCoverage="0" maxCyclomaticComplexity="0" minCyclomaticComplexity="0" maxCrapScore="0" minCrapScore="0" visitedClasses="0" numClasses="0" visitedMethods="0" numMethods="0" />
              <MetadataToken>100663378</MetadataToken>
              <Name>System.Boolean PlayTests.TestBattlefieldCanvas/&lt;CancelAttackPanelFromMagicUser&gt;d__4::MoveNext()</Name>
              <FileRef uid="1" />
              <SequencePoints>
                <SequencePoint vc="0" uspid="2138" ordinal="0" offset="34" sl="92" sc="9" el="92" ec="9" bec="0" bev="0" fileid="1" />
                <SequencePoint vc="0" uspid="2139" ordinal="0" offset="35" sl="94" sc="13" el="94" ec="13" bec="0" bev="0" fileid="1" />
                <SequencePoint vc="0" uspid="2140" ordinal="0" offset="56" sl="95" sc="13" el="95" ec="13" bec="0" bev="0" fileid="1" />
                <SequencePoint vc="0" uspid="2141" ordinal="0" offset="67" sl="96" sc="13" el="96" ec="13" bec="0" bev="0" fileid="1" />
                <SequencePoint vc="0" uspid="2142" ordinal="0" offset="79" sl="97" sc="13" el="97" ec="13" bec="0" bev="0" fileid="1" />
                <SequencePoint vc="0" uspid="2143" ordinal="0" offset="113" sl="98" sc="13" el="98" ec="13" bec="0" bev="0" fileid="1" />
                <SequencePoint vc="0" uspid="2144" ordinal="0" offset="125" sl="100" sc="13" el="100" ec="13" bec="0" bev="0" fileid="1" />
                <SequencePoint vc="0" uspid="2145" ordinal="0" offset="141" sl="101" sc="13" el="101" ec="13" bec="0" bev="0" fileid="1" />
                <SequencePoint vc="0" uspid="2146" ordinal="0" offset="157" sl="103" sc="13" el="103" ec="13" bec="0" bev="0" fileid="1" />
                <SequencePoint vc="0" uspid="2147" ordinal="0" offset="169" sl="106" sc="13" el="106" ec="13" bec="0" bev="0" fileid="1" />
                <SequencePoint vc="0" uspid="2148" ordinal="0" offset="186" sl="107" sc="13" el="107" ec="13" bec="0" bev="0" fileid="1" />
                <SequencePoint vc="0" uspid="2149" ordinal="0" offset="203" sl="109" sc="13" el="109" ec="13" bec="0" bev="0" fileid="1" />
                <SequencePoint vc="0" uspid="2150" ordinal="0" offset="226" sl="110" sc="9" el="110" ec="9" bec="0" bev="0" fileid="1" />
              </SequencePoints>
              <BranchPoints />
            </Method>
          </Methods>
        </Class>
        <Class>
          <Summary numSequencePoints="0" visitedSequencePoints="0" numBranchPoints="0" visitedBranchPoints="0" sequenceCoverage="0" branchCoverage="0" maxCyclomaticComplexity="0" minCyclomaticComplexity="0" maxCrapScore="0" minCrapScore="0" visitedClasses="0" numClasses="0" visitedMethods="0" numMethods="0" />
          <FullName>PlayTests.TestBattlefieldCanvas/&lt;CancelActionPanel&gt;d__5</FullName>
          <Methods>
            <Method visited="false" cyclomaticComplexity="0" nPathComplexity="0" sequenceCoverage="0.0" branchCoverage="0" crapScore="0" isConstructor="false" isStatic="false" isGetter="false" isSetter="false">
              <Summary numSequencePoints="0" visitedSequencePoints="0" numBranchPoints="0" visitedBranchPoints="0" sequenceCoverage="0.0" branchCoverage="0" maxCyclomaticComplexity="0" minCyclomaticComplexity="0" maxCrapScore="0" minCrapScore="0" visitedClasses="0" numClasses="0" visitedMethods="0" numMethods="0" />
              <MetadataToken>100663384</MetadataToken>
              <Name>System.Boolean PlayTests.TestBattlefieldCanvas/&lt;CancelActionPanel&gt;d__5::MoveNext()</Name>
              <FileRef uid="1" />
              <SequencePoints>
                <SequencePoint vc="0" uspid="2151" ordinal="0" offset="34" sl="114" sc="9" el="114" ec="9" bec="0" bev="0" fileid="1" />
                <SequencePoint vc="0" uspid="2152" ordinal="0" offset="35" sl="116" sc="13" el="116" ec="13" bec="0" bev="0" fileid="1" />
                <SequencePoint vc="0" uspid="2153" ordinal="0" offset="56" sl="117" sc="13" el="117" ec="13" bec="0" bev="0" fileid="1" />
                <SequencePoint vc="0" uspid="2154" ordinal="0" offset="67" sl="118" sc="13" el="118" ec="13" bec="0" bev="0" fileid="1" />
                <SequencePoint vc="0" uspid="2155" ordinal="0" offset="79" sl="119" sc="13" el="119" ec="13" bec="0" bev="0" fileid="1" />
                <SequencePoint vc="0" uspid="2156" ordinal="0" offset="91" sl="120" sc="13" el="120" ec="13" bec="0" bev="0" fileid="1" />
                <SequencePoint vc="0" uspid="2157" ordinal="0" offset="103" sl="123" sc="13" el="123" ec="13" bec="0" bev="0" fileid="1" />
                <SequencePoint vc="0" uspid="2158" ordinal="0" offset="119" sl="124" sc="13" el="124" ec="13" bec="0" bev="0" fileid="1" />
                <SequencePoint vc="0" uspid="2159" ordinal="0" offset="135" sl="126" sc="13" el="126" ec="13" bec="0" bev="0" fileid="1" />
                <SequencePoint vc="0" uspid="2160" ordinal="0" offset="147" sl="130" sc="13" el="130" ec="13" bec="0" bev="0" fileid="1" />
                <SequencePoint vc="0" uspid="2161" ordinal="0" offset="164" sl="131" sc="13" el="131" ec="13" bec="0" bev="0" fileid="1" />
                <SequencePoint vc="0" uspid="2162" ordinal="0" offset="181" sl="133" sc="13" el="133" ec="13" bec="0" bev="0" fileid="1" />
                <SequencePoint vc="0" uspid="2163" ordinal="0" offset="204" sl="134" sc="9" el="134" ec="9" bec="0" bev="0" fileid="1" />
              </SequencePoints>
              <BranchPoints />
            </Method>
          </Methods>
        </Class>
        <Class>
          <Summary numSequencePoints="0" visitedSequencePoints="0" numBranchPoints="0" visitedBranchPoints="0" sequenceCoverage="0" branchCoverage="0" maxCyclomaticComplexity="0" minCyclomaticComplexity="0" maxCrapScore="0" minCrapScore="0" visitedClasses="0" numClasses="0" visitedMethods="0" numMethods="0" />
          <FullName>PlayTests.TestClient/&lt;TestNet_Propogate&gt;d__3</FullName>
          <Methods>
            <Method visited="false" cyclomaticComplexity="0" nPathComplexity="0" sequenceCoverage="0.0" branchCoverage="0" crapScore="0" isConstructor="false" isStatic="false" isGetter="false" isSetter="false">
              <Summary numSequencePoints="0" visitedSequencePoints="0" numBranchPoints="0" visitedBranchPoints="0" sequenceCoverage="0.0" branchCoverage="0" maxCyclomaticComplexity="0" minCyclomaticComplexity="0" maxCrapScore="0" minCrapScore="0" visitedClasses="0" numClasses="0" visitedMethods="0" numMethods="0" />
              <MetadataToken>100663390</MetadataToken>
              <Name>System.Boolean PlayTests.TestClient/&lt;TestNet_Propogate&gt;d__3::MoveNext()</Name>
              <FileRef uid="2" />
              <SequencePoints>
                <SequencePoint vc="0" uspid="2164" ordinal="0" offset="34" sl="49" sc="9" el="49" ec="9" bec="0" bev="0" fileid="2" />
                <SequencePoint vc="0" uspid="2165" ordinal="0" offset="35" sl="51" sc="13" el="51" ec="13" bec="0" bev="0" fileid="2" />
                <SequencePoint vc="0" uspid="2166" ordinal="0" offset="155" sl="66" sc="13" el="66" ec="13" bec="0" bev="0" fileid="2" />
                <SequencePoint vc="0" uspid="2167" ordinal="0" offset="171" sl="67" sc="13" el="67" ec="13" bec="0" bev="0" fileid="2" />
                <SequencePoint vc="0" uspid="2168" ordinal="0" offset="182" sl="68" sc="13" el="68" ec="13" bec="0" bev="0" fileid="2" />
                <SequencePoint vc="0" uspid="2169" ordinal="0" offset="199" sl="69" sc="13" el="69" ec="13" bec="0" bev="0" fileid="2" />
                <SequencePoint vc="0" uspid="2170" ordinal="0" offset="223" sl="72" sc="13" el="72" ec="13" bec="0" bev="0" fileid="2" />
                <SequencePoint vc="0" uspid="2171" ordinal="0" offset="244" sl="75" sc="13" el="75" ec="13" bec="0" bev="0" fileid="2" />
                <SequencePoint vc="0" uspid="2172" ordinal="0" offset="276" sl="76" sc="13" el="76" ec="13" bec="0" bev="0" fileid="2" />
                <SequencePoint vc="0" uspid="2173" ordinal="0" offset="299" sl="77" sc="9" el="77" ec="9" bec="0" bev="0" fileid="2" />
              </SequencePoints>
              <BranchPoints />
            </Method>
          </Methods>
        </Class>
        <Class>
          <Summary numSequencePoints="0" visitedSequencePoints="0" numBranchPoints="0" visitedBranchPoints="0" sequenceCoverage="0" branchCoverage="0" maxCyclomaticComplexity="0" minCyclomaticComplexity="0" maxCrapScore="0" minCrapScore="0" visitedClasses="0" numClasses="0" visitedMethods="0" numMethods="0" />
          <FullName>PlayTests.TestClient/&lt;TestNet_PropogateWithEnemy&gt;d__4</FullName>
          <Methods>
            <Method visited="false" cyclomaticComplexity="0" nPathComplexity="0" sequenceCoverage="0.0" branchCoverage="0" crapScore="0" isConstructor="false" isStatic="false" isGetter="false" isSetter="false">
              <Summary numSequencePoints="0" visitedSequencePoints="0" numBranchPoints="0" visitedBranchPoints="0" sequenceCoverage="0.0" branchCoverage="0" maxCyclomaticComplexity="0" minCyclomaticComplexity="0" maxCrapScore="0" minCrapScore="0" visitedClasses="0" numClasses="0" visitedMethods="0" numMethods="0" />
              <MetadataToken>100663396</MetadataToken>
              <Name>System.Boolean PlayTests.TestClient/&lt;TestNet_PropogateWithEnemy&gt;d__4::MoveNext()</Name>
              <FileRef uid="2" />
              <SequencePoints>
                <SequencePoint vc="0" uspid="2174" ordinal="0" offset="34" sl="81" sc="9" el="81" ec="9" bec="0" bev="0" fileid="2" />
                <SequencePoint vc="0" uspid="2175" ordinal="0" offset="35" sl="83" sc="13" el="83" ec="13" bec="0" bev="0" fileid="2" />
                <SequencePoint vc="0" uspid="2176" ordinal="0" offset="155" sl="98" sc="13" el="98" ec="13" bec="0" bev="0" fileid="2" />
                <SequencePoint vc="0" uspid="2177" ordinal="0" offset="171" sl="99" sc="13" el="99" ec="13" bec="0" bev="0" fileid="2" />
                <SequencePoint vc="0" uspid="2178" ordinal="0" offset="182" sl="100" sc="13" el="100" ec="13" bec="0" bev="0" fileid="2" />
                <SequencePoint vc="0" uspid="2179" ordinal="0" offset="199" sl="101" sc="13" el="101" ec="13" bec="0" bev="0" fileid="2" />
                <SequencePoint vc="0" uspid="2180" ordinal="0" offset="223" sl="104" sc="13" el="104" ec="13" bec="0" bev="0" fileid="2" />
                <SequencePoint vc="0" uspid="2181" ordinal="0" offset="244" sl="107" sc="13" el="107" ec="13" bec="0" bev="0" fileid="2" />
                <SequencePoint vc="0" uspid="2182" ordinal="0" offset="276" sl="108" sc="13" el="108" ec="13" bec="0" bev="0" fileid="2" />
                <SequencePoint vc="0" uspid="2183" ordinal="0" offset="299" sl="109" sc="9" el="109" ec="9" bec="0" bev="0" fileid="2" />
              </SequencePoints>
              <BranchPoints />
            </Method>
          </Methods>
        </Class>
        <Class>
          <Summary numSequencePoints="0" visitedSequencePoints="0" numBranchPoints="0" visitedBranchPoints="0" sequenceCoverage="0" branchCoverage="0" maxCyclomaticComplexity="0" minCyclomaticComplexity="0" maxCrapScore="0" minCrapScore="0" visitedClasses="0" numClasses="0" visitedMethods="0" numMethods="0" />
          <FullName>PlayTests.TestClient/&lt;TestMoveCharacter&gt;d__5</FullName>
          <Methods>
            <Method visited="false" cyclomaticComplexity="0" nPathComplexity="0" sequenceCoverage="0.0" branchCoverage="0" crapScore="0" isConstructor="false" isStatic="false" isGetter="false" isSetter="false">
              <Summary numSequencePoints="0" visitedSequencePoints="0" numBranchPoints="0" visitedBranchPoints="0" sequenceCoverage="0.0" branchCoverage="0" maxCyclomaticComplexity="0" minCyclomaticComplexity="0" maxCrapScore="0" minCrapScore="0" visitedClasses="0" numClasses="0" visitedMethods="0" numMethods="0" />
              <MetadataToken>100663402</MetadataToken>
              <Name>System.Boolean PlayTests.TestClient/&lt;TestMoveCharacter&gt;d__5::MoveNext()</Name>
              <FileRef uid="2" />
              <SequencePoints>
                <SequencePoint vc="0" uspid="2184" ordinal="0" offset="48" sl="113" sc="9" el="113" ec="9" bec="0" bev="0" fileid="2" />
                <SequencePoint vc="0" uspid="2185" ordinal="0" offset="49" sl="115" sc="13" el="115" ec="13" bec="0" bev="0" fileid="2" />
                <SequencePoint vc="0" uspid="2186" ordinal="0" offset="118" sl="118" sc="13" el="118" ec="13" bec="0" bev="0" fileid="2" />
                <SequencePoint vc="0" uspid="2187" ordinal="0" offset="161" sl="124" sc="13" el="124" ec="13" bec="0" bev="0" fileid="2" />
                <SequencePoint vc="0" uspid="2188" ordinal="0" offset="177" sl="125" sc="13" el="125" ec="13" bec="0" bev="0" fileid="2" />
                <SequencePoint vc="0" uspid="2189" ordinal="0" offset="188" sl="126" sc="13" el="126" ec="13" bec="0" bev="0" fileid="2" />
                <SequencePoint vc="0" uspid="2190" ordinal="0" offset="205" sl="127" sc="13" el="127" ec="13" bec="0" bev="0" fileid="2" />
                <SequencePoint vc="0" uspid="2191" ordinal="0" offset="229" sl="130" sc="13" el="130" ec="13" bec="0" bev="0" fileid="2" />
                <SequencePoint vc="0" uspid="2192" ordinal="0" offset="250" sl="131" sc="13" el="131" ec="13" bec="0" bev="0" fileid="2" />
                <SequencePoint vc="0" uspid="2193" ordinal="0" offset="282" sl="132" sc="13" el="132" ec="13" bec="0" bev="0" fileid="2" />
                <SequencePoint vc="0" uspid="2194" ordinal="0" offset="308" sl="133" sc="13" el="133" ec="13" bec="0" bev="0" fileid="2" />
                <SequencePoint vc="0" uspid="2195" ordinal="0" offset="330" sl="136" sc="13" el="136" ec="13" bec="0" bev="0" fileid="2" />
                <SequencePoint vc="0" uspid="2196" ordinal="0" offset="369" sl="137" sc="13" el="137" ec="13" bec="0" bev="0" fileid="2" />
                <SequencePoint vc="0" uspid="2197" ordinal="0" offset="408" sl="138" sc="13" el="138" ec="13" bec="0" bev="0" fileid="2" />
                <SequencePoint vc="0" uspid="2198" ordinal="0" offset="447" sl="140" sc="13" el="140" ec="13" bec="0" bev="0" fileid="2" />
                <SequencePoint vc="0" uspid="2199" ordinal="0" offset="470" sl="141" sc="9" el="141" ec="9" bec="0" bev="0" fileid="2" />
              </SequencePoints>
              <BranchPoints />
            </Method>
          </Methods>
        </Class>
        <Class>
          <Summary numSequencePoints="0" visitedSequencePoints="0" numBranchPoints="0" visitedBranchPoints="0" sequenceCoverage="0" branchCoverage="0" maxCyclomaticComplexity="0" minCyclomaticComplexity="0" maxCrapScore="0" minCrapScore="0" visitedClasses="0" numClasses="0" visitedMethods="0" numMethods="0" />
          <FullName>PlayTests.TestClient/&lt;TestNet_Attack&gt;d__6</FullName>
          <Methods>
            <Method visited="false" cyclomaticComplexity="0" nPathComplexity="0" sequenceCoverage="0.0" branchCoverage="0" crapScore="0" isConstructor="false" isStatic="false" isGetter="false" isSetter="false">
              <Summary numSequencePoints="0" visitedSequencePoints="0" numBranchPoints="0" visitedBranchPoints="0" sequenceCoverage="0.0" branchCoverage="0" maxCyclomaticComplexity="0" minCyclomaticComplexity="0" maxCrapScore="0" minCrapScore="0" visitedClasses="0" numClasses="0" visitedMethods="0" numMethods="0" />
              <MetadataToken>100663408</MetadataToken>
              <Name>System.Boolean PlayTests.TestClient/&lt;TestNet_Attack&gt;d__6::MoveNext()</Name>
              <FileRef uid="2" />
              <SequencePoints>
                <SequencePoint vc="0" uspid="2200" ordinal="0" offset="34" sl="145" sc="9" el="145" ec="9" bec="0" bev="0" fileid="2" />
                <SequencePoint vc="0" uspid="2201" ordinal="0" offset="35" sl="146" sc="13" el="146" ec="13" bec="0" bev="0" fileid="2" />
                <SequencePoint vc="0" uspid="2202" ordinal="0" offset="62" sl="147" sc="13" el="147" ec="13" bec="0" bev="0" fileid="2" />
                <SequencePoint vc="0" uspid="2203" ordinal="0" offset="140" sl="150" sc="13" el="150" ec="13" bec="0" bev="0" fileid="2" />
                <SequencePoint vc="0" uspid="2204" ordinal="0" offset="156" sl="151" sc="13" el="151" ec="13" bec="0" bev="0" fileid="2" />
                <SequencePoint vc="0" uspid="2205" ordinal="0" offset="167" sl="152" sc="13" el="152" ec="13" bec="0" bev="0" fileid="2" />
                <SequencePoint vc="0" uspid="2206" ordinal="0" offset="184" sl="153" sc="13" el="153" ec="13" bec="0" bev="0" fileid="2" />
                <SequencePoint vc="0" uspid="2207" ordinal="0" offset="208" sl="156" sc="13" el="156" ec="13" bec="0" bev="0" fileid="2" />
                <SequencePoint vc="0" uspid="2208" ordinal="0" offset="229" sl="159" sc="13" el="159" ec="13" bec="0" bev="0" fileid="2" />
                <SequencePoint vc="0" uspid="2209" ordinal="0" offset="268" sl="161" sc="13" el="161" ec="13" bec="0" bev="0" fileid="2" />
                <SequencePoint vc="0" uspid="2210" ordinal="0" offset="291" sl="162" sc="9" el="162" ec="9" bec="0" bev="0" fileid="2" />
              </SequencePoints>
              <BranchPoints />
            </Method>
          </Methods>
        </Class>
        <Class>
          <Summary numSequencePoints="0" visitedSequencePoints="0" numBranchPoints="0" visitedBranchPoints="0" sequenceCoverage="0" branchCoverage="0" maxCyclomaticComplexity="0" minCyclomaticComplexity="0" maxCrapScore="0" minCrapScore="0" visitedClasses="0" numClasses="0" visitedMethods="0" numMethods="0" />
          <FullName>PlayTests.TestClient/&lt;TestNet_Retreat&gt;d__7</FullName>
          <Methods>
            <Method visited="false" cyclomaticComplexity="0" nPathComplexity="0" sequenceCoverage="0.0" branchCoverage="0" crapScore="0" isConstructor="false" isStatic="false" isGetter="false" isSetter="false">
              <Summary numSequencePoints="0" visitedSequencePoints="0" numBranchPoints="0" visitedBranchPoints="0" sequenceCoverage="0.0" branchCoverage="0" maxCyclomaticComplexity="0" minCyclomaticComplexity="0" maxCrapScore="0" minCrapScore="0" visitedClasses="0" numClasses="0" visitedMethods="0" numMethods="0" />
              <MetadataToken>100663414</MetadataToken>
              <Name>System.Boolean PlayTests.TestClient/&lt;TestNet_Retreat&gt;d__7::MoveNext()</Name>
              <FileRef uid="2" />
              <SequencePoints>
                <SequencePoint vc="0" uspid="2211" ordinal="0" offset="34" sl="166" sc="9" el="166" ec="9" bec="0" bev="0" fileid="2" />
                <SequencePoint vc="0" uspid="2212" ordinal="0" offset="35" sl="167" sc="13" el="167" ec="13" bec="0" bev="0" fileid="2" />
                <SequencePoint vc="0" uspid="2213" ordinal="0" offset="62" sl="168" sc="13" el="168" ec="13" bec="0" bev="0" fileid="2" />
                <SequencePoint vc="0" uspid="2214" ordinal="0" offset="131" sl="172" sc="13" el="172" ec="13" bec="0" bev="0" fileid="2" />
                <SequencePoint vc="0" uspid="2215" ordinal="0" offset="200" sl="174" sc="13" el="174" ec="13" bec="0" bev="0" fileid="2" />
                <SequencePoint vc="0" uspid="2216" ordinal="0" offset="269" sl="177" sc="13" el="177" ec="13" bec="0" bev="0" fileid="2" />
                <SequencePoint vc="0" uspid="2217" ordinal="0" offset="285" sl="178" sc="13" el="178" ec="13" bec="0" bev="0" fileid="2" />
                <SequencePoint vc="0" uspid="2218" ordinal="0" offset="296" sl="179" sc="13" el="179" ec="13" bec="0" bev="0" fileid="2" />
                <SequencePoint vc="0" uspid="2219" ordinal="0" offset="313" sl="180" sc="13" el="180" ec="13" bec="0" bev="0" fileid="2" />
                <SequencePoint vc="0" uspid="2220" ordinal="0" offset="337" sl="183" sc="13" el="183" ec="13" bec="0" bev="0" fileid="2" />
                <SequencePoint vc="0" uspid="2221" ordinal="0" offset="358" sl="186" sc="13" el="186" ec="13" bec="0" bev="0" fileid="2" />
                <SequencePoint vc="0" uspid="2222" ordinal="0" offset="390" sl="188" sc="13" el="188" ec="13" bec="0" bev="0" fileid="2" />
                <SequencePoint vc="0" uspid="2223" ordinal="0" offset="413" sl="189" sc="9" el="189" ec="9" bec="0" bev="0" fileid="2" />
              </SequencePoints>
              <BranchPoints />
            </Method>
          </Methods>
        </Class>
        <Class>
          <Summary numSequencePoints="0" visitedSequencePoints="0" numBranchPoints="0" visitedBranchPoints="0" sequenceCoverage="0" branchCoverage="0" maxCyclomaticComplexity="0" minCyclomaticComplexity="0" maxCrapScore="0" minCrapScore="0" visitedClasses="0" numClasses="0" visitedMethods="0" numMethods="0" />
          <FullName>PlayTests.TestClient/&lt;TestNet_ChangeScene&gt;d__8</FullName>
          <Methods>
            <Method visited="false" cyclomaticComplexity="0" nPathComplexity="0" sequenceCoverage="0.0" branchCoverage="0" crapScore="0" isConstructor="false" isStatic="false" isGetter="false" isSetter="false">
              <Summary numSequencePoints="0" visitedSequencePoints="0" numBranchPoints="0" visitedBranchPoints="0" sequenceCoverage="0.0" branchCoverage="0" maxCyclomaticComplexity="0" minCyclomaticComplexity="0" maxCrapScore="0" minCrapScore="0" visitedClasses="0" numClasses="0" visitedMethods="0" numMethods="0" />
              <MetadataToken>100663420</MetadataToken>
              <Name>System.Boolean PlayTests.TestClient/&lt;TestNet_ChangeScene&gt;d__8::MoveNext()</Name>
              <FileRef uid="2" />
              <SequencePoints>
                <SequencePoint vc="0" uspid="2224" ordinal="0" offset="57" sl="193" sc="9" el="193" ec="9" bec="0" bev="0" fileid="2" />
                <SequencePoint vc="0" uspid="2225" ordinal="0" offset="58" sl="194" sc="13" el="194" ec="13" bec="0" bev="0" fileid="2" />
                <SequencePoint vc="0" uspid="2226" ordinal="0" offset="81" sl="195" sc="13" el="195" ec="13" bec="0" bev="0" fileid="2" />
                <SequencePoint vc="0" uspid="2227" ordinal="0" offset="97" sl="196" sc="13" el="196" ec="13" bec="0" bev="0" fileid="2" />
                <SequencePoint vc="0" uspid="2228" ordinal="0" offset="108" sl="197" sc="13" el="197" ec="13" bec="0" bev="0" fileid="2" />
                <SequencePoint vc="0" uspid="2229" ordinal="0" offset="125" sl="198" sc="13" el="198" ec="13" bec="0" bev="0" fileid="2" />
                <SequencePoint vc="0" uspid="2230" ordinal="0" offset="149" sl="201" sc="13" el="201" ec="13" bec="0" bev="0" fileid="2" />
                <SequencePoint vc="0" uspid="2231" ordinal="0" offset="170" sl="202" sc="13" el="202" ec="13" bec="0" bev="0" fileid="2" />
                <SequencePoint vc="0" uspid="2232" ordinal="0" offset="202" sl="204" sc="13" el="204" ec="13" bec="0" bev="0" fileid="2" />
                <SequencePoint vc="0" uspid="2233" ordinal="0" offset="213" sl="205" sc="13" el="205" ec="13" bec="0" bev="0" fileid="2" />
                <SequencePoint vc="0" uspid="2234" ordinal="0" offset="232" sl="207" sc="13" el="207" ec="13" bec="0" bev="0" fileid="2" />
                <SequencePoint vc="0" uspid="2235" ordinal="0" offset="250" sl="209" sc="13" el="209" ec="13" bec="0" bev="0" fileid="2" />
                <SequencePoint vc="0" uspid="2236" ordinal="0" offset="261" sl="210" sc="13" el="210" ec="13" bec="0" bev="0" fileid="2" />
                <SequencePoint vc="0" uspid="2237" ordinal="0" offset="293" sl="212" sc="13" el="212" ec="13" bec="0" bev="0" fileid="2" />
                <SequencePoint vc="0" uspid="2238" ordinal="0" offset="316" sl="213" sc="9" el="213" ec="9" bec="0" bev="0" fileid="2" />
              </SequencePoints>
              <BranchPoints />
            </Method>
          </Methods>
        </Class>
        <Class>
          <Summary numSequencePoints="0" visitedSequencePoints="0" numBranchPoints="0" visitedBranchPoints="0" sequenceCoverage="0" branchCoverage="0" maxCyclomaticComplexity="0" minCyclomaticComplexity="0" maxCrapScore="0" minCrapScore="0" visitedClasses="0" numClasses="0" visitedMethods="0" numMethods="0" />
          <FullName>PlayTests.TestMagic/&lt;TestMakeSuccessfulMagicAttack&gt;d__1</FullName>
          <Methods>
            <Method visited="false" cyclomaticComplexity="0" nPathComplexity="0" sequenceCoverage="0.0" branchCoverage="0" crapScore="0" isConstructor="false" isStatic="false" isGetter="false" isSetter="false">
              <Summary numSequencePoints="0" visitedSequencePoints="0" numBranchPoints="0" visitedBranchPoints="0" sequenceCoverage="0.0" branchCoverage="0" maxCyclomaticComplexity="0" minCyclomaticComplexity="0" maxCrapScore="0" minCrapScore="0" visitedClasses="0" numClasses="0" visitedMethods="0" numMethods="0" />
              <MetadataToken>100663426</MetadataToken>
              <Name>System.Boolean PlayTests.TestMagic/&lt;TestMakeSuccessfulMagicAttack&gt;d__1::MoveNext()</Name>
              <FileRef uid="3" />
              <SequencePoints>
                <SequencePoint vc="0" uspid="2239" ordinal="0" offset="34" sl="36" sc="9" el="36" ec="9" bec="0" bev="0" fileid="3" />
                <SequencePoint vc="0" uspid="2240" ordinal="0" offset="35" sl="38" sc="13" el="38" ec="13" bec="0" bev="0" fileid="3" />
                <SequencePoint vc="0" uspid="2241" ordinal="0" offset="51" sl="39" sc="13" el="39" ec="13" bec="0" bev="0" fileid="3" />
                <SequencePoint vc="0" uspid="2242" ordinal="0" offset="75" sl="40" sc="13" el="40" ec="13" bec="0" bev="0" fileid="3" />
                <SequencePoint vc="0" uspid="2243" ordinal="0" offset="98" sl="41" sc="13" el="41" ec="13" bec="0" bev="0" fileid="3" />
                <SequencePoint vc="0" uspid="2244" ordinal="0" offset="121" sl="42" sc="13" el="42" ec="13" bec="0" bev="0" fileid="3" />
                <SequencePoint vc="0" uspid="2245" ordinal="0" offset="148" sl="44" sc="13" el="44" ec="13" bec="0" bev="0" fileid="3" />
                <SequencePoint vc="0" uspid="2246" ordinal="0" offset="190" sl="48" sc="13" el="48" ec="13" bec="0" bev="0" fileid="3" />
                <SequencePoint vc="0" uspid="2247" ordinal="0" offset="206" sl="49" sc="13" el="49" ec="13" bec="0" bev="0" fileid="3" />
                <SequencePoint vc="0" uspid="2248" ordinal="0" offset="230" sl="50" sc="13" el="50" ec="13" bec="0" bev="0" fileid="3" />
                <SequencePoint vc="0" uspid="2249" ordinal="0" offset="253" sl="51" sc="13" el="51" ec="13" bec="0" bev="0" fileid="3" />
                <SequencePoint vc="0" uspid="2250" ordinal="0" offset="276" sl="52" sc="13" el="52" ec="13" bec="0" bev="0" fileid="3" />
                <SequencePoint vc="0" uspid="2251" ordinal="0" offset="299" sl="53" sc="13" el="53" ec="13" bec="0" bev="0" fileid="3" />
                <SequencePoint vc="0" uspid="2252" ordinal="0" offset="326" sl="55" sc="13" el="55" ec="13" bec="0" bev="0" fileid="3" />
                <SequencePoint vc="0" uspid="2253" ordinal="0" offset="368" sl="61" sc="13" el="61" ec="13" bec="0" bev="0" fileid="3" />
                <SequencePoint vc="0" uspid="2254" ordinal="0" offset="391" sl="66" sc="13" el="66" ec="13" bec="0" bev="0" fileid="3" />
                <SequencePoint vc="0" uspid="2255" ordinal="0" offset="420" sl="68" sc="13" el="68" ec="13" bec="0" bev="0" fileid="3" />
                <SequencePoint vc="0" uspid="2256" ordinal="0" offset="443" sl="69" sc="9" el="69" ec="9" bec="0" bev="0" fileid="3" />
              </SequencePoints>
              <BranchPoints />
            </Method>
          </Methods>
        </Class>
        <Class>
          <Summary numSequencePoints="0" visitedSequencePoints="0" numBranchPoints="0" visitedBranchPoints="0" sequenceCoverage="0" branchCoverage="0" maxCyclomaticComplexity="0" minCyclomaticComplexity="0" maxCrapScore="0" minCrapScore="0" visitedClasses="0" numClasses="0" visitedMethods="0" numMethods="0" />
          <FullName>PlayTests.TestMagic/&lt;TestFailMagicAttack&gt;d__2</FullName>
          <Methods>
            <Method visited="false" cyclomaticComplexity="0" nPathComplexity="0" sequenceCoverage="0.0" branchCoverage="0" crapScore="0" isConstructor="false" isStatic="false" isGetter="false" isSetter="false">
              <Summary numSequencePoints="0" visitedSequencePoints="0" numBranchPoints="0" visitedBranchPoints="0" sequenceCoverage="0.0" branchCoverage="0" maxCyclomaticComplexity="0" minCyclomaticComplexity="0" maxCrapScore="0" minCrapScore="0" visitedClasses="0" numClasses="0" visitedMethods="0" numMethods="0" />
              <MetadataToken>100663432</MetadataToken>
              <Name>System.Boolean PlayTests.TestMagic/&lt;TestFailMagicAttack&gt;d__2::MoveNext()</Name>
              <FileRef uid="3" />
              <SequencePoints>
                <SequencePoint vc="0" uspid="2257" ordinal="0" offset="34" sl="73" sc="9" el="73" ec="9" bec="0" bev="0" fileid="3" />
                <SequencePoint vc="0" uspid="2258" ordinal="0" offset="35" sl="75" sc="13" el="75" ec="13" bec="0" bev="0" fileid="3" />
                <SequencePoint vc="0" uspid="2259" ordinal="0" offset="51" sl="76" sc="13" el="76" ec="13" bec="0" bev="0" fileid="3" />
                <SequencePoint vc="0" uspid="2260" ordinal="0" offset="74" sl="77" sc="13" el="77" ec="13" bec="0" bev="0" fileid="3" />
                <SequencePoint vc="0" uspid="2261" ordinal="0" offset="97" sl="78" sc="13" el="78" ec="13" bec="0" bev="0" fileid="3" />
                <SequencePoint vc="0" uspid="2262" ordinal="0" offset="124" sl="80" sc="13" el="80" ec="13" bec="0" bev="0" fileid="3" />
                <SequencePoint vc="0" uspid="2263" ordinal="0" offset="166" sl="84" sc="13" el="84" ec="13" bec="0" bev="0" fileid="3" />
                <SequencePoint vc="0" uspid="2264" ordinal="0" offset="182" sl="85" sc="13" el="85" ec="13" bec="0" bev="0" fileid="3" />
                <SequencePoint vc="0" uspid="2265" ordinal="0" offset="206" sl="86" sc="13" el="86" ec="13" bec="0" bev="0" fileid="3" />
                <SequencePoint vc="0" uspid="2266" ordinal="0" offset="230" sl="87" sc="13" el="87" ec="13" bec="0" bev="0" fileid="3" />
                <SequencePoint vc="0" uspid="2267" ordinal="0" offset="253" sl="88" sc="13" el="88" ec="13" bec="0" bev="0" fileid="3" />
                <SequencePoint vc="0" uspid="2268" ordinal="0" offset="276" sl="89" sc="13" el="89" ec="13" bec="0" bev="0" fileid="3" />
                <SequencePoint vc="0" uspid="2269" ordinal="0" offset="303" sl="91" sc="13" el="91" ec="13" bec="0" bev="0" fileid="3" />
                <SequencePoint vc="0" uspid="2270" ordinal="0" offset="345" sl="97" sc="13" el="97" ec="13" bec="0" bev="0" fileid="3" />
                <SequencePoint vc="0" uspid="2271" ordinal="0" offset="368" sl="102" sc="13" el="102" ec="13" bec="0" bev="0" fileid="3" />
                <SequencePoint vc="0" uspid="2272" ordinal="0" offset="397" sl="104" sc="13" el="104" ec="13" bec="0" bev="0" fileid="3" />
                <SequencePoint vc="0" uspid="2273" ordinal="0" offset="420" sl="105" sc="9" el="105" ec="9" bec="0" bev="0" fileid="3" />
              </SequencePoints>
              <BranchPoints />
            </Method>
          </Methods>
        </Class>
        <Class>
          <Summary numSequencePoints="0" visitedSequencePoints="0" numBranchPoints="0" visitedBranchPoints="0" sequenceCoverage="0" branchCoverage="0" maxCyclomaticComplexity="0" minCyclomaticComplexity="0" maxCrapScore="0" minCrapScore="0" visitedClasses="0" numClasses="0" visitedMethods="0" numMethods="0" />
          <FullName>PlayTests.TestMagic/&lt;TestDeadlyMagicAttack&gt;d__3</FullName>
          <Methods>
            <Method visited="false" cyclomaticComplexity="0" nPathComplexity="0" sequenceCoverage="0.0" branchCoverage="0" crapScore="0" isConstructor="false" isStatic="false" isGetter="false" isSetter="false">
              <Summary numSequencePoints="0" visitedSequencePoints="0" numBranchPoints="0" visitedBranchPoints="0" sequenceCoverage="0.0" branchCoverage="0" maxCyclomaticComplexity="0" minCyclomaticComplexity="0" maxCrapScore="0" minCrapScore="0" visitedClasses="0" numClasses="0" visitedMethods="0" numMethods="0" />
              <MetadataToken>100663438</MetadataToken>
              <Name>System.Boolean PlayTests.TestMagic/&lt;TestDeadlyMagicAttack&gt;d__3::MoveNext()</Name>
              <FileRef uid="3" />
              <SequencePoints>
[...]
                <SequencePoint vc="0" uspid="3852" ordinal="0" offset="190" sl="124" sc="13" el="124" ec="13" bec="0" bev="0" fileid="28" />
                <SequencePoint vc="0" uspid="3853" ordinal="0" offset="191" sl="126" sc="9" el="126" ec="9" bec="0" bev="0" fileid="28" />
              </SequencePoints>
              <BranchPoints />
            </Method>
            <Method visited="false" cyclomaticComplexity="0" nPathComplexity="0" sequenceCoverage="0.0" branchCoverage="0" crapScore="0" isConstructor="true" isStatic="false" isGetter="false" isSetter="false">
              <Summary numSequencePoints="0" visitedSequencePoints="0" numBranchPoints="0" visitedBranchPoints="0" sequenceCoverage="0.0" branchCoverage="0" maxCyclomaticComplexity="0" minCyclomaticComplexity="0" maxCrapScore="0" minCrapScore="0" visitedClasses="0" numClasses="0" visitedMethods="0" numMethods="0" />
              <MetadataToken>100663620</MetadataToken>
              <Name>Scripts.Actions.PlayerMagic::PlayerMagic()</Name>
              <FileRef uid="28" />
              <SequencePoints>
                <SequencePoint vc="0" uspid="3854" ordinal="0" offset="0" sl="14" sc="9" el="14" ec="9" bec="0" bev="0" fileid="28" />
              </SequencePoints>
              <BranchPoints />
            </Method>
          </Methods>
        </Class>
        <Class>
          <Summary numSequencePoints="0" visitedSequencePoints="0" numBranchPoints="0" visitedBranchPoints="0" sequenceCoverage="0" branchCoverage="0" maxCyclomaticComplexity="0" minCyclomaticComplexity="0" maxCrapScore="0" minCrapScore="0" visitedClasses="0" numClasses="0" visitedMethods="0" numMethods="0" />
          <FullName>Scripts.Actions.PlayerMovement</FullName>
          <Methods>
            <Method visited="false" cyclomaticComplexity="0" nPathComplexity="0" sequenceCoverage="0.0" branchCoverage="0" crapScore="0" isConstructor="false" isStatic="false" isGetter="false" isSetter="true">
              <Summary numSequencePoints="0" visitedSequencePoints="0" numBranchPoints="0" visitedBranchPoints="0" sequenceCoverage="0.0" branchCoverage="0" maxCyclomaticComplexity="0" minCyclomaticComplexity="0" maxCrapScore="0" minCrapScore="0" visitedClasses="0" numClasses="0" visitedMethods="0" numMethods="0" />
              <MetadataToken>100663621</MetadataToken>
              <Name>System.Void Scripts.Actions.PlayerMovement::set_InputManager(Scripts.Controller.IInputManager)</Name>
              <FileRef uid="29" />
              <SequencePoints>
                <SequencePoint vc="0" uspid="3855" ordinal="0" offset="0" sl="20" sc="45" el="20" ec="45" bec="0" bev="0" fileid="29" />
              </SequencePoints>
              <BranchPoints />
            </Method>
            <Method visited="false" cyclomaticComplexity="0" nPathComplexity="0" sequenceCoverage="0.0" branchCoverage="0" crapScore="0" isConstructor="false" isStatic="false" isGetter="true" isSetter="false">
              <Summary numSequencePoints="0" visitedSequencePoints="0" numBranchPoints="0" visitedBranchPoints="0" sequenceCoverage="0.0" branchCoverage="0" maxCyclomaticComplexity="0" minCyclomaticComplexity="0" maxCrapScore="0" minCrapScore="0" visitedClasses="0" numClasses="0" visitedMethods="0" numMethods="0" />
              <MetadataToken>100663622</MetadataToken>
              <Name>Scripts.Controller.IInputManager Scripts.Actions.PlayerMovement::get_InputManager()</Name>
              <FileRef uid="29" />
              <SequencePoints>
                <SequencePoint vc="0" uspid="3856" ordinal="0" offset="0" sl="20" sc="50" el="20" ec="50" bec="0" bev="0" fileid="29" />
              </SequencePoints>
              <BranchPoints />
            </Method>
            <Method visited="false" cyclomaticComplexity="0" nPathComplexity="0" sequenceCoverage="0.0" branchCoverage="0" crapScore="0" isConstructor="false" isStatic="false" isGetter="false" isSetter="false">
              <Summary numSequencePoints="0" visitedSequencePoints="0" numBranchPoints="0" visitedBranchPoints="0" sequenceCoverage="0.0" branchCoverage="0" maxCyclomaticComplexity="0" minCyclomaticComplexity="0" maxCrapScore="0" minCrapScore="0" visitedClasses="0" numClasses="0" visitedMethods="0" numMethods="0" />
              <MetadataToken>100663623</MetadataToken>
              <Name>System.Void Scripts.Actions.PlayerMovement::Start()</Name>
              <FileRef uid="29" />
              <SequencePoints>
                <SequencePoint vc="0" uspid="3857" ordinal="0" offset="0" sl="23" sc="9" el="23" ec="9" bec="0" bev="0" fileid="29" />
                <SequencePoint vc="0" uspid="3858" ordinal="0" offset="1" sl="24" sc="13" el="24" ec="13" bec="0" bev="0" fileid="29" />
                <SequencePoint vc="0" uspid="3859" ordinal="0" offset="18" sl="25" sc="13" el="25" ec="13" bec="0" bev="0" fileid="29" />
                <SequencePoint vc="0" uspid="3860" ordinal="0" offset="31" sl="26" sc="17" el="26" ec="17" bec="0" bev="0" fileid="29" />
                <SequencePoint vc="0" uspid="3861" ordinal="0" offset="53" sl="27" sc="9" el="27" ec="9" bec="0" bev="0" fileid="29" />
              </SequencePoints>
              <BranchPoints />
            </Method>
            <Method visited="false" cyclomaticComplexity="0" nPathComplexity="0" sequenceCoverage="0.0" branchCoverage="0" crapScore="0" isConstructor="false" isStatic="false" isGetter="false" isSetter="false">
              <Summary numSequencePoints="0" visitedSequencePoints="0" numBranchPoints="0" visitedBranchPoints="0" sequenceCoverage="0.0" branchCoverage="0" maxCyclomaticComplexity="0" minCyclomaticComplexity="0" maxCrapScore="0" minCrapScore="0" visitedClasses="0" numClasses="0" visitedMethods="0" numMethods="0" />
              <MetadataToken>100663624</MetadataToken>
              <Name>System.Void Scripts.Actions.PlayerMovement::Update()</Name>
              <FileRef uid="29" />
              <SequencePoints>
                <SequencePoint vc="0" uspid="3862" ordinal="0" offset="0" sl="30" sc="9" el="30" ec="9" bec="0" bev="0" fileid="29" />
                <SequencePoint vc="0" uspid="3863" ordinal="0" offset="1" sl="31" sc="13" el="31" ec="13" bec="0" bev="0" fileid="29" />
                <SequencePoint vc="0" uspid="3864" ordinal="0" offset="11" sl="32" sc="13" el="32" ec="13" bec="0" bev="0" fileid="29" />
                <SequencePoint vc="0" uspid="3865" ordinal="0" offset="12" sl="33" sc="17" el="33" ec="17" bec="0" bev="0" fileid="29" />
                <SequencePoint vc="0" uspid="3866" ordinal="0" offset="19" sl="35" sc="17" el="35" ec="17" bec="0" bev="0" fileid="29" />
                <SequencePoint vc="0" uspid="3867" ordinal="0" offset="29" sl="36" sc="21" el="36" ec="21" bec="0" bev="0" fileid="29" />
                <SequencePoint vc="0" uspid="3868" ordinal="0" offset="36" sl="37" sc="13" el="37" ec="13" bec="0" bev="0" fileid="29" />
                <SequencePoint vc="0" uspid="3869" ordinal="0" offset="37" sl="38" sc="9" el="38" ec="9" bec="0" bev="0" fileid="29" />
              </SequencePoints>
              <BranchPoints />
            </Method>
            <Method visited="false" cyclomaticComplexity="0" nPathComplexity="0" sequenceCoverage="0.0" branchCoverage="0" crapScore="0" isConstructor="false" isStatic="false" isGetter="false" isSetter="false">
              <Summary numSequencePoints="0" visitedSequencePoints="0" numBranchPoints="0" visitedBranchPoints="0" sequenceCoverage="0.0" branchCoverage="0" maxCyclomaticComplexity="0" minCyclomaticComplexity="0" maxCrapScore="0" minCrapScore="0" visitedClasses="0" numClasses="0" visitedMethods="0" numMethods="0" />
              <MetadataToken>100663625</MetadataToken>
              <Name>System.Void Scripts.Actions.PlayerMovement::MoveSelector()</Name>
              <FileRef uid="29" />
              <SequencePoints>
                <SequencePoint vc="0" uspid="3870" ordinal="0" offset="0" sl="42" sc="9" el="42" ec="9" bec="0" bev="0" fileid="29" />
                <SequencePoint vc="0" uspid="3871" ordinal="0" offset="1" sl="43" sc="13" el="43" ec="13" bec="0" bev="0" fileid="29" />
                <SequencePoint vc="0" uspid="3872" ordinal="0" offset="23" sl="45" sc="13" el="45" ec="13" bec="0" bev="0" fileid="29" />
                <SequencePoint vc="0" uspid="3873" ordinal="0" offset="56" sl="46" sc="13" el="46" ec="13" bec="0" bev="0" fileid="29" />
                <SequencePoint vc="0" uspid="3874" ordinal="0" offset="57" sl="47" sc="17" el="47" ec="17" bec="0" bev="0" fileid="29" />
                <SequencePoint vc="0" uspid="3875" ordinal="0" offset="103" sl="48" sc="17" el="48" ec="17" bec="0" bev="0" fileid="29" />
                <SequencePoint vc="0" uspid="3876" ordinal="0" offset="104" sl="49" sc="21" el="49" ec="21" bec="0" bev="0" fileid="29" />
                <SequencePoint vc="0" uspid="3877" ordinal="0" offset="128" sl="50" sc="21" el="50" ec="21" bec="0" bev="0" fileid="29" />
                <SequencePoint vc="0" uspid="3878" ordinal="0" offset="141" sl="51" sc="17" el="51" ec="17" bec="0" bev="0" fileid="29" />
                <SequencePoint vc="0" uspid="3879" ordinal="0" offset="142" sl="52" sc="13" el="52" ec="13" bec="0" bev="0" fileid="29" />
                <SequencePoint vc="0" uspid="3880" ordinal="0" offset="143" sl="53" sc="9" el="53" ec="9" bec="0" bev="0" fileid="29" />
              </SequencePoints>
              <BranchPoints />
            </Method>
            <Method visited="false" cyclomaticComplexity="0" nPathComplexity="0" sequenceCoverage="0.0" branchCoverage="0" crapScore="0" isConstructor="false" isStatic="false" isGetter="false" isSetter="false">
              <Summary numSequencePoints="0" visitedSequencePoints="0" numBranchPoints="0" visitedBranchPoints="0" sequenceCoverage="0.0" branchCoverage="0" maxCyclomaticComplexity="0" minCyclomaticComplexity="0" maxCrapScore="0" minCrapScore="0" visitedClasses="0" numClasses="0" visitedMethods="0" numMethods="0" />
              <MetadataToken>100663626</MetadataToken>
              <Name>System.Boolean Scripts.Actions.PlayerMovement::InputDetected()</Name>
              <FileRef uid="29" />
              <SequencePoints>
                <SequencePoint vc="0" uspid="3881" ordinal="0" offset="0" sl="57" sc="40" el="57" ec="40" bec="0" bev="0" fileid="29" />
              </SequencePoints>
              <BranchPoints />
            </Method>
            <Method visited="false" cyclomaticComplexity="0" nPathComplexity="0" sequenceCoverage="0.0" branchCoverage="0" crapScore="0" isConstructor="false" isStatic="false" isGetter="false" isSetter="false">
              <Summary numSequencePoints="0" visitedSequencePoints="0" numBranchPoints="0" visitedBranchPoints="0" sequenceCoverage="0.0" branchCoverage="0" maxCyclomaticComplexity="0" minCyclomaticComplexity="0" maxCrapScore="0" minCrapScore="0" visitedClasses="0" numClasses="0" visitedMethods="0" numMethods="0" />
              <MetadataToken>100663627</MetadataToken>
              <Name>System.Void Scripts.Actions.PlayerMovement::FinishMovementAndReturn()</Name>
              <FileRef uid="29" />
              <SequencePoints>
                <SequencePoint vc="0" uspid="3882" ordinal="0" offset="0" sl="64" sc="9" el="64" ec="9" bec="0" bev="0" fileid="29" />
                <SequencePoint vc="0" uspid="3883" ordinal="0" offset="1" sl="65" sc="13" el="65" ec="13" bec="0" bev="0" fileid="29" />
                <SequencePoint vc="0" uspid="3884" ordinal="0" offset="8" sl="66" sc="13" el="66" ec="13" bec="0" bev="0" fileid="29" />
                <SequencePoint vc="0" uspid="3885" ordinal="0" offset="15" sl="67" sc="13" el="67" ec="13" bec="0" bev="0" fileid="29" />
                <SequencePoint vc="0" uspid="3886" ordinal="0" offset="26" sl="68" sc="13" el="68" ec="13" bec="0" bev="0" fileid="29" />
                <SequencePoint vc="0" uspid="3887" ordinal="0" offset="38" sl="69" sc="13" el="69" ec="13" bec="0" bev="0" fileid="29" />
                <SequencePoint vc="0" uspid="3888" ordinal="0" offset="51" sl="70" sc="13" el="70" ec="13" bec="0" bev="0" fileid="29" />
                <SequencePoint vc="0" uspid="3889" ordinal="0" offset="64" sl="71" sc="13" el="71" ec="13" bec="0" bev="0" fileid="29" />
                <SequencePoint vc="0" uspid="3890" ordinal="0" offset="120" sl="75" sc="9" el="75" ec="9" bec="0" bev="0" fileid="29" />
              </SequencePoints>
              <BranchPoints />
            </Method>
            <Method visited="false" cyclomaticComplexity="0" nPathComplexity="0" sequenceCoverage="0.0" branchCoverage="0" crapScore="0" isConstructor="false" isStatic="false" isGetter="false" isSetter="false">
              <Summary numSequencePoints="0" visitedSequencePoints="0" numBranchPoints="0" visitedBranchPoints="0" sequenceCoverage="0.0" branchCoverage="0" maxCyclomaticComplexity="0" minCyclomaticComplexity="0" maxCrapScore="0" minCrapScore="0" visitedClasses="0" numClasses="0" visitedMethods="0" numMethods="0" />
              <MetadataToken>100663628</MetadataToken>
              <Name>System.Void Scripts.Actions.PlayerMovement::Move(UnityEngine.Vector3)</Name>
              <FileRef uid="29" />
              <SequencePoints>
                <SequencePoint vc="0" uspid="3891" ordinal="0" offset="0" sl="80" sc="9" el="80" ec="9" bec="0" bev="0" fileid="29" />
                <SequencePoint vc="0" uspid="3892" ordinal="0" offset="1" sl="81" sc="13" el="81" ec="13" bec="0" bev="0" fileid="29" />
                <SequencePoint vc="0" uspid="3893" ordinal="0" offset="29" sl="82" sc="13" el="82" ec="13" bec="0" bev="0" fileid="29" />
                <SequencePoint vc="0" uspid="3894" ordinal="0" offset="30" sl="83" sc="17" el="83" ec="17" bec="0" bev="0" fileid="29" />
                <SequencePoint vc="0" uspid="3895" ordinal="0" offset="49" sl="84" sc="17" el="84" ec="17" bec="0" bev="0" fileid="29" />
                <SequencePoint vc="0" uspid="3896" ordinal="0" offset="68" sl="85" sc="13" el="85" ec="13" bec="0" bev="0" fileid="29" />
                <SequencePoint vc="0" uspid="3897" ordinal="0" offset="69" sl="86" sc="13" el="86" ec="13" bec="0" bev="0" fileid="29" />
                <SequencePoint vc="0" uspid="3898" ordinal="0" offset="81" sl="87" sc="13" el="87" ec="13" bec="0" bev="0" fileid="29" />
                <SequencePoint vc="0" uspid="3899" ordinal="0" offset="94" sl="88" sc="13" el="88" ec="13" bec="0" bev="0" fileid="29" />
                <SequencePoint vc="0" uspid="3900" ordinal="0" offset="106" sl="89" sc="9" el="89" ec="9" bec="0" bev="0" fileid="29" />
              </SequencePoints>
              <BranchPoints />
            </Method>
            <Method visited="false" cyclomaticComplexity="0" nPathComplexity="0" sequenceCoverage="0.0" branchCoverage="0" crapScore="0" isConstructor="false" isStatic="false" isGetter="false" isSetter="false">
              <Summary numSequencePoints="0" visitedSequencePoints="0" numBranchPoints="0" visitedBranchPoints="0" sequenceCoverage="0.0" branchCoverage="0" maxCyclomaticComplexity="0" minCyclomaticComplexity="0" maxCrapScore="0" minCrapScore="0" visitedClasses="0" numClasses="0" visitedMethods="0" numMethods="0" />
              <MetadataToken>100663629</MetadataToken>
              <Name>System.Void Scripts.Actions.PlayerMovement::ActivateMovement()</Name>
              <FileRef uid="29" />
              <SequencePoints>
                <SequencePoint vc="0" uspid="3901" ordinal="0" offset="0" sl="96" sc="9" el="96" ec="9" bec="0" bev="0" fileid="29" />
                <SequencePoint vc="0" uspid="3902" ordinal="0" offset="1" sl="97" sc="13" el="97" ec="13" bec="0" bev="0" fileid="29" />
                <SequencePoint vc="0" uspid="3903" ordinal="0" offset="8" sl="98" sc="13" el="98" ec="13" bec="0" bev="0" fileid="29" />
                <SequencePoint vc="0" uspid="3904" ordinal="0" offset="15" sl="99" sc="13" el="99" ec="13" bec="0" bev="0" fileid="29" />
                <SequencePoint vc="0" uspid="3905" ordinal="0" offset="41" sl="100" sc="13" el="100" ec="13" bec="0" bev="0" fileid="29" />
                <SequencePoint vc="0" uspid="3906" ordinal="0" offset="58" sl="101" sc="13" el="101" ec="13" bec="0" bev="0" fileid="29" />
                <SequencePoint vc="0" uspid="3907" ordinal="0" offset="81" sl="103" sc="9" el="103" ec="9" bec="0" bev="0" fileid="29" />
              </SequencePoints>
              <BranchPoints />
            </Method>
          </Methods>
        </Class>
        <Class>
          <Summary numSequencePoints="0" visitedSequencePoints="0" numBranchPoints="0" visitedBranchPoints="0" sequenceCoverage="0" branchCoverage="0" maxCyclomaticComplexity="0" minCyclomaticComplexity="0" maxCrapScore="0" minCrapScore="0" visitedClasses="0" numClasses="0" visitedMethods="0" numMethods="0" />
          <FullName>Scripts.Menus.MainMenuButtons/&lt;&gt;c</FullName>
          <Methods>
            <Method visited="false" cyclomaticComplexity="0" nPathComplexity="0" sequenceCoverage="0.0" branchCoverage="0" crapScore="0" isConstructor="false" isStatic="false" isGetter="false" isSetter="false">
              <Summary numSequencePoints="0" visitedSequencePoints="0" numBranchPoints="0" visitedBranchPoints="0" sequenceCoverage="0.0" branchCoverage="0" maxCyclomaticComplexity="0" minCyclomaticComplexity="0" maxCrapScore="0" minCrapScore="0" visitedClasses="0" numClasses="0" visitedMethods="0" numMethods="0" />
              <MetadataToken>100663633</MetadataToken>
              <Name>System.Void Scripts.Menus.MainMenuButtons/&lt;&gt;c::&lt;Start&gt;b__18_0()</Name>
              <FileRef uid="14" />
              <SequencePoints>
                <SequencePoint vc="0" uspid="3908" ordinal="0" offset="0" sl="21" sc="0" el="21" ec="0" bec="0" bev="0" fileid="14" />
              </SequencePoints>
              <BranchPoints />
            </Method>
            <Method visited="false" cyclomaticComplexity="0" nPathComplexity="0" sequenceCoverage="0.0" branchCoverage="0" crapScore="0" isConstructor="false" isStatic="false" isGetter="false" isSetter="false">
              <Summary numSequencePoints="0" visitedSequencePoints="0" numBranchPoints="0" visitedBranchPoints="0" sequenceCoverage="0.0" branchCoverage="0" maxCyclomaticComplexity="0" minCyclomaticComplexity="0" maxCrapScore="0" minCrapScore="0" visitedClasses="0" numClasses="0" visitedMethods="0" numMethods="0" />
              <MetadataToken>100663634</MetadataToken>
              <Name>System.Void Scripts.Menus.MainMenuButtons/&lt;&gt;c::&lt;Start&gt;b__18_1()</Name>
              <FileRef uid="14" />
              <SequencePoints>
                <SequencePoint vc="0" uspid="3909" ordinal="0" offset="0" sl="22" sc="0" el="22" ec="0" bec="0" bev="0" fileid="14" />
              </SequencePoints>
              <BranchPoints />
            </Method>
            <Method visited="false" cyclomaticComplexity="0" nPathComplexity="0" sequenceCoverage="0.0" branchCoverage="0" crapScore="0" isConstructor="false" isStatic="false" isGetter="false" isSetter="false">
              <Summary numSequencePoints="0" visitedSequencePoints="0" numBranchPoints="0" visitedBranchPoints="0" sequenceCoverage="0.0" branchCoverage="0" maxCyclomaticComplexity="0" minCyclomaticComplexity="0" maxCrapScore="0" minCrapScore="0" visitedClasses="0" numClasses="0" visitedMethods="0" numMethods="0" />
              <MetadataToken>100663635</MetadataToken>
              <Name>System.Void Scripts.Menus.MainMenuButtons/&lt;&gt;c::&lt;Start&gt;b__18_2()</Name>
              <FileRef uid="14" />
              <SequencePoints>
                <SequencePoint vc="0" uspid="3910" ordinal="0" offset="0" sl="23" sc="0" el="23" ec="0" bec="0" bev="0" fileid="14" />
              </SequencePoints>
              <BranchPoints />
            </Method>
          </Methods>
        </Class>
      </Classes>
    </Module>
  </Modules>
</CoverageSession>