<?xml version="1.0" encoding="utf-8"?>
<CoverageSession xmlns:xsd="http://www.w3.org/2001/XMLSchema" xmlns:xsi="http://www.w3.org/2001/XMLSchema-instance" Version="0.0.0.0">
  <Summary numSequencePoints="0" visitedSequencePoints="0" numBranchPoints="0" visitedBranchPoints="0" sequenceCoverage="0" branchCoverage="0" maxCyclomaticComplexity="0" minCyclomaticComplexity="0" maxCrapScore="0" minCrapScore="0" visitedClasses="0" numClasses="0" visitedMethods="0" numMethods="0" />
  <Modules>
    <Module>
      <Summary numSequencePoints="0" visitedSequencePoints="0" numBranchPoints="0" visitedBranchPoints="0" sequenceCoverage="0" branchCoverage="0" maxCyclomaticComplexity="0" minCyclomaticComplexity="0" maxCrapScore="0" minCrapScore="0" visitedClasses="0" numClasses="0" visitedMethods="0" numMethods="0" />
      <ModuleTime>0001-01-01T00:00:00</ModuleTime>
      <ModuleName>Scriptsdef</ModuleName>
      <Files>
        <File uid="1" fullPath="C:\Users\Gavin Lochtefeld\Documents\GitHub\fear_valley_client\fear_client\Assets\Scripts\Networking\Client.cs" />
        <File uid="2" fullPath="C:\Users\Gavin Lochtefeld\Documents\GitHub\fear_valley_client\fear_client\Assets\Scripts\Networking\MonoClient.cs" />
        <File uid="3" fullPath="C:\Users\Gavin Lochtefeld\Documents\GitHub\fear_valley_client\fear_client\Assets\Scripts\Networking\ServerPreferences.cs" />
        <File uid="4" fullPath="C:\Users\Gavin Lochtefeld\Documents\GitHub\fear_valley_client\fear_client\Assets\Scripts\Menus\MainMenuButtons.cs" />
        <File uid="5" fullPath="C:\Users\Gavin Lochtefeld\Documents\GitHub\fear_valley_client\fear_client\Assets\Scripts\Menus\VolumeControl.cs" />
        <File uid="6" fullPath="C:\Users\Gavin Lochtefeld\Documents\GitHub\fear_valley_client\fear_client\Assets\Scripts\Controller\BattleUIControl.cs" />
        <File uid="7" fullPath="C:\Users\Gavin Lochtefeld\Documents\GitHub\fear_valley_client\fear_client\Assets\Scripts\Controller\GameLoop.cs" />
        <File uid="8" fullPath="C:\Users\Gavin Lochtefeld\Documents\GitHub\fear_valley_client\fear_client\Assets\Scripts\Controller\InputManager.cs" />
        <File uid="9" fullPath="C:\Users\Gavin Lochtefeld\Documents\GitHub\fear_valley_client\fear_client\Assets\Scripts\Controller\PlayerSpotlight.cs" />
        <File uid="10" fullPath="C:\Users\Gavin Lochtefeld\Documents\GitHub\fear_valley_client\fear_client\Assets\Scripts\Controller\PopulateCharacter.cs" />
        <File uid="11" fullPath="C:\Users\Gavin Lochtefeld\Documents\GitHub\fear_valley_client\fear_client\Assets\Scripts\CharacterClass\Character.cs" />
        <File uid="12" fullPath="C:\Users\Gavin Lochtefeld\Documents\GitHub\fear_valley_client\fear_client\Assets\Scripts\CharacterClass\CharacterFeatures.cs" />
        <File uid="13" fullPath="C:\Users\Gavin Lochtefeld\Documents\GitHub\fear_valley_client\fear_client\Assets\Scripts\CharacterClass\RandomNumberGenerator.cs" />
        <File uid="14" fullPath="C:\Users\Gavin Lochtefeld\Documents\GitHub\fear_valley_client\fear_client\Assets\Scripts\ArmyBuilder\FeaturesHolder.cs" />
        <File uid="15" fullPath="C:\Users\Gavin Lochtefeld\Documents\GitHub\fear_valley_client\fear_client\Assets\Scripts\ArmyBuilder\PopulateGrid.cs" />
        <File uid="16" fullPath="C:\Users\Gavin Lochtefeld\Documents\GitHub\fear_valley_client\fear_client\Assets\Scripts\Actions\BlowUpEnemies.cs" />
        <File uid="17" fullPath="C:\Users\Gavin Lochtefeld\Documents\GitHub\fear_valley_client\fear_client\Assets\Scripts\Actions\PlayerAttack.cs" />
        <File uid="18" fullPath="C:\Users\Gavin Lochtefeld\Documents\GitHub\fear_valley_client\fear_client\Assets\Scripts\Actions\PlayerMagic.cs" />
        <File uid="19" fullPath="C:\Users\Gavin Lochtefeld\Documents\GitHub\fear_valley_client\fear_client\Assets\Scripts\Actions\PlayerMovement.cs" />
      </Files>
      <Classes>
        <Class>
          <Summary numSequencePoints="0" visitedSequencePoints="0" numBranchPoints="0" visitedBranchPoints="0" sequenceCoverage="0" branchCoverage="0" maxCyclomaticComplexity="0" minCyclomaticComplexity="0" maxCrapScore="0" minCrapScore="0" visitedClasses="0" numClasses="0" visitedMethods="0" numMethods="0" />
          <FullName>Scripts.Networking.Client</FullName>
          <Methods>
            <Method visited="true" cyclomaticComplexity="0" nPathComplexity="0" sequenceCoverage="100.0" branchCoverage="0" crapScore="0" isConstructor="false" isStatic="false" isGetter="false" isSetter="true">
              <Summary numSequencePoints="0" visitedSequencePoints="0" numBranchPoints="0" visitedBranchPoints="0" sequenceCoverage="100.0" branchCoverage="0" maxCyclomaticComplexity="0" minCyclomaticComplexity="0" maxCrapScore="0" minCrapScore="0" visitedClasses="0" numClasses="0" visitedMethods="0" numMethods="0" />
              <MetadataToken>100663297</MetadataToken>
              <Name>System.Void Scripts.Networking.Client::set_MAX_USER(System.Int32)</Name>
              <FileRef uid="1" />
              <SequencePoints>
                <SequencePoint vc="16" uspid="1" ordinal="0" offset="0" sl="25" sc="31" el="25" ec="31" bec="0" bev="0" fileid="1" />
              </SequencePoints>
              <BranchPoints />
            </Method>
            <Method visited="true" cyclomaticComplexity="0" nPathComplexity="0" sequenceCoverage="100.0" branchCoverage="0" crapScore="0" isConstructor="false" isStatic="false" isGetter="true" isSetter="false">
              <Summary numSequencePoints="0" visitedSequencePoints="0" numBranchPoints="0" visitedBranchPoints="0" sequenceCoverage="100.0" branchCoverage="0" maxCyclomaticComplexity="0" minCyclomaticComplexity="0" maxCrapScore="0" minCrapScore="0" visitedClasses="0" numClasses="0" visitedMethods="0" numMethods="0" />
              <MetadataToken>100663298</MetadataToken>
              <Name>System.Int32 Scripts.Networking.Client::get_MAX_USER()</Name>
              <FileRef uid="1" />
              <SequencePoints>
                <SequencePoint vc="16" uspid="2" ordinal="0" offset="0" sl="25" sc="36" el="25" ec="36" bec="0" bev="0" fileid="1" />
              </SequencePoints>
              <BranchPoints />
            </Method>
            <Method visited="true" cyclomaticComplexity="0" nPathComplexity="0" sequenceCoverage="100.0" branchCoverage="0" crapScore="0" isConstructor="false" isStatic="false" isGetter="false" isSetter="true">
              <Summary numSequencePoints="0" visitedSequencePoints="0" numBranchPoints="0" visitedBranchPoints="0" sequenceCoverage="100.0" branchCoverage="0" maxCyclomaticComplexity="0" minCyclomaticComplexity="0" maxCrapScore="0" minCrapScore="0" visitedClasses="0" numClasses="0" visitedMethods="0" numMethods="0" />
              <MetadataToken>100663299</MetadataToken>
              <Name>System.Void Scripts.Networking.Client::set_SERVER_IP(System.String)</Name>
              <FileRef uid="1" />
              <SequencePoints>
                <SequencePoint vc="16" uspid="3" ordinal="0" offset="0" sl="27" sc="35" el="27" ec="35" bec="0" bev="0" fileid="1" />
              </SequencePoints>
              <BranchPoints />
            </Method>
            <Method visited="true" cyclomaticComplexity="0" nPathComplexity="0" sequenceCoverage="100.0" branchCoverage="0" crapScore="0" isConstructor="false" isStatic="false" isGetter="true" isSetter="false">
              <Summary numSequencePoints="0" visitedSequencePoints="0" numBranchPoints="0" visitedBranchPoints="0" sequenceCoverage="100.0" branchCoverage="0" maxCyclomaticComplexity="0" minCyclomaticComplexity="0" maxCrapScore="0" minCrapScore="0" visitedClasses="0" numClasses="0" visitedMethods="0" numMethods="0" />
              <MetadataToken>100663300</MetadataToken>
              <Name>System.String Scripts.Networking.Client::get_SERVER_IP()</Name>
              <FileRef uid="1" />
              <SequencePoints>
                <SequencePoint vc="48" uspid="4" ordinal="0" offset="0" sl="27" sc="40" el="27" ec="40" bec="0" bev="0" fileid="1" />
              </SequencePoints>
              <BranchPoints />
            </Method>
            <Method visited="true" cyclomaticComplexity="0" nPathComplexity="0" sequenceCoverage="100.0" branchCoverage="0" crapScore="0" isConstructor="false" isStatic="false" isGetter="false" isSetter="true">
              <Summary numSequencePoints="0" visitedSequencePoints="0" numBranchPoints="0" visitedBranchPoints="0" sequenceCoverage="100.0" branchCoverage="0" maxCyclomaticComplexity="0" minCyclomaticComplexity="0" maxCrapScore="0" minCrapScore="0" visitedClasses="0" numClasses="0" visitedMethods="0" numMethods="0" />
              <MetadataToken>100663301</MetadataToken>
              <Name>System.Void Scripts.Networking.Client::set_ReliableChannel(System.Byte)</Name>
              <FileRef uid="1" />
              <SequencePoints>
                <SequencePoint vc="16" uspid="5" ordinal="0" offset="0" sl="29" sc="39" el="29" ec="39" bec="0" bev="0" fileid="1" />
              </SequencePoints>
              <BranchPoints />
            </Method>
            <Method visited="false" cyclomaticComplexity="0" nPathComplexity="0" sequenceCoverage="0.0" branchCoverage="0" crapScore="0" isConstructor="false" isStatic="false" isGetter="true" isSetter="false">
              <Summary numSequencePoints="0" visitedSequencePoints="0" numBranchPoints="0" visitedBranchPoints="0" sequenceCoverage="0.0" branchCoverage="0" maxCyclomaticComplexity="0" minCyclomaticComplexity="0" maxCrapScore="0" minCrapScore="0" visitedClasses="0" numClasses="0" visitedMethods="0" numMethods="0" />
              <MetadataToken>100663302</MetadataToken>
              <Name>System.Byte Scripts.Networking.Client::get_ReliableChannel()</Name>
              <FileRef uid="1" />
              <SequencePoints>
                <SequencePoint vc="0" uspid="6" ordinal="0" offset="0" sl="29" sc="0" el="29" ec="0" bec="0" bev="0" fileid="1" />
              </SequencePoints>
              <BranchPoints />
            </Method>
            <Method visited="true" cyclomaticComplexity="0" nPathComplexity="0" sequenceCoverage="100.0" branchCoverage="0" crapScore="0" isConstructor="false" isStatic="false" isGetter="false" isSetter="true">
              <Summary numSequencePoints="0" visitedSequencePoints="0" numBranchPoints="0" visitedBranchPoints="0" sequenceCoverage="100.0" branchCoverage="0" maxCyclomaticComplexity="0" minCyclomaticComplexity="0" maxCrapScore="0" minCrapScore="0" visitedClasses="0" numClasses="0" visitedMethods="0" numMethods="0" />
              <MetadataToken>100663303</MetadataToken>
              <Name>System.Void Scripts.Networking.Client::set_ConnectionId(System.Int32)</Name>
              <FileRef uid="1" />
              <SequencePoints>
                <SequencePoint vc="16" uspid="7" ordinal="0" offset="0" sl="30" sc="35" el="30" ec="35" bec="0" bev="0" fileid="1" />
              </SequencePoints>
              <BranchPoints />
            </Method>
            <Method visited="false" cyclomaticComplexity="0" nPathComplexity="0" sequenceCoverage="0.0" branchCoverage="0" crapScore="0" isConstructor="false" isStatic="false" isGetter="true" isSetter="false">
              <Summary numSequencePoints="0" visitedSequencePoints="0" numBranchPoints="0" visitedBranchPoints="0" sequenceCoverage="0.0" branchCoverage="0" maxCyclomaticComplexity="0" minCyclomaticComplexity="0" maxCrapScore="0" minCrapScore="0" visitedClasses="0" numClasses="0" visitedMethods="0" numMethods="0" />
              <MetadataToken>100663304</MetadataToken>
              <Name>System.Int32 Scripts.Networking.Client::get_ConnectionId()</Name>
              <FileRef uid="1" />
              <SequencePoints>
                <SequencePoint vc="0" uspid="8" ordinal="0" offset="0" sl="30" sc="0" el="30" ec="0" bec="0" bev="0" fileid="1" />
              </SequencePoints>
              <BranchPoints />
            </Method>
            <Method visited="true" cyclomaticComplexity="0" nPathComplexity="0" sequenceCoverage="100.0" branchCoverage="0" crapScore="0" isConstructor="false" isStatic="false" isGetter="false" isSetter="true">
              <Summary numSequencePoints="0" visitedSequencePoints="0" numBranchPoints="0" visitedBranchPoints="0" sequenceCoverage="100.0" branchCoverage="0" maxCyclomaticComplexity="0" minCyclomaticComplexity="0" maxCrapScore="0" minCrapScore="0" visitedClasses="0" numClasses="0" visitedMethods="0" numMethods="0" />
              <MetadataToken>100663305</MetadataToken>
              <Name>System.Void Scripts.Networking.Client::set_HostId(System.Int32)</Name>
              <FileRef uid="1" />
              <SequencePoints>
                <SequencePoint vc="16" uspid="9" ordinal="0" offset="0" sl="31" sc="29" el="31" ec="29" bec="0" bev="0" fileid="1" />
              </SequencePoints>
              <BranchPoints />
            </Method>
            <Method visited="true" cyclomaticComplexity="0" nPathComplexity="0" sequenceCoverage="100.0" branchCoverage="0" crapScore="0" isConstructor="false" isStatic="false" isGetter="true" isSetter="false">
              <Summary numSequencePoints="0" visitedSequencePoints="0" numBranchPoints="0" visitedBranchPoints="0" sequenceCoverage="100.0" branchCoverage="0" maxCyclomaticComplexity="0" minCyclomaticComplexity="0" maxCrapScore="0" minCrapScore="0" visitedClasses="0" numClasses="0" visitedMethods="0" numMethods="0" />
              <MetadataToken>100663306</MetadataToken>
              <Name>System.Int32 Scripts.Networking.Client::get_HostId()</Name>
              <FileRef uid="1" />
              <SequencePoints>
                <SequencePoint vc="16" uspid="10" ordinal="0" offset="0" sl="31" sc="34" el="31" ec="34" bec="0" bev="0" fileid="1" />
              </SequencePoints>
              <BranchPoints />
            </Method>
            <Method visited="true" cyclomaticComplexity="0" nPathComplexity="0" sequenceCoverage="100.0" branchCoverage="0" crapScore="0" isConstructor="false" isStatic="false" isGetter="false" isSetter="true">
              <Summary numSequencePoints="0" visitedSequencePoints="0" numBranchPoints="0" visitedBranchPoints="0" sequenceCoverage="100.0" branchCoverage="0" maxCyclomaticComplexity="0" minCyclomaticComplexity="0" maxCrapScore="0" minCrapScore="0" visitedClasses="0" numClasses="0" visitedMethods="0" numMethods="0" />
              <MetadataToken>100663307</MetadataToken>
              <Name>System.Void Scripts.Networking.Client::set_IsStarted(System.Boolean)</Name>
              <FileRef uid="1" />
              <SequencePoints>
                <SequencePoint vc="16" uspid="11" ordinal="0" offset="0" sl="32" sc="33" el="32" ec="33" bec="0" bev="0" fileid="1" />
              </SequencePoints>
              <BranchPoints />
            </Method>
            <Method visited="true" cyclomaticComplexity="0" nPathComplexity="0" sequenceCoverage="100.0" branchCoverage="0" crapScore="0" isConstructor="false" isStatic="false" isGetter="true" isSetter="false">
              <Summary numSequencePoints="0" visitedSequencePoints="0" numBranchPoints="0" visitedBranchPoints="0" sequenceCoverage="100.0" branchCoverage="0" maxCyclomaticComplexity="0" minCyclomaticComplexity="0" maxCrapScore="0" minCrapScore="0" visitedClasses="0" numClasses="0" visitedMethods="0" numMethods="0" />
              <MetadataToken>100663308</MetadataToken>
              <Name>System.Boolean Scripts.Networking.Client::get_IsStarted()</Name>
              <FileRef uid="1" />
              <SequencePoints>
                <SequencePoint vc="633" uspid="12" ordinal="0" offset="0" sl="32" sc="38" el="32" ec="38" bec="0" bev="0" fileid="1" />
              </SequencePoints>
              <BranchPoints />
            </Method>
            <Method visited="true" cyclomaticComplexity="0" nPathComplexity="0" sequenceCoverage="100.0" branchCoverage="0" crapScore="0" isConstructor="false" isStatic="false" isGetter="false" isSetter="true">
              <Summary numSequencePoints="0" visitedSequencePoints="0" numBranchPoints="0" visitedBranchPoints="0" sequenceCoverage="100.0" branchCoverage="0" maxCyclomaticComplexity="0" minCyclomaticComplexity="0" maxCrapScore="0" minCrapScore="0" visitedClasses="0" numClasses="0" visitedMethods="0" numMethods="0" />
              <MetadataToken>100663309</MetadataToken>
              <Name>System.Void Scripts.Networking.Client::set_LastEvent(UnityEngine.Networking.NetworkEventType)</Name>
              <FileRef uid="1" />
              <SequencePoints>
                <SequencePoint vc="640" uspid="13" ordinal="0" offset="0" sl="37" sc="45" el="37" ec="45" bec="0" bev="0" fileid="1" />
              </SequencePoints>
              <BranchPoints />
            </Method>
            <Method visited="false" cyclomaticComplexity="0" nPathComplexity="0" sequenceCoverage="0.0" branchCoverage="0" crapScore="0" isConstructor="false" isStatic="false" isGetter="true" isSetter="false">
              <Summary numSequencePoints="0" visitedSequencePoints="0" numBranchPoints="0" visitedBranchPoints="0" sequenceCoverage="0.0" branchCoverage="0" maxCyclomaticComplexity="0" minCyclomaticComplexity="0" maxCrapScore="0" minCrapScore="0" visitedClasses="0" numClasses="0" visitedMethods="0" numMethods="0" />
              <MetadataToken>100663310</MetadataToken>
              <Name>UnityEngine.Networking.NetworkEventType Scripts.Networking.Client::get_LastEvent()</Name>
              <FileRef uid="1" />
              <SequencePoints>
                <SequencePoint vc="0" uspid="14" ordinal="0" offset="0" sl="37" sc="0" el="37" ec="0" bec="0" bev="0" fileid="1" />
              </SequencePoints>
              <BranchPoints />
            </Method>
            <Method visited="false" cyclomaticComplexity="0" nPathComplexity="0" sequenceCoverage="0.0" branchCoverage="0" crapScore="0" isConstructor="false" isStatic="false" isGetter="false" isSetter="true">
              <Summary numSequencePoints="0" visitedSequencePoints="0" numBranchPoints="0" visitedBranchPoints="0" sequenceCoverage="0.0" branchCoverage="0" maxCyclomaticComplexity="0" minCyclomaticComplexity="0" maxCrapScore="0" minCrapScore="0" visitedClasses="0" numClasses="0" visitedMethods="0" numMethods="0" />
              <MetadataToken>100663311</MetadataToken>
              <Name>System.Void Scripts.Networking.Client::set_LastSent(FearValleyNetwork.NetMsg)</Name>
              <FileRef uid="1" />
              <SequencePoints>
                <SequencePoint vc="0" uspid="15" ordinal="0" offset="0" sl="38" sc="0" el="38" ec="0" bec="0" bev="0" fileid="1" />
              </SequencePoints>
              <BranchPoints />
            </Method>
            <Method visited="false" cyclomaticComplexity="0" nPathComplexity="0" sequenceCoverage="0.0" branchCoverage="0" crapScore="0" isConstructor="false" isStatic="false" isGetter="true" isSetter="false">
              <Summary numSequencePoints="0" visitedSequencePoints="0" numBranchPoints="0" visitedBranchPoints="0" sequenceCoverage="0.0" branchCoverage="0" maxCyclomaticComplexity="0" minCyclomaticComplexity="0" maxCrapScore="0" minCrapScore="0" visitedClasses="0" numClasses="0" visitedMethods="0" numMethods="0" />
              <MetadataToken>100663312</MetadataToken>
              <Name>FearValleyNetwork.NetMsg Scripts.Networking.Client::get_LastSent()</Name>
              <FileRef uid="1" />
              <SequencePoints>
                <SequencePoint vc="0" uspid="16" ordinal="0" offset="0" sl="38" sc="0" el="38" ec="0" bec="0" bev="0" fileid="1" />
              </SequencePoints>
              <BranchPoints />
            </Method>
            <Method visited="true" cyclomaticComplexity="0" nPathComplexity="0" sequenceCoverage="85.0" branchCoverage="0" crapScore="0" isConstructor="false" isStatic="false" isGetter="false" isSetter="false">
              <Summary numSequencePoints="0" visitedSequencePoints="0" numBranchPoints="0" visitedBranchPoints="0" sequenceCoverage="85.0" branchCoverage="0" maxCyclomaticComplexity="0" minCyclomaticComplexity="0" maxCrapScore="0" minCrapScore="0" visitedClasses="0" numClasses="0" visitedMethods="0" numMethods="0" />
              <MetadataToken>100663313</MetadataToken>
              <Name>System.Void Scripts.Networking.Client::Init()</Name>
              <FileRef uid="1" />
              <SequencePoints>
                <SequencePoint vc="16" uspid="17" ordinal="0" offset="0" sl="41" sc="9" el="41" ec="9" bec="0" bev="0" fileid="1" />
                <SequencePoint vc="16" uspid="18" ordinal="0" offset="1" sl="42" sc="13" el="42" ec="13" bec="0" bev="0" fileid="1" />
                <SequencePoint vc="16" uspid="19" ordinal="0" offset="9" sl="43" sc="13" el="43" ec="13" bec="0" bev="0" fileid="1" />
                <SequencePoint vc="16" uspid="20" ordinal="0" offset="36" sl="46" sc="13" el="46" ec="13" bec="0" bev="0" fileid="1" />
                <SequencePoint vc="16" uspid="21" ordinal="0" offset="42" sl="50" sc="13" el="50" ec="13" bec="0" bev="0" fileid="1" />
                <SequencePoint vc="16" uspid="22" ordinal="0" offset="48" sl="52" sc="13" el="52" ec="13" bec="0" bev="0" fileid="1" />
                <SequencePoint vc="16" uspid="23" ordinal="0" offset="62" sl="55" sc="13" el="55" ec="13" bec="0" bev="0" fileid="1" />
                <SequencePoint vc="16" uspid="24" ordinal="0" offset="75" sl="60" sc="13" el="60" ec="13" bec="0" bev="0" fileid="1" />
                <SequencePoint vc="16" uspid="25" ordinal="0" offset="95" sl="61" sc="13" el="61" ec="13" bec="0" bev="0" fileid="1" />
                <SequencePoint vc="16" uspid="26" ordinal="0" offset="96" sl="62" sc="17" el="62" ec="17" bec="0" bev="0" fileid="1" />
                <SequencePoint vc="16" uspid="27" ordinal="0" offset="107" sl="64" sc="17" el="64" ec="17" bec="0" bev="0" fileid="1" />
                <SequencePoint vc="16" uspid="28" ordinal="0" offset="121" sl="66" sc="13" el="66" ec="13" bec="0" bev="0" fileid="1" />
                <SequencePoint vc="0" uspid="29" ordinal="0" offset="124" sl="68" sc="13" el="68" ec="13" bec="0" bev="0" fileid="1" />
                <SequencePoint vc="0" uspid="30" ordinal="0" offset="125" sl="70" sc="17" el="70" ec="17" bec="0" bev="0" fileid="1" />
                <SequencePoint vc="0" uspid="31" ordinal="0" offset="143" sl="72" sc="13" el="72" ec="13" bec="0" bev="0" fileid="1" />
                <SequencePoint vc="16" uspid="32" ordinal="0" offset="144" sl="76" sc="13" el="76" ec="13" bec="0" bev="0" fileid="1" />
                <SequencePoint vc="16" uspid="33" ordinal="0" offset="180" sl="79" sc="13" el="79" ec="13" bec="0" bev="0" fileid="1" />
                <SequencePoint vc="16" uspid="34" ordinal="0" offset="191" sl="81" sc="13" el="81" ec="13" bec="0" bev="0" fileid="1" />
                <SequencePoint vc="16" uspid="35" ordinal="0" offset="199" sl="82" sc="13" el="82" ec="13" bec="0" bev="0" fileid="1" />
                <SequencePoint vc="16" uspid="36" ordinal="0" offset="226" sl="83" sc="9" el="83" ec="9" bec="0" bev="0" fileid="1" />
              </SequencePoints>
              <BranchPoints />
            </Method>
            <Method visited="false" cyclomaticComplexity="0" nPathComplexity="0" sequenceCoverage="0.0" branchCoverage="0" crapScore="0" isConstructor="false" isStatic="false" isGetter="false" isSetter="false">
              <Summary numSequencePoints="0" visitedSequencePoints="0" numBranchPoints="0" visitedBranchPoints="0" sequenceCoverage="0.0" branchCoverage="0" maxCyclomaticComplexity="0" minCyclomaticComplexity="0" maxCrapScore="0" minCrapScore="0" visitedClasses="0" numClasses="0" visitedMethods="0" numMethods="0" />
              <MetadataToken>100663314</MetadataToken>
              <Name>System.Void Scripts.Networking.Client::Shutdown()</Name>
              <FileRef uid="1" />
              <SequencePoints>
                <SequencePoint vc="0" uspid="37" ordinal="0" offset="0" sl="89" sc="0" el="89" ec="0" bec="0" bev="0" fileid="1" />
                <SequencePoint vc="0" uspid="38" ordinal="0" offset="1" sl="90" sc="0" el="90" ec="0" bec="0" bev="0" fileid="1" />
                <SequencePoint vc="0" uspid="39" ordinal="0" offset="9" sl="92" sc="0" el="92" ec="0" bec="0" bev="0" fileid="1" />
                <SequencePoint vc="0" uspid="40" ordinal="0" offset="15" sl="94" sc="0" el="94" ec="0" bec="0" bev="0" fileid="1" />
              </SequencePoints>
              <BranchPoints />
            </Method>
            <Method visited="true" cyclomaticComplexity="0" nPathComplexity="0" sequenceCoverage="85.7" branchCoverage="0" crapScore="0" isConstructor="false" isStatic="false" isGetter="false" isSetter="false">
              <Summary numSequencePoints="0" visitedSequencePoints="0" numBranchPoints="0" visitedBranchPoints="0" sequenceCoverage="85.7" branchCoverage="0" maxCyclomaticComplexity="0" minCyclomaticComplexity="0" maxCrapScore="0" minCrapScore="0" visitedClasses="0" numClasses="0" visitedMethods="0" numMethods="0" />
              <MetadataToken>100663315</MetadataToken>
              <Name>System.Void Scripts.Networking.Client::UpdateMessagePump()</Name>
              <FileRef uid="1" />
              <SequencePoints>
                <SequencePoint vc="633" uspid="41" ordinal="0" offset="0" sl="100" sc="9" el="100" ec="9" bec="0" bev="0" fileid="1" />
                <SequencePoint vc="633" uspid="42" ordinal="0" offset="1" sl="101" sc="13" el="101" ec="13" bec="0" bev="0" fileid="1" />
                <SequencePoint vc="0" uspid="43" ordinal="0" offset="16" sl="102" sc="17" el="102" ec="17" bec="0" bev="0" fileid="1" />
                <SequencePoint vc="633" uspid="44" ordinal="0" offset="18" sl="108" sc="13" el="108" ec="13" bec="0" bev="0" fileid="1" />
                <SequencePoint vc="633" uspid="45" ordinal="0" offset="29" sl="112" sc="13" el="112" ec="13" bec="0" bev="0" fileid="1" />
                <SequencePoint vc="633" uspid="46" ordinal="0" offset="56" sl="121" sc="13" el="121" ec="13" bec="0" bev="0" fileid="1" />
                <SequencePoint vc="633" uspid="47" ordinal="0" offset="69" sl="122" sc="9" el="122" ec="9" bec="0" bev="0" fileid="1" />
              </SequencePoints>
              <BranchPoints />
            </Method>
            <Method visited="true" cyclomaticComplexity="0" nPathComplexity="0" sequenceCoverage="64.7" branchCoverage="0" crapScore="0" isConstructor="false" isStatic="false" isGetter="false" isSetter="false">
              <Summary numSequencePoints="0" visitedSequencePoints="0" numBranchPoints="0" visitedBranchPoints="0" sequenceCoverage="64.7" branchCoverage="0" maxCyclomaticComplexity="0" minCyclomaticComplexity="0" maxCrapScore="0" minCrapScore="0" visitedClasses="0" numClasses="0" visitedMethods="0" numMethods="0" />
              <MetadataToken>100663316</MetadataToken>
              <Name>System.Void Scripts.Networking.Client::CheckMessageType(System.Int32, System.Int32, System.Int32, System.Byte[], UnityEngine.Networking.NetworkEventType)</Name>
              <FileRef uid="1" />
              <SequencePoints>
                <SequencePoint vc="640" uspid="48" ordinal="0" offset="0" sl="125" sc="9" el="125" ec="9" bec="0" bev="0" fileid="1" />
                <SequencePoint vc="640" uspid="49" ordinal="0" offset="1" sl="126" sc="13" el="126" ec="13" bec="0" bev="0" fileid="1" />
                <SequencePoint vc="633" uspid="50" ordinal="0" offset="32" sl="129" sc="21" el="129" ec="21" bec="0" bev="0" fileid="1" />
                <SequencePoint vc="0" uspid="51" ordinal="0" offset="34" sl="131" sc="21" el="131" ec="21" bec="0" bev="0" fileid="1" />
                <SequencePoint vc="0" uspid="52" ordinal="0" offset="45" sl="132" sc="21" el="132" ec="21" bec="0" bev="0" fileid="1" />
                <SequencePoint vc="7" uspid="53" ordinal="0" offset="47" sl="134" sc="21" el="134" ec="21" bec="0" bev="0" fileid="1" />
                <SequencePoint vc="7" uspid="54" ordinal="0" offset="58" sl="135" sc="21" el="135" ec="21" bec="0" bev="0" fileid="1" />
                <SequencePoint vc="7" uspid="55" ordinal="0" offset="64" sl="136" sc="21" el="136" ec="21" bec="0" bev="0" fileid="1" />
                <SequencePoint vc="7" uspid="56" ordinal="0" offset="72" sl="137" sc="21" el="137" ec="21" bec="0" bev="0" fileid="1" />
                <SequencePoint vc="7" uspid="57" ordinal="0" offset="85" sl="138" sc="21" el="138" ec="21" bec="0" bev="0" fileid="1" />
                <SequencePoint vc="7" uspid="58" ordinal="0" offset="96" sl="139" sc="21" el="139" ec="21" bec="0" bev="0" fileid="1" />
                <SequencePoint vc="0" uspid="59" ordinal="0" offset="98" sl="141" sc="21" el="141" ec="21" bec="0" bev="0" fileid="1" />
                <SequencePoint vc="0" uspid="60" ordinal="0" offset="109" sl="142" sc="21" el="142" ec="21" bec="0" bev="0" fileid="1" />
                <SequencePoint vc="0" uspid="61" ordinal="0" offset="111" sl="145" sc="21" el="145" ec="21" bec="0" bev="0" fileid="1" />
                <SequencePoint vc="0" uspid="62" ordinal="0" offset="122" sl="146" sc="21" el="146" ec="21" bec="0" bev="0" fileid="1" />
                <SequencePoint vc="640" uspid="63" ordinal="0" offset="124" sl="148" sc="13" el="148" ec="13" bec="0" bev="0" fileid="1" />
                <SequencePoint vc="640" uspid="64" ordinal="0" offset="133" sl="149" sc="9" el="149" ec="9" bec="0" bev="0" fileid="1" />
              </SequencePoints>
              <BranchPoints />
            </Method>
            <Method visited="false" cyclomaticComplexity="0" nPathComplexity="0" sequenceCoverage="0.0" branchCoverage="0" crapScore="0" isConstructor="false" isStatic="false" isGetter="false" isSetter="false">
              <Summary numSequencePoints="0" visitedSequencePoints="0" numBranchPoints="0" visitedBranchPoints="0" sequenceCoverage="0.0" branchCoverage="0" maxCyclomaticComplexity="0" minCyclomaticComplexity="0" maxCrapScore="0" minCrapScore="0" visitedClasses="0" numClasses="0" visitedMethods="0" numMethods="0" />
              <MetadataToken>100663317</MetadataToken>
              <Name>System.Boolean Scripts.Networking.Client::HasControl()</Name>
              <FileRef uid="1" />
              <SequencePoints>
                <SequencePoint vc="0" uspid="65" ordinal="0" offset="0" sl="151" sc="0" el="151" ec="0" bec="0" bev="0" fileid="1" />
              </SequencePoints>
              <BranchPoints />
            </Method>
            <Method visited="true" cyclomaticComplexity="0" nPathComplexity="0" sequenceCoverage="73.3" branchCoverage="0" crapScore="0" isConstructor="false" isStatic="false" isGetter="false" isSetter="false">
              <Summary numSequencePoints="0" visitedSequencePoints="0" numBranchPoints="0" visitedBranchPoints="0" sequenceCoverage="73.3" branchCoverage="0" maxCyclomaticComplexity="0" minCyclomaticComplexity="0" maxCrapScore="0" minCrapScore="0" visitedClasses="0" numClasses="0" visitedMethods="0" numMethods="0" />
              <MetadataToken>100663318</MetadataToken>
              <Name>System.Void Scripts.Networking.Client::OnData(System.Int32, System.Int32, System.Int32, FearValleyNetwork.NetMsg)</Name>
              <FileRef uid="1" />
              <SequencePoints>
                <SequencePoint vc="7" uspid="66" ordinal="0" offset="0" sl="156" sc="9" el="156" ec="9" bec="0" bev="0" fileid="1" />
                <SequencePoint vc="7" uspid="67" ordinal="0" offset="1" sl="157" sc="13" el="157" ec="13" bec="0" bev="0" fileid="1" />
                <SequencePoint vc="7" uspid="68" ordinal="0" offset="29" sl="158" sc="13" el="158" ec="13" bec="0" bev="0" fileid="1" />
                <SequencePoint vc="0" uspid="69" ordinal="0" offset="143" sl="161" sc="21" el="161" ec="21" bec="0" bev="0" fileid="1" />
                <SequencePoint vc="0" uspid="70" ordinal="0" offset="154" sl="162" sc="21" el="162" ec="21" bec="0" bev="0" fileid="1" />
                <SequencePoint vc="1" uspid="71" ordinal="0" offset="159" sl="164" sc="21" el="164" ec="21" bec="0" bev="0" fileid="1" />
                <SequencePoint vc="1" uspid="72" ordinal="0" offset="170" sl="165" sc="21" el="165" ec="21" bec="0" bev="0" fileid="1" />
                <SequencePoint vc="1" uspid="73" ordinal="0" offset="187" sl="166" sc="21" el="166" ec="21" bec="0" bev="0" fileid="1" />
                <SequencePoint vc="2" uspid="74" ordinal="0" offset="192" sl="168" sc="21" el="168" ec="21" bec="0" bev="0" fileid="1" />
                <SequencePoint vc="2" uspid="75" ordinal="0" offset="203" sl="169" sc="21" el="169" ec="21" bec="0" bev="0" fileid="1" />
                <SequencePoint vc="2" uspid="76" ordinal="0" offset="220" sl="170" sc="21" el="170" ec="21" bec="0" bev="0" fileid="1" />
                <SequencePoint vc="0" uspid="77" ordinal="0" offset="225" sl="172" sc="21" el="172" ec="21" bec="0" bev="0" fileid="1" />
                <SequencePoint vc="0" uspid="78" ordinal="0" offset="236" sl="173" sc="21" el="173" ec="21" bec="0" bev="0" fileid="1" />
                <SequencePoint vc="0" uspid="79" ordinal="0" offset="253" sl="174" sc="21" el="174" ec="21" bec="0" bev="0" fileid="1" />
                <SequencePoint vc="1" uspid="80" ordinal="0" offset="258" sl="176" sc="21" el="176" ec="21" bec="0" bev="0" fileid="1" />
                <SequencePoint vc="1" uspid="81" ordinal="0" offset="269" sl="177" sc="21" el="177" ec="21" bec="0" bev="0" fileid="1" />
                <SequencePoint vc="1" uspid="82" ordinal="0" offset="286" sl="178" sc="21" el="178" ec="21" bec="0" bev="0" fileid="1" />
                <SequencePoint vc="1" uspid="83" ordinal="0" offset="288" sl="180" sc="21" el="180" ec="21" bec="0" bev="0" fileid="1" />
                <SequencePoint vc="1" uspid="84" ordinal="0" offset="299" sl="181" sc="21" el="181" ec="21" bec="0" bev="0" fileid="1" />
                <SequencePoint vc="1" uspid="85" ordinal="0" offset="316" sl="182" sc="21" el="182" ec="21" bec="0" bev="0" fileid="1" />
                <SequencePoint vc="1" uspid="86" ordinal="0" offset="318" sl="184" sc="21" el="184" ec="21" bec="0" bev="0" fileid="1" />
                <SequencePoint vc="1" uspid="87" ordinal="0" offset="329" sl="185" sc="21" el="185" ec="21" bec="0" bev="0" fileid="1" />
                <SequencePoint vc="1" uspid="88" ordinal="0" offset="346" sl="186" sc="21" el="186" ec="21" bec="0" bev="0" fileid="1" />
                <SequencePoint vc="0" uspid="89" ordinal="0" offset="348" sl="188" sc="21" el="188" ec="21" bec="0" bev="0" fileid="1" />
                <SequencePoint vc="0" uspid="90" ordinal="0" offset="359" sl="189" sc="21" el="189" ec="21" bec="0" bev="0" fileid="1" />
                <SequencePoint vc="0" uspid="91" ordinal="0" offset="376" sl="190" sc="21" el="190" ec="21" bec="0" bev="0" fileid="1" />
                <SequencePoint vc="1" uspid="92" ordinal="0" offset="378" sl="192" sc="21" el="192" ec="21" bec="0" bev="0" fileid="1" />
                <SequencePoint vc="1" uspid="93" ordinal="0" offset="389" sl="193" sc="21" el="193" ec="21" bec="0" bev="0" fileid="1" />
                <SequencePoint vc="1" uspid="94" ordinal="0" offset="406" sl="194" sc="21" el="194" ec="21" bec="0" bev="0" fileid="1" />
                <SequencePoint vc="7" uspid="95" ordinal="0" offset="408" sl="196" sc="9" el="196" ec="9" bec="0" bev="0" fileid="1" />
              </SequencePoints>
              <BranchPoints />
            </Method>
            <Method visited="true" cyclomaticComplexity="0" nPathComplexity="0" sequenceCoverage="100.0" branchCoverage="0" crapScore="0" isConstructor="false" isStatic="false" isGetter="false" isSetter="false">
              <Summary numSequencePoints="0" visitedSequencePoints="0" numBranchPoints="0" visitedBranchPoints="0" sequenceCoverage="100.0" branchCoverage="0" maxCyclomaticComplexity="0" minCyclomaticComplexity="0" maxCrapScore="0" minCrapScore="0" visitedClasses="0" numClasses="0" visitedMethods="0" numMethods="0" />
              <MetadataToken>100663319</MetadataToken>
              <Name>System.Void Scripts.Networking.Client::Net_UpdateEnemyName(System.Int32, System.Int32, System.Int32, FearValleyNetwork.Net_UpdateEnemyName)</Name>
              <FileRef uid="1" />
              <SequencePoints>
                <SequencePoint vc="1" uspid="96" ordinal="0" offset="0" sl="200" sc="9" el="200" ec="9" bec="0" bev="0" fileid="1" />
                <SequencePoint vc="1" uspid="97" ordinal="0" offset="1" sl="201" sc="13" el="201" ec="13" bec="0" bev="0" fileid="1" />
                <SequencePoint vc="1" uspid="98" ordinal="0" offset="19" sl="202" sc="9" el="202" ec="9" bec="0" bev="0" fileid="1" />
              </SequencePoints>
              <BranchPoints />
            </Method>
            <Method visited="false" cyclomaticComplexity="0" nPathComplexity="0" sequenceCoverage="0.0" branchCoverage="0" crapScore="0" isConstructor="false" isStatic="false" isGetter="false" isSetter="false">
              <Summary numSequencePoints="0" visitedSequencePoints="0" numBranchPoints="0" visitedBranchPoints="0" sequenceCoverage="0.0" branchCoverage="0" maxCyclomaticComplexity="0" minCyclomaticComplexity="0" maxCrapScore="0" minCrapScore="0" visitedClasses="0" numClasses="0" visitedMethods="0" numMethods="0" />
              <MetadataToken>100663320</MetadataToken>
              <Name>System.Void Scripts.Networking.Client::Net_SendMagic(System.Int32, System.Int32, System.Int32, FearValleyNetwork.Net_SendMagic)</Name>
              <FileRef uid="1" />
              <SequencePoints>
                <SequencePoint vc="0" uspid="99" ordinal="0" offset="0" sl="206" sc="0" el="206" ec="0" bec="0" bev="0" fileid="1" />
                <SequencePoint vc="0" uspid="100" ordinal="0" offset="1" sl="207" sc="0" el="207" ec="0" bec="0" bev="0" fileid="1" />
                <SequencePoint vc="0" uspid="101" ordinal="0" offset="14" sl="208" sc="0" el="208" ec="0" bec="0" bev="0" fileid="1" />
              </SequencePoints>
              <BranchPoints />
            </Method>
            <Method visited="false" cyclomaticComplexity="0" nPathComplexity="0" sequenceCoverage="0.0" branchCoverage="0" crapScore="0" isConstructor="false" isStatic="false" isGetter="false" isSetter="false">
              <Summary numSequencePoints="0" visitedSequencePoints="0" numBranchPoints="0" visitedBranchPoints="0" sequenceCoverage="0.0" branchCoverage="0" maxCyclomaticComplexity="0" minCyclomaticComplexity="0" maxCrapScore="0" minCrapScore="0" visitedClasses="0" numClasses="0" visitedMethods="0" numMethods="0" />
              <MetadataToken>100663321</MetadataToken>
              <Name>System.Void Scripts.Networking.Client::Net_ToggleControls(System.Int32, System.Int32, System.Int32, FearValleyNetwork.Net_ToggleControls)</Name>
              <FileRef uid="1" />
              <SequencePoints>
                <SequencePoint vc="0" uspid="102" ordinal="0" offset="0" sl="212" sc="0" el="212" ec="0" bec="0" bev="0" fileid="1" />
                <SequencePoint vc="0" uspid="103" ordinal="0" offset="1" sl="213" sc="0" el="213" ec="0" bec="0" bev="0" fileid="1" />
                <SequencePoint vc="0" uspid="104" ordinal="0" offset="16" sl="214" sc="0" el="214" ec="0" bec="0" bev="0" fileid="1" />
                <SequencePoint vc="0" uspid="105" ordinal="0" offset="43" sl="215" sc="0" el="215" ec="0" bec="0" bev="0" fileid="1" />
              </SequencePoints>
              <BranchPoints />
            </Method>
            <Method visited="true" cyclomaticComplexity="0" nPathComplexity="0" sequenceCoverage="100.0" branchCoverage="0" crapScore="0" isConstructor="false" isStatic="false" isGetter="false" isSetter="false">
              <Summary numSequencePoints="0" visitedSequencePoints="0" numBranchPoints="0" visitedBranchPoints="0" sequenceCoverage="100.0" branchCoverage="0" maxCyclomaticComplexity="0" minCyclomaticComplexity="0" maxCrapScore="0" minCrapScore="0" visitedClasses="0" numClasses="0" visitedMethods="0" numMethods="0" />
              <MetadataToken>100663322</MetadataToken>
              <Name>System.Void Scripts.Networking.Client::Net_Move(System.Int32, System.Int32, System.Int32, FearValleyNetwork.Net_MOVE)</Name>
              <FileRef uid="1" />
              <SequencePoints>
                <SequencePoint vc="1" uspid="106" ordinal="0" offset="0" sl="219" sc="9" el="219" ec="9" bec="0" bev="0" fileid="1" />
                <SequencePoint vc="1" uspid="107" ordinal="0" offset="1" sl="220" sc="13" el="220" ec="13" bec="0" bev="0" fileid="1" />
                <SequencePoint vc="1" uspid="108" ordinal="0" offset="12" sl="221" sc="13" el="221" ec="13" bec="0" bev="0" fileid="1" />
                <SequencePoint vc="1" uspid="109" ordinal="0" offset="44" sl="222" sc="9" el="222" ec="9" bec="0" bev="0" fileid="1" />
              </SequencePoints>
              <BranchPoints />
            </Method>
            <Method visited="true" cyclomaticComplexity="0" nPathComplexity="0" sequenceCoverage="100.0" branchCoverage="0" crapScore="0" isConstructor="false" isStatic="false" isGetter="false" isSetter="false">
              <Summary numSequencePoints="0" visitedSequencePoints="0" numBranchPoints="0" visitedBranchPoints="0" sequenceCoverage="100.0" branchCoverage="0" maxCyclomaticComplexity="0" minCyclomaticComplexity="0" maxCrapScore="0" minCrapScore="0" visitedClasses="0" numClasses="0" visitedMethods="0" numMethods="0" />
              <MetadataToken>100663323</MetadataToken>
              <Name>System.Void Scripts.Networking.Client::Net_Attack(System.Int32, System.Int32, System.Int32, FearValleyNetwork.Net_ATTACK)</Name>
              <FileRef uid="1" />
              <SequencePoints>
                <SequencePoint vc="1" uspid="110" ordinal="0" offset="0" sl="226" sc="9" el="226" ec="9" bec="0" bev="0" fileid="1" />
                <SequencePoint vc="1" uspid="111" ordinal="0" offset="1" sl="227" sc="13" el="227" ec="13" bec="0" bev="0" fileid="1" />
                <SequencePoint vc="1" uspid="112" ordinal="0" offset="12" sl="228" sc="13" el="228" ec="13" bec="0" bev="0" fileid="1" />
                <SequencePoint vc="1" uspid="113" ordinal="0" offset="38" sl="229" sc="9" el="229" ec="9" bec="0" bev="0" fileid="1" />
              </SequencePoints>
              <BranchPoints />
            </Method>
            <Method visited="true" cyclomaticComplexity="0" nPathComplexity="0" sequenceCoverage="100.0" branchCoverage="0" crapScore="0" isConstructor="false" isStatic="false" isGetter="false" isSetter="false">
              <Summary numSequencePoints="0" visitedSequencePoints="0" numBranchPoints="0" visitedBranchPoints="0" sequenceCoverage="100.0" branchCoverage="0" maxCyclomaticComplexity="0" minCyclomaticComplexity="0" maxCrapScore="0" minCrapScore="0" visitedClasses="0" numClasses="0" visitedMethods="0" numMethods="0" />
              <MetadataToken>100663324</MetadataToken>
              <Name>System.Void Scripts.Networking.Client::Net_Retreat(System.Int32, System.Int32, System.Int32, FearValleyNetwork.Net_RETREAT)</Name>
              <FileRef uid="1" />
              <SequencePoints>
                <SequencePoint vc="1" uspid="114" ordinal="0" offset="0" sl="233" sc="9" el="233" ec="9" bec="0" bev="0" fileid="1" />
                <SequencePoint vc="1" uspid="115" ordinal="0" offset="1" sl="234" sc="13" el="234" ec="13" bec="0" bev="0" fileid="1" />
                <SequencePoint vc="1" uspid="116" ordinal="0" offset="12" sl="235" sc="13" el="235" ec="13" bec="0" bev="0" fileid="1" />
                <SequencePoint vc="1" uspid="117" ordinal="0" offset="37" sl="236" sc="9" el="236" ec="9" bec="0" bev="0" fileid="1" />
              </SequencePoints>
              <BranchPoints />
            </Method>
            <Method visited="true" cyclomaticComplexity="0" nPathComplexity="0" sequenceCoverage="100.0" branchCoverage="0" crapScore="0" isConstructor="false" isStatic="false" isGetter="false" isSetter="false">
              <Summary numSequencePoints="0" visitedSequencePoints="0" numBranchPoints="0" visitedBranchPoints="0" sequenceCoverage="100.0" branchCoverage="0" maxCyclomaticComplexity="0" minCyclomaticComplexity="0" maxCrapScore="0" minCrapScore="0" visitedClasses="0" numClasses="0" visitedMethods="0" numMethods="0" />
              <MetadataToken>100663325</MetadataToken>
              <Name>System.Void Scripts.Networking.Client::Net_PropogateTroop(System.Int32, System.Int32, System.Int32, FearValleyNetwork.Net_Propogate)</Name>
              <FileRef uid="1" />
              <SequencePoints>
                <SequencePoint vc="2" uspid="118" ordinal="0" offset="0" sl="244" sc="9" el="244" ec="9" bec="0" bev="0" fileid="1" />
                <SequencePoint vc="2" uspid="119" ordinal="0" offset="1" sl="246" sc="13" el="246" ec="13" bec="0" bev="0" fileid="1" />
                <SequencePoint vc="2" uspid="120" ordinal="0" offset="36" sl="247" sc="13" el="247" ec="13" bec="0" bev="0" fileid="1" />
                <SequencePoint vc="2" uspid="121" ordinal="0" offset="47" sl="248" sc="13" el="248" ec="13" bec="0" bev="0" fileid="1" />
                <SequencePoint vc="2" uspid="122" ordinal="0" offset="54" sl="252" sc="13" el="252" ec="13" bec="0" bev="0" fileid="1" />
                <SequencePoint vc="2" uspid="123" ordinal="0" offset="94" sl="255" sc="13" el="255" ec="13" bec="0" bev="0" fileid="1" />
                <SequencePoint vc="2" uspid="124" ordinal="0" offset="246" sl="270" sc="13" el="270" ec="13" bec="0" bev="0" fileid="1" />
                <SequencePoint vc="1" uspid="125" ordinal="0" offset="269" sl="271" sc="13" el="271" ec="13" bec="0" bev="0" fileid="1" />
                <SequencePoint vc="1" uspid="126" ordinal="0" offset="270" sl="272" sc="17" el="272" ec="17" bec="0" bev="0" fileid="1" />
                <SequencePoint vc="1" uspid="127" ordinal="0" offset="278" sl="273" sc="13" el="273" ec="13" bec="0" bev="0" fileid="1" />
                <SequencePoint vc="2" uspid="128" ordinal="0" offset="279" sl="274" sc="13" el="274" ec="13" bec="0" bev="0" fileid="1" />
                <SequencePoint vc="2" uspid="129" ordinal="0" offset="301" sl="277" sc="9" el="277" ec="9" bec="0" bev="0" fileid="1" />
              </SequencePoints>
              <BranchPoints />
            </Method>
            <Method visited="true" cyclomaticComplexity="0" nPathComplexity="0" sequenceCoverage="100.0" branchCoverage="0" crapScore="0" isConstructor="false" isStatic="false" isGetter="false" isSetter="false">
              <Summary numSequencePoints="0" visitedSequencePoints="0" numBranchPoints="0" visitedBranchPoints="0" sequenceCoverage="100.0" branchCoverage="0" maxCyclomaticComplexity="0" minCyclomaticComplexity="0" maxCrapScore="0" minCrapScore="0" visitedClasses="0" numClasses="0" visitedMethods="0" numMethods="0" />
              <MetadataToken>100663326</MetadataToken>
              <Name>System.Void Scripts.Networking.Client::Net_ChangeScene(System.Int32, System.Int32, System.Int32, FearValleyNetwork.Net_ChangeScene)</Name>
              <FileRef uid="1" />
              <SequencePoints>
                <SequencePoint vc="1" uspid="130" ordinal="0" offset="0" sl="281" sc="9" el="281" ec="9" bec="0" bev="0" fileid="1" />
                <SequencePoint vc="1" uspid="131" ordinal="0" offset="1" sl="282" sc="13" el="282" ec="13" bec="0" bev="0" fileid="1" />
                <SequencePoint vc="1" uspid="132" ordinal="0" offset="14" sl="283" sc="9" el="283" ec="9" bec="0" bev="0" fileid="1" />
              </SequencePoints>
              <BranchPoints />
            </Method>
            <Method visited="false" cyclomaticComplexity="0" nPathComplexity="0" sequenceCoverage="0.0" branchCoverage="0" crapScore="0" isConstructor="false" isStatic="false" isGetter="false" isSetter="false">
              <Summary numSequencePoints="0" visitedSequencePoints="0" numBranchPoints="0" visitedBranchPoints="0" sequenceCoverage="0.0" branchCoverage="0" maxCyclomaticComplexity="0" minCyclomaticComplexity="0" maxCrapScore="0" minCrapScore="0" visitedClasses="0" numClasses="0" visitedMethods="0" numMethods="0" />
              <MetadataToken>100663327</MetadataToken>
              <Name>System.Void Scripts.Networking.Client::SendToServer(FearValleyNetwork.NetMsg)</Name>
              <FileRef uid="1" />
              <SequencePoints>
                <SequencePoint vc="0" uspid="133" ordinal="0" offset="0" sl="293" sc="0" el="293" ec="0" bec="0" bev="0" fileid="1" />
                <SequencePoint vc="0" uspid="134" ordinal="0" offset="1" sl="294" sc="0" el="294" ec="0" bec="0" bev="0" fileid="1" />
                <SequencePoint vc="0" uspid="135" ordinal="0" offset="9" sl="296" sc="0" el="296" ec="0" bec="0" bev="0" fileid="1" />
                <SequencePoint vc="0" uspid="136" ordinal="0" offset="20" sl="299" sc="0" el="299" ec="0" bec="0" bev="0" fileid="1" />
                <SequencePoint vc="0" uspid="137" ordinal="0" offset="26" sl="300" sc="0" el="300" ec="0" bec="0" bev="0" fileid="1" />
                <SequencePoint vc="0" uspid="138" ordinal="0" offset="33" sl="301" sc="0" el="301" ec="0" bec="0" bev="0" fileid="1" />
                <SequencePoint vc="0" uspid="139" ordinal="0" offset="42" sl="304" sc="0" el="304" ec="0" bec="0" bev="0" fileid="1" />
                <SequencePoint vc="0" uspid="140" ordinal="0" offset="78" sl="311" sc="0" el="311" ec="0" bec="0" bev="0" fileid="1" />
              </SequencePoints>
              <BranchPoints />
            </Method>
            <Method visited="false" cyclomaticComplexity="0" nPathComplexity="0" sequenceCoverage="0.0" branchCoverage="0" crapScore="0" isConstructor="false" isStatic="false" isGetter="false" isSetter="false">
              <Summary numSequencePoints="0" visitedSequencePoints="0" numBranchPoints="0" visitedBranchPoints="0" sequenceCoverage="0.0" branchCoverage="0" maxCyclomaticComplexity="0" minCyclomaticComplexity="0" maxCrapScore="0" minCrapScore="0" visitedClasses="0" numClasses="0" visitedMethods="0" numMethods="0" />
              <MetadataToken>100663328</MetadataToken>
              <Name>System.Void Scripts.Networking.Client::SendTroopRequest(System.String, System.String, System.String, System.Single, System.Single)</Name>
              <FileRef uid="1" />
              <SequencePoints>
                <SequencePoint vc="0" uspid="141" ordinal="0" offset="0" sl="322" sc="0" el="322" ec="0" bec="0" bev="0" fileid="1" />
                <SequencePoint vc="0" uspid="142" ordinal="0" offset="1" sl="323" sc="0" el="323" ec="0" bec="0" bev="0" fileid="1" />
                <SequencePoint vc="0" uspid="143" ordinal="0" offset="49" sl="332" sc="0" el="332" ec="0" bec="0" bev="0" fileid="1" />
                <SequencePoint vc="0" uspid="144" ordinal="0" offset="57" sl="333" sc="0" el="333" ec="0" bec="0" bev="0" fileid="1" />
              </SequencePoints>
              <BranchPoints />
            </Method>
            <Method visited="false" cyclomaticComplexity="0" nPathComplexity="0" sequenceCoverage="0.0" branchCoverage="0" crapScore="0" isConstructor="false" isStatic="false" isGetter="false" isSetter="false">
              <Summary numSequencePoints="0" visitedSequencePoints="0" numBranchPoints="0" visitedBranchPoints="0" sequenceCoverage="0.0" branchCoverage="0" maxCyclomaticComplexity="0" minCyclomaticComplexity="0" maxCrapScore="0" minCrapScore="0" visitedClasses="0" numClasses="0" visitedMethods="0" numMethods="0" />
              <MetadataToken>100663329</MetadataToken>
              <Name>System.Void Scripts.Networking.Client::SendFinishBuild(System.Int32)</Name>
              <FileRef uid="1" />
              <SequencePoints>
                <SequencePoint vc="0" uspid="145" ordinal="0" offset="0" sl="342" sc="0" el="342" ec="0" bec="0" bev="0" fileid="1" />
                <SequencePoint vc="0" uspid="146" ordinal="0" offset="1" sl="343" sc="0" el="343" ec="0" bec="0" bev="0" fileid="1" />
                <SequencePoint vc="0" uspid="147" ordinal="0" offset="15" sl="347" sc="0" el="347" ec="0" bec="0" bev="0" fileid="1" />
                <SequencePoint vc="0" uspid="148" ordinal="0" offset="22" sl="348" sc="0" el="348" ec="0" bec="0" bev="0" fileid="1" />
                <SequencePoint vc="0" uspid="149" ordinal="0" offset="30" sl="349" sc="0" el="349" ec="0" bec="0" bev="0" fileid="1" />
              </SequencePoints>
              <BranchPoints />
            </Method>
            <Method visited="false" cyclomaticComplexity="0" nPathComplexity="0" sequenceCoverage="0.0" branchCoverage="0" crapScore="0" isConstructor="false" isStatic="false" isGetter="false" isSetter="false">
              <Summary numSequencePoints="0" visitedSequencePoints="0" numBranchPoints="0" visitedBranchPoints="0" sequenceCoverage="0.0" branchCoverage="0" maxCyclomaticComplexity="0" minCyclomaticComplexity="0" maxCrapScore="0" minCrapScore="0" visitedClasses="0" numClasses="0" visitedMethods="0" numMethods="0" />
              <MetadataToken>100663330</MetadataToken>
              <Name>System.Void Scripts.Networking.Client::SendMoveData(System.Int32, System.Single, System.Single)</Name>
              <FileRef uid="1" />
              <SequencePoints>
                <SequencePoint vc="0" uspid="150" ordinal="0" offset="0" sl="358" sc="0" el="358" ec="0" bec="0" bev="0" fileid="1" />
                <SequencePoint vc="0" uspid="151" ordinal="0" offset="1" sl="359" sc="0" el="359" ec="0" bec="0" bev="0" fileid="1" />
                <SequencePoint vc="0" uspid="152" ordinal="0" offset="31" sl="365" sc="0" el="365" ec="0" bec="0" bev="0" fileid="1" />
                <SequencePoint vc="0" uspid="153" ordinal="0" offset="39" sl="366" sc="0" el="366" ec="0" bec="0" bev="0" fileid="1" />
              </SequencePoints>
              <BranchPoints />
            </Method>
            <Method visited="false" cyclomaticComplexity="0" nPathComplexity="0" sequenceCoverage="0.0" branchCoverage="0" crapScore="0" isConstructor="false" isStatic="false" isGetter="false" isSetter="false">
              <Summary numSequencePoints="0" visitedSequencePoints="0" numBranchPoints="0" visitedBranchPoints="0" sequenceCoverage="0.0" branchCoverage="0" maxCyclomaticComplexity="0" minCyclomaticComplexity="0" maxCrapScore="0" minCrapScore="0" visitedClasses="0" numClasses="0" visitedMethods="0" numMethods="0" />
              <MetadataToken>100663331</MetadataToken>
              <Name>System.Void Scripts.Networking.Client::SendAttackData(System.Int32, System.Int32)</Name>
              <FileRef uid="1" />
              <SequencePoints>
                <SequencePoint vc="0" uspid="154" ordinal="0" offset="0" sl="374" sc="0" el="374" ec="0" bec="0" bev="0" fileid="1" />
                <SequencePoint vc="0" uspid="155" ordinal="0" offset="1" sl="375" sc="0" el="375" ec="0" bec="0" bev="0" fileid="1" />
                <SequencePoint vc="0" uspid="156" ordinal="0" offset="23" sl="381" sc="0" el="381" ec="0" bec="0" bev="0" fileid="1" />
                <SequencePoint vc="0" uspid="157" ordinal="0" offset="31" sl="382" sc="0" el="382" ec="0" bec="0" bev="0" fileid="1" />
              </SequencePoints>
              <BranchPoints />
            </Method>
            <Method visited="false" cyclomaticComplexity="0" nPathComplexity="0" sequenceCoverage="0.0" branchCoverage="0" crapScore="0" isConstructor="false" isStatic="false" isGetter="false" isSetter="false">
              <Summary numSequencePoints="0" visitedSequencePoints="0" numBranchPoints="0" visitedBranchPoints="0" sequenceCoverage="0.0" branchCoverage="0" maxCyclomaticComplexity="0" minCyclomaticComplexity="0" maxCrapScore="0" minCrapScore="0" visitedClasses="0" numClasses="0" visitedMethods="0" numMethods="0" />
              <MetadataToken>100663332</MetadataToken>
              <Name>System.Void Scripts.Networking.Client::SendRetreatData(System.Int32, System.Int32, System.Boolean)</Name>
              <FileRef uid="1" />
              <SequencePoints>
                <SequencePoint vc="0" uspid="158" ordinal="0" offset="0" sl="390" sc="0" el="390" ec="0" bec="0" bev="0" fileid="1" />
                <SequencePoint vc="0" uspid="159" ordinal="0" offset="1" sl="391" sc="0" el="391" ec="0" bec="0" bev="0" fileid="1" />
                <SequencePoint vc="0" uspid="160" ordinal="0" offset="31" sl="398" sc="0" el="398" ec="0" bec="0" bev="0" fileid="1" />
                <SequencePoint vc="0" uspid="161" ordinal="0" offset="39" sl="399" sc="0" el="399" ec="0" bec="0" bev="0" fileid="1" />
              </SequencePoints>
              <BranchPoints />
            </Method>
            <Method visited="false" cyclomaticComplexity="0" nPathComplexity="0" sequenceCoverage="0.0" branchCoverage="0" crapScore="0" isConstructor="false" isStatic="false" isGetter="false" isSetter="false">
              <Summary numSequencePoints="0" visitedSequencePoints="0" numBranchPoints="0" visitedBranchPoints="0" sequenceCoverage="0.0" branchCoverage="0" maxCyclomaticComplexity="0" minCyclomaticComplexity="0" maxCrapScore="0" minCrapScore="0" visitedClasses="0" numClasses="0" visitedMethods="0" numMethods="0" />
              <MetadataToken>100663333</MetadataToken>
              <Name>System.Void Scripts.Networking.Client::SendEndTurn()</Name>
              <FileRef uid="1" />
              <SequencePoints>
                <SequencePoint vc="0" uspid="162" ordinal="0" offset="0" sl="405" sc="0" el="405" ec="0" bec="0" bev="0" fileid="1" />
                <SequencePoint vc="0" uspid="163" ordinal="0" offset="1" sl="407" sc="0" el="407" ec="0" bec="0" bev="0" fileid="1" />
                <SequencePoint vc="0" uspid="164" ordinal="0" offset="7" sl="408" sc="0" el="408" ec="0" bec="0" bev="0" fileid="1" />
                <SequencePoint vc="0" uspid="165" ordinal="0" offset="15" sl="409" sc="0" el="409" ec="0" bec="0" bev="0" fileid="1" />
              </SequencePoints>
              <BranchPoints />
            </Method>
            <Method visited="false" cyclomaticComplexity="0" nPathComplexity="0" sequenceCoverage="0.0" branchCoverage="0" crapScore="0" isConstructor="false" isStatic="false" isGetter="false" isSetter="false">
              <Summary numSequencePoints="0" visitedSequencePoints="0" numBranchPoints="0" visitedBranchPoints="0" sequenceCoverage="0.0" branchCoverage="0" maxCyclomaticComplexity="0" minCyclomaticComplexity="0" maxCrapScore="0" minCrapScore="0" visitedClasses="0" numClasses="0" visitedMethods="0" numMethods="0" />
              <MetadataToken>100663334</MetadataToken>
              <Name>System.Void Scripts.Networking.Client::SendUpdatedName()</Name>
              <FileRef uid="1" />
              <SequencePoints>
                <SequencePoint vc="0" uspid="166" ordinal="0" offset="0" sl="415" sc="0" el="415" ec="0" bec="0" bev="0" fileid="1" />
                <SequencePoint vc="0" uspid="167" ordinal="0" offset="1" sl="416" sc="0" el="416" ec="0" bec="0" bev="0" fileid="1" />
                <SequencePoint vc="0" uspid="168" ordinal="0" offset="43" sl="421" sc="0" el="421" ec="0" bec="0" bev="0" fileid="1" />
                <SequencePoint vc="0" uspid="169" ordinal="0" offset="51" sl="422" sc="0" el="422" ec="0" bec="0" bev="0" fileid="1" />
              </SequencePoints>
              <BranchPoints />
            </Method>
          </Methods>
        </Class>
        <Class>
          <Summary numSequencePoints="0" visitedSequencePoints="0" numBranchPoints="0" visitedBranchPoints="0" sequenceCoverage="0" branchCoverage="0" maxCyclomaticComplexity="0" minCyclomaticComplexity="0" maxCrapScore="0" minCrapScore="0" visitedClasses="0" numClasses="0" visitedMethods="0" numMethods="0" />
          <FullName>Scripts.Networking.MonoClient</FullName>
          <Methods>
            <Method visited="true" cyclomaticComplexity="0" nPathComplexity="0" sequenceCoverage="100.0" branchCoverage="0" crapScore="0" isConstructor="false" isStatic="true" isGetter="false" isSetter="true">
              <Summary numSequencePoints="0" visitedSequencePoints="0" numBranchPoints="0" visitedBranchPoints="0" sequenceCoverage="100.0" branchCoverage="0" maxCyclomaticComplexity="0" minCyclomaticComplexity="0" maxCrapScore="0" minCrapScore="0" visitedClasses="0" numClasses="0" visitedMethods="0" numMethods="0" />
              <MetadataToken>100663365</MetadataToken>
              <Name>static System.Void Scripts.Networking.MonoClient::set_Instance(Scripts.Networking.IClient)</Name>
              <FileRef uid="2" />
              <SequencePoints>
                <SequencePoint vc="12" uspid="170" ordinal="0" offset="0" sl="8" sc="42" el="8" ec="42" bec="0" bev="0" fileid="2" />
              </SequencePoints>
              <BranchPoints />
            </Method>
            <Method visited="true" cyclomaticComplexity="0" nPathComplexity="0" sequenceCoverage="100.0" branchCoverage="0" crapScore="0" isConstructor="false" isStatic="true" isGetter="true" isSetter="false">
              <Summary numSequencePoints="0" visitedSequencePoints="0" numBranchPoints="0" visitedBranchPoints="0" sequenceCoverage="100.0" branchCoverage="0" maxCyclomaticComplexity="0" minCyclomaticComplexity="0" maxCrapScore="0" minCrapScore="0" visitedClasses="0" numClasses="0" visitedMethods="0" numMethods="0" />
              <MetadataToken>100663366</MetadataToken>
              <Name>static Scripts.Networking.IClient Scripts.Networking.MonoClient::get_Instance()</Name>
              <FileRef uid="2" />
              <SequencePoints>
                <SequencePoint vc="3871" uspid="171" ordinal="0" offset="0" sl="8" sc="47" el="8" ec="47" bec="0" bev="0" fileid="2" />
              </SequencePoints>
              <BranchPoints />
            </Method>
            <Method visited="true" cyclomaticComplexity="0" nPathComplexity="0" sequenceCoverage="100.0" branchCoverage="0" crapScore="0" isConstructor="false" isStatic="false" isGetter="false" isSetter="false">
              <Summary numSequencePoints="0" visitedSequencePoints="0" numBranchPoints="0" visitedBranchPoints="0" sequenceCoverage="100.0" branchCoverage="0" maxCyclomaticComplexity="0" minCyclomaticComplexity="0" maxCrapScore="0" minCrapScore="0" visitedClasses="0" numClasses="0" visitedMethods="0" numMethods="0" />
              <MetadataToken>100663367</MetadataToken>
              <Name>System.Void Scripts.Networking.MonoClient::Start()</Name>
              <FileRef uid="2" />
              <SequencePoints>
                <SequencePoint vc="15" uspid="172" ordinal="0" offset="0" sl="11" sc="9" el="11" ec="9" bec="0" bev="0" fileid="2" />
                <SequencePoint vc="15" uspid="173" ordinal="0" offset="1" sl="12" sc="13" el="12" ec="13" bec="0" bev="0" fileid="2" />
                <SequencePoint vc="1" uspid="174" ordinal="0" offset="13" sl="13" sc="17" el="13" ec="17" bec="0" bev="0" fileid="2" />
                <SequencePoint vc="15" uspid="175" ordinal="0" offset="24" sl="14" sc="13" el="14" ec="13" bec="0" bev="0" fileid="2" />
                <SequencePoint vc="15" uspid="176" ordinal="0" offset="36" sl="15" sc="13" el="15" ec="13" bec="0" bev="0" fileid="2" />
                <SequencePoint vc="15" uspid="177" ordinal="0" offset="47" sl="16" sc="9" el="16" ec="9" bec="0" bev="0" fileid="2" />
              </SequencePoints>
              <BranchPoints />
            </Method>
            <Method visited="true" cyclomaticComplexity="0" nPathComplexity="0" sequenceCoverage="100.0" branchCoverage="0" crapScore="0" isConstructor="false" isStatic="false" isGetter="false" isSetter="false">
              <Summary numSequencePoints="0" visitedSequencePoints="0" numBranchPoints="0" visitedBranchPoints="0" sequenceCoverage="100.0" branchCoverage="0" maxCyclomaticComplexity="0" minCyclomaticComplexity="0" maxCrapScore="0" minCrapScore="0" visitedClasses="0" numClasses="0" visitedMethods="0" numMethods="0" />
              <MetadataToken>100663368</MetadataToken>
              <Name>System.Void Scripts.Networking.MonoClient::Update()</Name>
              <FileRef uid="2" />
              <SequencePoints>
                <SequencePoint vc="3803" uspid="178" ordinal="0" offset="0" sl="19" sc="9" el="19" ec="9" bec="0" bev="0" fileid="2" />
                <SequencePoint vc="3803" uspid="179" ordinal="0" offset="1" sl="20" sc="13" el="20" ec="13" bec="0" bev="0" fileid="2" />
                <SequencePoint vc="3803" uspid="180" ordinal="0" offset="12" sl="21" sc="9" el="21" ec="9" bec="0" bev="0" fileid="2" />
              </SequencePoints>
              <BranchPoints />
            </Method>
          </Methods>
        </Class>
        <Class>
          <Summary numSequencePoints="0" visitedSequencePoints="0" numBranchPoints="0" visitedBranchPoints="0" sequenceCoverage="0" branchCoverage="0" maxCyclomaticComplexity="0" minCyclomaticComplexity="0" maxCrapScore="0" minCrapScore="0" visitedClasses="0" numClasses="0" visitedMethods="0" numMethods="0" />
          <FullName>Scripts.Networking.ServerPreferences</FullName>
          <Methods>
            <Method visited="true" cyclomaticComplexity="0" nPathComplexity="0" sequenceCoverage="100.0" branchCoverage="0" crapScore="0" isConstructor="false" isStatic="false" isGetter="false" isSetter="false">
              <Summary numSequencePoints="0" visitedSequencePoints="0" numBranchPoints="0" visitedBranchPoints="0" sequenceCoverage="100.0" branchCoverage="0" maxCyclomaticComplexity="0" minCyclomaticComplexity="0" maxCrapScore="0" minCrapScore="0" visitedClasses="0" numClasses="0" visitedMethods="0" numMethods="0" />
              <MetadataToken>100663370</MetadataToken>
              <Name>System.Void Scripts.Networking.ServerPreferences::Start()</Name>
              <FileRef uid="3" />
              <SequencePoints>
                <SequencePoint vc="9" uspid="181" ordinal="0" offset="0" sl="22" sc="9" el="22" ec="9" bec="0" bev="0" fileid="3" />
                <SequencePoint vc="9" uspid="182" ordinal="0" offset="1" sl="23" sc="13" el="23" ec="13" bec="0" bev="0" fileid="3" />
                <SequencePoint vc="9" uspid="183" ordinal="0" offset="13" sl="24" sc="9" el="24" ec="9" bec="0" bev="0" fileid="3" />
              </SequencePoints>
              <BranchPoints />
            </Method>
            <Method visited="true" cyclomaticComplexity="0" nPathComplexity="0" sequenceCoverage="100.0" branchCoverage="0" crapScore="0" isConstructor="false" isStatic="false" isGetter="false" isSetter="false">
              <Summary numSequencePoints="0" visitedSequencePoints="0" numBranchPoints="0" visitedBranchPoints="0" sequenceCoverage="100.0" branchCoverage="0" maxCyclomaticComplexity="0" minCyclomaticComplexity="0" maxCrapScore="0" minCrapScore="0" visitedClasses="0" numClasses="0" visitedMethods="0" numMethods="0" />
              <MetadataToken>100663371</MetadataToken>
              <Name>System.String Scripts.Networking.ServerPreferences::GetIP()</Name>
              <FileRef uid="3" />
              <SequencePoints>
                <SequencePoint vc="16" uspid="184" ordinal="0" offset="0" sl="31" sc="9" el="31" ec="9" bec="0" bev="0" fileid="3" />
                <SequencePoint vc="16" uspid="185" ordinal="0" offset="1" sl="32" sc="13" el="32" ec="13" bec="0" bev="0" fileid="3" />
                <SequencePoint vc="16" uspid="186" ordinal="0" offset="9" sl="33" sc="9" el="33" ec="9" bec="0" bev="0" fileid="3" />
              </SequencePoints>
              <BranchPoints />
            </Method>
            <Method visited="false" cyclomaticComplexity="0" nPathComplexity="0" sequenceCoverage="0.0" branchCoverage="0" crapScore="0" isConstructor="false" isStatic="false" isGetter="false" isSetter="false">
              <Summary numSequencePoints="0" visitedSequencePoints="0" numBranchPoints="0" visitedBranchPoints="0" sequenceCoverage="0.0" branchCoverage="0" maxCyclomaticComplexity="0" minCyclomaticComplexity="0" maxCrapScore="0" minCrapScore="0" visitedClasses="0" numClasses="0" visitedMethods="0" numMethods="0" />
              <MetadataToken>100663372</MetadataToken>
              <Name>System.Int32 Scripts.Networking.ServerPreferences::GetPort()</Name>
              <FileRef uid="3" />
              <SequencePoints>
                <SequencePoint vc="0" uspid="187" ordinal="0" offset="0" sl="40" sc="0" el="40" ec="0" bec="0" bev="0" fileid="3" />
                <SequencePoint vc="0" uspid="188" ordinal="0" offset="1" sl="41" sc="0" el="41" ec="0" bec="0" bev="0" fileid="3" />
                <SequencePoint vc="0" uspid="189" ordinal="0" offset="9" sl="42" sc="0" el="42" ec="0" bec="0" bev="0" fileid="3" />
              </SequencePoints>
              <BranchPoints />
            </Method>
            <Method visited="false" cyclomaticComplexity="0" nPathComplexity="0" sequenceCoverage="0.0" branchCoverage="0" crapScore="0" isConstructor="false" isStatic="false" isGetter="false" isSetter="false">
              <Summary numSequencePoints="0" visitedSequencePoints="0" numBranchPoints="0" visitedBranchPoints="0" sequenceCoverage="0.0" branchCoverage="0" maxCyclomaticComplexity="0" minCyclomaticComplexity="0" maxCrapScore="0" minCrapScore="0" visitedClasses="0" numClasses="0" visitedMethods="0" numMethods="0" />
              <MetadataToken>100663373</MetadataToken>
              <Name>System.Void Scripts.Networking.ServerPreferences::SetValues()</Name>
              <FileRef uid="3" />
              <SequencePoints>
                <SequencePoint vc="0" uspid="190" ordinal="0" offset="0" sl="48" sc="0" el="48" ec="0" bec="0" bev="0" fileid="3" />
                <SequencePoint vc="0" uspid="191" ordinal="0" offset="1" sl="49" sc="0" el="49" ec="0" bec="0" bev="0" fileid="3" />
                <SequencePoint vc="0" uspid="192" ordinal="0" offset="17" sl="50" sc="0" el="50" ec="0" bec="0" bev="0" fileid="3" />
                <SequencePoint vc="0" uspid="193" ordinal="0" offset="27" sl="51" sc="0" el="51" ec="0" bec="0" bev="0" fileid="3" />
                <SequencePoint vc="0" uspid="194" ordinal="0" offset="58" sl="52" sc="0" el="52" ec="0" bec="0" bev="0" fileid="3" />
                <SequencePoint vc="0" uspid="195" ordinal="0" offset="65" sl="53" sc="0" el="53" ec="0" bec="0" bev="0" fileid="3" />
              </SequencePoints>
              <BranchPoints />
            </Method>
            <Method visited="true" cyclomaticComplexity="0" nPathComplexity="0" sequenceCoverage="100.0" branchCoverage="0" crapScore="0" isConstructor="false" isStatic="false" isGetter="false" isSetter="false">
              <Summary numSequencePoints="0" visitedSequencePoints="0" numBranchPoints="0" visitedBranchPoints="0" sequenceCoverage="100.0" branchCoverage="0" maxCyclomaticComplexity="0" minCyclomaticComplexity="0" maxCrapScore="0" minCrapScore="0" visitedClasses="0" numClasses="0" visitedMethods="0" numMethods="0" />
              <MetadataToken>100663374</MetadataToken>
              <Name>System.Void Scripts.Networking.ServerPreferences::SetValues(System.String, System.Int32)</Name>
              <FileRef uid="3" />
              <SequencePoints>
                <SequencePoint vc="8" uspid="196" ordinal="0" offset="0" sl="61" sc="9" el="61" ec="9" bec="0" bev="0" fileid="3" />
                <SequencePoint vc="8" uspid="197" ordinal="0" offset="1" sl="62" sc="13" el="62" ec="13" bec="0" bev="0" fileid="3" />
                <SequencePoint vc="8" uspid="198" ordinal="0" offset="7" sl="63" sc="13" el="63" ec="13" bec="0" bev="0" fileid="3" />
                <SequencePoint vc="8" uspid="199" ordinal="0" offset="13" sl="64" sc="9" el="64" ec="9" bec="0" bev="0" fileid="3" />
              </SequencePoints>
              <BranchPoints />
            </Method>
            <Method visited="false" cyclomaticComplexity="0" nPathComplexity="0" sequenceCoverage="0.0" branchCoverage="0" crapScore="0" isConstructor="false" isStatic="false" isGetter="false" isSetter="false">
              <Summary numSequencePoints="0" visitedSequencePoints="0" numBranchPoints="0" visitedBranchPoints="0" sequenceCoverage="0.0" branchCoverage="0" maxCyclomaticComplexity="0" minCyclomaticComplexity="0" maxCrapScore="0" minCrapScore="0" visitedClasses="0" numClasses="0" visitedMethods="0" numMethods="0" />
              <MetadataToken>100663375</MetadataToken>
              <Name>System.Void Scripts.Networking.ServerPreferences::TestLocalhost()</Name>
              <FileRef uid="3" />
              <SequencePoints>
                <SequencePoint vc="0" uspid="200" ordinal="0" offset="0" sl="70" sc="0" el="70" ec="0" bec="0" bev="0" fileid="3" />
                <SequencePoint vc="0" uspid="201" ordinal="0" offset="1" sl="71" sc="0" el="71" ec="0" bec="0" bev="0" fileid="3" />
                <SequencePoint vc="0" uspid="202" ordinal="0" offset="11" sl="72" sc="0" el="72" ec="0" bec="0" bev="0" fileid="3" />
                <SequencePoint vc="0" uspid="203" ordinal="0" offset="21" sl="73" sc="0" el="73" ec="0" bec="0" bev="0" fileid="3" />
                <SequencePoint vc="0" uspid="204" ordinal="0" offset="32" sl="74" sc="0" el="74" ec="0" bec="0" bev="0" fileid="3" />
                <SequencePoint vc="0" uspid="205" ordinal="0" offset="39" sl="75" sc="0" el="75" ec="0" bec="0" bev="0" fileid="3" />
              </SequencePoints>
              <BranchPoints />
            </Method>
          </Methods>
        </Class>
        <Class>
          <Summary numSequencePoints="0" visitedSequencePoints="0" numBranchPoints="0" visitedBranchPoints="0" sequenceCoverage="0" branchCoverage="0" maxCyclomaticComplexity="0" minCyclomaticComplexity="0" maxCrapScore="0" minCrapScore="0" visitedClasses="0" numClasses="0" visitedMethods="0" numMethods="0" />
          <FullName>Scripts.Menus.MainMenuButtons</FullName>
          <Methods>
            <Method visited="true" cyclomaticComplexity="0" nPathComplexity="0" sequenceCoverage="100.0" branchCoverage="0" crapScore="0" isConstructor="false" isStatic="true" isGetter="false" isSetter="true">
              <Summary numSequencePoints="0" visitedSequencePoints="0" numBranchPoints="0" visitedBranchPoints="0" sequenceCoverage="100.0" branchCoverage="0" maxCyclomaticComplexity="0" minCyclomaticComplexity="0" maxCrapScore="0" minCrapScore="0" visitedClasses="0" numClasses="0" visitedMethods="0" numMethods="0" />
              <MetadataToken>100663377</MetadataToken>
              <Name>static System.Void Scripts.Menus.MainMenuButtons::set_MainCanvas(UnityEngine.Canvas)</Name>
              <FileRef uid="4" />
              <SequencePoints>
                <SequencePoint vc="2" uspid="206" ordinal="0" offset="0" sl="19" sc="43" el="19" ec="43" bec="0" bev="0" fileid="4" />
              </SequencePoints>
              <BranchPoints />
            </Method>
            <Method visited="true" cyclomaticComplexity="0" nPathComplexity="0" sequenceCoverage="100.0" branchCoverage="0" crapScore="0" isConstructor="false" isStatic="true" isGetter="true" isSetter="false">
              <Summary numSequencePoints="0" visitedSequencePoints="0" numBranchPoints="0" visitedBranchPoints="0" sequenceCoverage="100.0" branchCoverage="0" maxCyclomaticComplexity="0" minCyclomaticComplexity="0" maxCrapScore="0" minCrapScore="0" visitedClasses="0" numClasses="0" visitedMethods="0" numMethods="0" />
              <MetadataToken>100663378</MetadataToken>
              <Name>static UnityEngine.Canvas Scripts.Menus.MainMenuButtons::get_MainCanvas()</Name>
              <FileRef uid="4" />
              <SequencePoints>
                <SequencePoint vc="3" uspid="207" ordinal="0" offset="0" sl="19" sc="48" el="19" ec="48" bec="0" bev="0" fileid="4" />
              </SequencePoints>
              <BranchPoints />
            </Method>
            <Method visited="true" cyclomaticComplexity="0" nPathComplexity="0" sequenceCoverage="100.0" branchCoverage="0" crapScore="0" isConstructor="false" isStatic="true" isGetter="false" isSetter="true">
              <Summary numSequencePoints="0" visitedSequencePoints="0" numBranchPoints="0" visitedBranchPoints="0" sequenceCoverage="100.0" branchCoverage="0" maxCyclomaticComplexity="0" minCyclomaticComplexity="0" maxCrapScore="0" minCrapScore="0" visitedClasses="0" numClasses="0" visitedMethods="0" numMethods="0" />
              <MetadataToken>100663379</MetadataToken>
              <Name>static System.Void Scripts.Menus.MainMenuButtons::set_OptionsCanvas(UnityEngine.Canvas)</Name>
              <FileRef uid="4" />
              <SequencePoints>
                <SequencePoint vc="2" uspid="208" ordinal="0" offset="0" sl="20" sc="46" el="20" ec="46" bec="0" bev="0" fileid="4" />
              </SequencePoints>
              <BranchPoints />
            </Method>
            <Method visited="true" cyclomaticComplexity="0" nPathComplexity="0" sequenceCoverage="100.0" branchCoverage="0" crapScore="0" isConstructor="false" isStatic="true" isGetter="true" isSetter="false">
              <Summary numSequencePoints="0" visitedSequencePoints="0" numBranchPoints="0" visitedBranchPoints="0" sequenceCoverage="100.0" branchCoverage="0" maxCyclomaticComplexity="0" minCyclomaticComplexity="0" maxCrapScore="0" minCrapScore="0" visitedClasses="0" numClasses="0" visitedMethods="0" numMethods="0" />
              <MetadataToken>100663380</MetadataToken>
              <Name>static UnityEngine.Canvas Scripts.Menus.MainMenuButtons::get_OptionsCanvas()</Name>
              <FileRef uid="4" />
              <SequencePoints>
                <SequencePoint vc="3" uspid="209" ordinal="0" offset="0" sl="20" sc="51" el="20" ec="51" bec="0" bev="0" fileid="4" />
              </SequencePoints>
              <BranchPoints />
            </Method>
            <Method visited="true" cyclomaticComplexity="0" nPathComplexity="0" sequenceCoverage="100.0" branchCoverage="0" crapScore="0" isConstructor="false" isStatic="false" isGetter="false" isSetter="false">
              <Summary numSequencePoints="0" visitedSequencePoints="0" numBranchPoints="0" visitedBranchPoints="0" sequenceCoverage="100.0" branchCoverage="0" maxCyclomaticComplexity="0" minCyclomaticComplexity="0" maxCrapScore="0" minCrapScore="0" visitedClasses="0" numClasses="0" visitedMethods="0" numMethods="0" />
              <MetadataToken>100663381</MetadataToken>
              <Name>System.Void Scripts.Menus.MainMenuButtons::Start()</Name>
              <FileRef uid="4" />
              <SequencePoints>
                <SequencePoint vc="2" uspid="210" ordinal="0" offset="0" sl="23" sc="9" el="23" ec="9" bec="0" bev="0" fileid="4" />
                <SequencePoint vc="2" uspid="211" ordinal="0" offset="1" sl="24" sc="13" el="24" ec="13" bec="0" bev="0" fileid="4" />
                <SequencePoint vc="2" uspid="212" ordinal="0" offset="49" sl="25" sc="13" el="25" ec="13" bec="0" bev="0" fileid="4" />
                <SequencePoint vc="2" uspid="213" ordinal="0" offset="97" sl="26" sc="13" el="26" ec="13" bec="0" bev="0" fileid="4" />
                <SequencePoint vc="2" uspid="214" ordinal="0" offset="126" sl="27" sc="13" el="27" ec="13" bec="0" bev="0" fileid="4" />
                <SequencePoint vc="2" uspid="215" ordinal="0" offset="155" sl="28" sc="13" el="28" ec="13" bec="0" bev="0" fileid="4" />
                <SequencePoint vc="2" uspid="216" ordinal="0" offset="184" sl="29" sc="13" el="29" ec="13" bec="0" bev="0" fileid="4" />
                <SequencePoint vc="2" uspid="217" ordinal="0" offset="213" sl="30" sc="13" el="30" ec="13" bec="0" bev="0" fileid="4" />
                <SequencePoint vc="2" uspid="218" ordinal="0" offset="242" sl="42" sc="13" el="42" ec="13" bec="0" bev="0" fileid="4" />
                <SequencePoint vc="2" uspid="219" ordinal="0" offset="254" sl="43" sc="13" el="43" ec="13" bec="0" bev="0" fileid="4" />
[...]
              <Summary numSequencePoints="0" visitedSequencePoints="0" numBranchPoints="0" visitedBranchPoints="0" sequenceCoverage="100.0" branchCoverage="0" maxCyclomaticComplexity="0" minCyclomaticComplexity="0" maxCrapScore="0" minCrapScore="0" visitedClasses="0" numClasses="0" visitedMethods="0" numMethods="0" />
              <MetadataToken>100663645</MetadataToken>
              <Name>System.Void Scripts.Actions.PlayerMovement::FinishMovementAndReturn()</Name>
              <FileRef uid="19" />
              <SequencePoints>
                <SequencePoint vc="1" uspid="1128" ordinal="0" offset="0" sl="64" sc="9" el="64" ec="9" bec="0" bev="0" fileid="19" />
                <SequencePoint vc="1" uspid="1129" ordinal="0" offset="1" sl="65" sc="13" el="65" ec="13" bec="0" bev="0" fileid="19" />
                <SequencePoint vc="1" uspid="1130" ordinal="0" offset="8" sl="66" sc="13" el="66" ec="13" bec="0" bev="0" fileid="19" />
                <SequencePoint vc="1" uspid="1131" ordinal="0" offset="15" sl="67" sc="13" el="67" ec="13" bec="0" bev="0" fileid="19" />
                <SequencePoint vc="1" uspid="1132" ordinal="0" offset="26" sl="68" sc="13" el="68" ec="13" bec="0" bev="0" fileid="19" />
                <SequencePoint vc="1" uspid="1133" ordinal="0" offset="38" sl="69" sc="13" el="69" ec="13" bec="0" bev="0" fileid="19" />
                <SequencePoint vc="1" uspid="1134" ordinal="0" offset="51" sl="70" sc="13" el="70" ec="13" bec="0" bev="0" fileid="19" />
                <SequencePoint vc="1" uspid="1135" ordinal="0" offset="64" sl="71" sc="13" el="71" ec="13" bec="0" bev="0" fileid="19" />
                <SequencePoint vc="1" uspid="1136" ordinal="0" offset="120" sl="75" sc="9" el="75" ec="9" bec="0" bev="0" fileid="19" />
              </SequencePoints>
              <BranchPoints />
            </Method>
            <Method visited="true" cyclomaticComplexity="0" nPathComplexity="0" sequenceCoverage="100.0" branchCoverage="0" crapScore="0" isConstructor="false" isStatic="false" isGetter="false" isSetter="false">
              <Summary numSequencePoints="0" visitedSequencePoints="0" numBranchPoints="0" visitedBranchPoints="0" sequenceCoverage="100.0" branchCoverage="0" maxCyclomaticComplexity="0" minCyclomaticComplexity="0" maxCrapScore="0" minCrapScore="0" visitedClasses="0" numClasses="0" visitedMethods="0" numMethods="0" />
              <MetadataToken>100663646</MetadataToken>
              <Name>System.Void Scripts.Actions.PlayerMovement::Move(UnityEngine.Vector3)</Name>
              <FileRef uid="19" />
              <SequencePoints>
                <SequencePoint vc="4" uspid="1137" ordinal="0" offset="0" sl="80" sc="9" el="80" ec="9" bec="0" bev="0" fileid="19" />
                <SequencePoint vc="4" uspid="1138" ordinal="0" offset="1" sl="81" sc="13" el="81" ec="13" bec="0" bev="0" fileid="19" />
                <SequencePoint vc="2" uspid="1139" ordinal="0" offset="29" sl="82" sc="13" el="82" ec="13" bec="0" bev="0" fileid="19" />
                <SequencePoint vc="2" uspid="1140" ordinal="0" offset="30" sl="83" sc="17" el="83" ec="17" bec="0" bev="0" fileid="19" />
                <SequencePoint vc="2" uspid="1141" ordinal="0" offset="49" sl="84" sc="17" el="84" ec="17" bec="0" bev="0" fileid="19" />
                <SequencePoint vc="2" uspid="1142" ordinal="0" offset="68" sl="85" sc="13" el="85" ec="13" bec="0" bev="0" fileid="19" />
                <SequencePoint vc="4" uspid="1143" ordinal="0" offset="69" sl="86" sc="13" el="86" ec="13" bec="0" bev="0" fileid="19" />
                <SequencePoint vc="4" uspid="1144" ordinal="0" offset="81" sl="87" sc="13" el="87" ec="13" bec="0" bev="0" fileid="19" />
                <SequencePoint vc="4" uspid="1145" ordinal="0" offset="94" sl="88" sc="13" el="88" ec="13" bec="0" bev="0" fileid="19" />
                <SequencePoint vc="4" uspid="1146" ordinal="0" offset="106" sl="89" sc="9" el="89" ec="9" bec="0" bev="0" fileid="19" />
              </SequencePoints>
              <BranchPoints />
            </Method>
            <Method visited="true" cyclomaticComplexity="0" nPathComplexity="0" sequenceCoverage="100.0" branchCoverage="0" crapScore="0" isConstructor="false" isStatic="false" isGetter="false" isSetter="false">
              <Summary numSequencePoints="0" visitedSequencePoints="0" numBranchPoints="0" visitedBranchPoints="0" sequenceCoverage="100.0" branchCoverage="0" maxCyclomaticComplexity="0" minCyclomaticComplexity="0" maxCrapScore="0" minCrapScore="0" visitedClasses="0" numClasses="0" visitedMethods="0" numMethods="0" />
              <MetadataToken>100663647</MetadataToken>
              <Name>System.Void Scripts.Actions.PlayerMovement::ActivateMovement()</Name>
              <FileRef uid="19" />
              <SequencePoints>
                <SequencePoint vc="1" uspid="1147" ordinal="0" offset="0" sl="96" sc="9" el="96" ec="9" bec="0" bev="0" fileid="19" />
                <SequencePoint vc="1" uspid="1148" ordinal="0" offset="1" sl="97" sc="13" el="97" ec="13" bec="0" bev="0" fileid="19" />
                <SequencePoint vc="1" uspid="1149" ordinal="0" offset="8" sl="98" sc="13" el="98" ec="13" bec="0" bev="0" fileid="19" />
                <SequencePoint vc="1" uspid="1150" ordinal="0" offset="15" sl="99" sc="13" el="99" ec="13" bec="0" bev="0" fileid="19" />
                <SequencePoint vc="1" uspid="1151" ordinal="0" offset="41" sl="100" sc="13" el="100" ec="13" bec="0" bev="0" fileid="19" />
                <SequencePoint vc="1" uspid="1152" ordinal="0" offset="58" sl="101" sc="13" el="101" ec="13" bec="0" bev="0" fileid="19" />
                <SequencePoint vc="1" uspid="1153" ordinal="0" offset="81" sl="103" sc="9" el="103" ec="9" bec="0" bev="0" fileid="19" />
              </SequencePoints>
              <BranchPoints />
            </Method>
          </Methods>
        </Class>
        <Class>
          <Summary numSequencePoints="0" visitedSequencePoints="0" numBranchPoints="0" visitedBranchPoints="0" sequenceCoverage="0" branchCoverage="0" maxCyclomaticComplexity="0" minCyclomaticComplexity="0" maxCrapScore="0" minCrapScore="0" visitedClasses="0" numClasses="0" visitedMethods="0" numMethods="0" />
          <FullName>Scripts.Menus.MainMenuButtons/&lt;&gt;c</FullName>
          <Methods>
            <Method visited="false" cyclomaticComplexity="0" nPathComplexity="0" sequenceCoverage="0.0" branchCoverage="0" crapScore="0" isConstructor="false" isStatic="false" isGetter="false" isSetter="false">
              <Summary numSequencePoints="0" visitedSequencePoints="0" numBranchPoints="0" visitedBranchPoints="0" sequenceCoverage="0.0" branchCoverage="0" maxCyclomaticComplexity="0" minCyclomaticComplexity="0" maxCrapScore="0" minCrapScore="0" visitedClasses="0" numClasses="0" visitedMethods="0" numMethods="0" />
              <MetadataToken>100663651</MetadataToken>
              <Name>System.Void Scripts.Menus.MainMenuButtons/&lt;&gt;c::&lt;Start&gt;b__24_0()</Name>
              <FileRef uid="4" />
              <SequencePoints>
                <SequencePoint vc="0" uspid="1154" ordinal="0" offset="0" sl="24" sc="0" el="24" ec="0" bec="0" bev="0" fileid="4" />
              </SequencePoints>
              <BranchPoints />
            </Method>
            <Method visited="false" cyclomaticComplexity="0" nPathComplexity="0" sequenceCoverage="0.0" branchCoverage="0" crapScore="0" isConstructor="false" isStatic="false" isGetter="false" isSetter="false">
              <Summary numSequencePoints="0" visitedSequencePoints="0" numBranchPoints="0" visitedBranchPoints="0" sequenceCoverage="0.0" branchCoverage="0" maxCyclomaticComplexity="0" minCyclomaticComplexity="0" maxCrapScore="0" minCrapScore="0" visitedClasses="0" numClasses="0" visitedMethods="0" numMethods="0" />
              <MetadataToken>100663652</MetadataToken>
              <Name>System.Void Scripts.Menus.MainMenuButtons/&lt;&gt;c::&lt;Start&gt;b__24_1()</Name>
              <FileRef uid="4" />
              <SequencePoints>
                <SequencePoint vc="0" uspid="1155" ordinal="0" offset="0" sl="25" sc="0" el="25" ec="0" bec="0" bev="0" fileid="4" />
              </SequencePoints>
              <BranchPoints />
            </Method>
          </Methods>
        </Class>
        <Class>
          <Summary numSequencePoints="0" visitedSequencePoints="0" numBranchPoints="0" visitedBranchPoints="0" sequenceCoverage="0" branchCoverage="0" maxCyclomaticComplexity="0" minCyclomaticComplexity="0" maxCrapScore="0" minCrapScore="0" visitedClasses="0" numClasses="0" visitedMethods="0" numMethods="0" />
          <FullName>Scripts.Menus.MainMenuButtons/&lt;FadeOut&gt;d__26</FullName>
          <Methods>
            <Method visited="false" cyclomaticComplexity="0" nPathComplexity="0" sequenceCoverage="0.0" branchCoverage="0" crapScore="0" isConstructor="false" isStatic="false" isGetter="false" isSetter="false">
              <Summary numSequencePoints="0" visitedSequencePoints="0" numBranchPoints="0" visitedBranchPoints="0" sequenceCoverage="0.0" branchCoverage="0" maxCyclomaticComplexity="0" minCyclomaticComplexity="0" maxCrapScore="0" minCrapScore="0" visitedClasses="0" numClasses="0" visitedMethods="0" numMethods="0" />
              <MetadataToken>100663655</MetadataToken>
              <Name>System.Boolean Scripts.Menus.MainMenuButtons/&lt;FadeOut&gt;d__26::MoveNext()</Name>
              <FileRef uid="4" />
              <SequencePoints>
                <SequencePoint vc="0" uspid="1156" ordinal="0" offset="42" sl="58" sc="0" el="58" ec="0" bec="0" bev="0" fileid="4" />
                <SequencePoint vc="0" uspid="1157" ordinal="0" offset="43" sl="60" sc="0" el="60" ec="0" bec="0" bev="0" fileid="4" />
                <SequencePoint vc="0" uspid="1158" ordinal="0" offset="77" sl="62" sc="0" el="62" ec="0" bec="0" bev="0" fileid="4" />
                <SequencePoint vc="0" uspid="1159" ordinal="0" offset="78" sl="63" sc="0" el="63" ec="0" bec="0" bev="0" fileid="4" />
                <SequencePoint vc="0" uspid="1160" ordinal="0" offset="102" sl="64" sc="0" el="64" ec="0" bec="0" bev="0" fileid="4" />
                <SequencePoint vc="0" uspid="1161" ordinal="0" offset="125" sl="65" sc="0" el="65" ec="0" bec="0" bev="0" fileid="4" />
                <SequencePoint vc="0" uspid="1162" ordinal="0" offset="126" sl="61" sc="0" el="61" ec="0" bec="0" bev="0" fileid="4" />
                <SequencePoint vc="0" uspid="1163" ordinal="0" offset="148" sl="66" sc="0" el="66" ec="0" bec="0" bev="0" fileid="4" />
              </SequencePoints>
              <BranchPoints />
            </Method>
          </Methods>
        </Class>
        <Class>
          <Summary numSequencePoints="0" visitedSequencePoints="0" numBranchPoints="0" visitedBranchPoints="0" sequenceCoverage="0" branchCoverage="0" maxCyclomaticComplexity="0" minCyclomaticComplexity="0" maxCrapScore="0" minCrapScore="0" visitedClasses="0" numClasses="0" visitedMethods="0" numMethods="0" />
          <FullName>Scripts.ArmyBuilder.PopulateGrid/Build</FullName>
          <Methods>
            <Method visited="true" cyclomaticComplexity="0" nPathComplexity="0" sequenceCoverage="100.0" branchCoverage="0" crapScore="0" isConstructor="false" isStatic="false" isGetter="false" isSetter="true">
              <Summary numSequencePoints="0" visitedSequencePoints="0" numBranchPoints="0" visitedBranchPoints="0" sequenceCoverage="100.0" branchCoverage="0" maxCyclomaticComplexity="0" minCyclomaticComplexity="0" maxCrapScore="0" minCrapScore="0" visitedClasses="0" numClasses="0" visitedMethods="0" numMethods="0" />
              <MetadataToken>100663659</MetadataToken>
              <Name>System.Void Scripts.ArmyBuilder.PopulateGrid/Build::set_ChosenArmor(Scripts.ArmyBuilder.PopulateGrid/Armor)</Name>
              <FileRef uid="15" />
              <SequencePoints>
                <SequencePoint vc="20" uspid="1164" ordinal="0" offset="0" sl="46" sc="40" el="46" ec="40" bec="0" bev="0" fileid="15" />
              </SequencePoints>
              <BranchPoints />
            </Method>
            <Method visited="true" cyclomaticComplexity="0" nPathComplexity="0" sequenceCoverage="100.0" branchCoverage="0" crapScore="0" isConstructor="false" isStatic="false" isGetter="true" isSetter="false">
              <Summary numSequencePoints="0" visitedSequencePoints="0" numBranchPoints="0" visitedBranchPoints="0" sequenceCoverage="100.0" branchCoverage="0" maxCyclomaticComplexity="0" minCyclomaticComplexity="0" maxCrapScore="0" minCrapScore="0" visitedClasses="0" numClasses="0" visitedMethods="0" numMethods="0" />
              <MetadataToken>100663660</MetadataToken>
              <Name>Scripts.ArmyBuilder.PopulateGrid/Armor Scripts.ArmyBuilder.PopulateGrid/Build::get_ChosenArmor()</Name>
              <FileRef uid="15" />
              <SequencePoints>
                <SequencePoint vc="16" uspid="1165" ordinal="0" offset="0" sl="46" sc="45" el="46" ec="45" bec="0" bev="0" fileid="15" />
              </SequencePoints>
              <BranchPoints />
            </Method>
            <Method visited="true" cyclomaticComplexity="0" nPathComplexity="0" sequenceCoverage="100.0" branchCoverage="0" crapScore="0" isConstructor="false" isStatic="false" isGetter="false" isSetter="true">
              <Summary numSequencePoints="0" visitedSequencePoints="0" numBranchPoints="0" visitedBranchPoints="0" sequenceCoverage="100.0" branchCoverage="0" maxCyclomaticComplexity="0" minCyclomaticComplexity="0" maxCrapScore="0" minCrapScore="0" visitedClasses="0" numClasses="0" visitedMethods="0" numMethods="0" />
              <MetadataToken>100663661</MetadataToken>
              <Name>System.Void Scripts.ArmyBuilder.PopulateGrid/Build::set_ChosenWeapon(Scripts.ArmyBuilder.PopulateGrid/Weapon)</Name>
              <FileRef uid="15" />
              <SequencePoints>
                <SequencePoint vc="20" uspid="1166" ordinal="0" offset="0" sl="47" sc="42" el="47" ec="42" bec="0" bev="0" fileid="15" />
              </SequencePoints>
              <BranchPoints />
            </Method>
            <Method visited="true" cyclomaticComplexity="0" nPathComplexity="0" sequenceCoverage="100.0" branchCoverage="0" crapScore="0" isConstructor="false" isStatic="false" isGetter="true" isSetter="false">
              <Summary numSequencePoints="0" visitedSequencePoints="0" numBranchPoints="0" visitedBranchPoints="0" sequenceCoverage="100.0" branchCoverage="0" maxCyclomaticComplexity="0" minCyclomaticComplexity="0" maxCrapScore="0" minCrapScore="0" visitedClasses="0" numClasses="0" visitedMethods="0" numMethods="0" />
              <MetadataToken>100663662</MetadataToken>
              <Name>Scripts.ArmyBuilder.PopulateGrid/Weapon Scripts.ArmyBuilder.PopulateGrid/Build::get_ChosenWeapon()</Name>
              <FileRef uid="15" />
              <SequencePoints>
                <SequencePoint vc="16" uspid="1167" ordinal="0" offset="0" sl="47" sc="47" el="47" ec="47" bec="0" bev="0" fileid="15" />
              </SequencePoints>
              <BranchPoints />
            </Method>
            <Method visited="true" cyclomaticComplexity="0" nPathComplexity="0" sequenceCoverage="100.0" branchCoverage="0" crapScore="0" isConstructor="false" isStatic="false" isGetter="false" isSetter="true">
              <Summary numSequencePoints="0" visitedSequencePoints="0" numBranchPoints="0" visitedBranchPoints="0" sequenceCoverage="100.0" branchCoverage="0" maxCyclomaticComplexity="0" minCyclomaticComplexity="0" maxCrapScore="0" minCrapScore="0" visitedClasses="0" numClasses="0" visitedMethods="0" numMethods="0" />
              <MetadataToken>100663663</MetadataToken>
              <Name>System.Void Scripts.ArmyBuilder.PopulateGrid/Build::set_ChosenTroop(Scripts.ArmyBuilder.PopulateGrid/Troop)</Name>
              <FileRef uid="15" />
              <SequencePoints>
                <SequencePoint vc="20" uspid="1168" ordinal="0" offset="0" sl="48" sc="40" el="48" ec="40" bec="0" bev="0" fileid="15" />
              </SequencePoints>
              <BranchPoints />
            </Method>
            <Method visited="true" cyclomaticComplexity="0" nPathComplexity="0" sequenceCoverage="100.0" branchCoverage="0" crapScore="0" isConstructor="false" isStatic="false" isGetter="true" isSetter="false">
              <Summary numSequencePoints="0" visitedSequencePoints="0" numBranchPoints="0" visitedBranchPoints="0" sequenceCoverage="100.0" branchCoverage="0" maxCyclomaticComplexity="0" minCyclomaticComplexity="0" maxCrapScore="0" minCrapScore="0" visitedClasses="0" numClasses="0" visitedMethods="0" numMethods="0" />
              <MetadataToken>100663664</MetadataToken>
              <Name>Scripts.ArmyBuilder.PopulateGrid/Troop Scripts.ArmyBuilder.PopulateGrid/Build::get_ChosenTroop()</Name>
              <FileRef uid="15" />
              <SequencePoints>
                <SequencePoint vc="11" uspid="1169" ordinal="0" offset="0" sl="48" sc="45" el="48" ec="45" bec="0" bev="0" fileid="15" />
              </SequencePoints>
              <BranchPoints />
            </Method>
            <Method visited="true" cyclomaticComplexity="0" nPathComplexity="0" sequenceCoverage="100.0" branchCoverage="0" crapScore="0" isConstructor="false" isStatic="false" isGetter="false" isSetter="false">
              <Summary numSequencePoints="0" visitedSequencePoints="0" numBranchPoints="0" visitedBranchPoints="0" sequenceCoverage="100.0" branchCoverage="0" maxCyclomaticComplexity="0" minCyclomaticComplexity="0" maxCrapScore="0" minCrapScore="0" visitedClasses="0" numClasses="0" visitedMethods="0" numMethods="0" />
              <MetadataToken>100663665</MetadataToken>
              <Name>Scripts.ArmyBuilder.PopulateGrid/Build Scripts.ArmyBuilder.PopulateGrid/Build::DeepCopy()</Name>
              <FileRef uid="15" />
              <SequencePoints>
                <SequencePoint vc="10" uspid="1170" ordinal="0" offset="0" sl="51" sc="13" el="51" ec="13" bec="0" bev="0" fileid="15" />
                <SequencePoint vc="10" uspid="1171" ordinal="0" offset="1" sl="52" sc="17" el="52" ec="17" bec="0" bev="0" fileid="15" />
                <SequencePoint vc="10" uspid="1172" ordinal="0" offset="53" sl="58" sc="17" el="58" ec="17" bec="0" bev="0" fileid="15" />
                <SequencePoint vc="10" uspid="1173" ordinal="0" offset="57" sl="59" sc="13" el="59" ec="13" bec="0" bev="0" fileid="15" />
              </SequencePoints>
              <BranchPoints />
            </Method>
            <Method visited="true" cyclomaticComplexity="0" nPathComplexity="0" sequenceCoverage="100.0" branchCoverage="0" crapScore="0" isConstructor="false" isStatic="false" isGetter="false" isSetter="false">
              <Summary numSequencePoints="0" visitedSequencePoints="0" numBranchPoints="0" visitedBranchPoints="0" sequenceCoverage="100.0" branchCoverage="0" maxCyclomaticComplexity="0" minCyclomaticComplexity="0" maxCrapScore="0" minCrapScore="0" visitedClasses="0" numClasses="0" visitedMethods="0" numMethods="0" />
              <MetadataToken>100663666</MetadataToken>
              <Name>System.String Scripts.ArmyBuilder.PopulateGrid/Build::ToString()</Name>
              <FileRef uid="15" />
              <SequencePoints>
                <SequencePoint vc="1" uspid="1174" ordinal="0" offset="0" sl="61" sc="13" el="61" ec="13" bec="0" bev="0" fileid="15" />
                <SequencePoint vc="1" uspid="1175" ordinal="0" offset="1" sl="62" sc="17" el="62" ec="17" bec="0" bev="0" fileid="15" />
                <SequencePoint vc="1" uspid="1176" ordinal="0" offset="47" sl="63" sc="13" el="63" ec="13" bec="0" bev="0" fileid="15" />
              </SequencePoints>
              <BranchPoints />
            </Method>
          </Methods>
        </Class>
      </Classes>
    </Module>
  </Modules>
</CoverageSession>