<?xml version="1.0" encoding="utf-8"?>
<CoverageSession xmlns:xsd="http://www.w3.org/2001/XMLSchema" xmlns:xsi="http://www.w3.org/2001/XMLSchema-instance" Version="0.0.0.0">
  <Summary numSequencePoints="0" visitedSequencePoints="0" numBranchPoints="0" visitedBranchPoints="0" sequenceCoverage="0" branchCoverage="0" maxCyclomaticComplexity="0" minCyclomaticComplexity="0" maxCrapScore="0" minCrapScore="0" visitedClasses="0" numClasses="0" visitedMethods="0" numMethods="0" />
  <Modules>
    <Module>
      <Summary numSequencePoints="0" visitedSequencePoints="0" numBranchPoints="0" visitedBranchPoints="0" sequenceCoverage="0" branchCoverage="0" maxCyclomaticComplexity="0" minCyclomaticComplexity="0" maxCrapScore="0" minCrapScore="0" visitedClasses="0" numClasses="0" visitedMethods="0" numMethods="0" />
      <ModuleTime>0001-01-01T00:00:00</ModuleTime>
      <ModuleName>Tests</ModuleName>
      <Files>
        <File uid="1" fullPath="/Users/nathanschulte/senior_project/senior_project/fear_client/Assets/Tests/PlayTests/TestBattlefieldCanvas.cs" />
        <File uid="2" fullPath="/Users/nathanschulte/senior_project/senior_project/fear_client/Assets/Tests/PlayTests/TestMagic.cs" />
        <File uid="3" fullPath="/Users/nathanschulte/senior_project/senior_project/fear_client/Assets/Tests/PlayTests/TestMainMenuBehavior.cs" />
        <File uid="4" fullPath="/Users/nathanschulte/senior_project/senior_project/fear_client/Assets/Tests/PlayTests/TestMovement.cs" />
        <File uid="5" fullPath="/Users/nathanschulte/senior_project/senior_project/fear_client/Assets/Tests/PlayTests/TestPropogate.cs" />
        <File uid="6" fullPath="/Users/nathanschulte/senior_project/senior_project/fear_client/Assets/Tests/PlayTests/TestSpotlight.cs" />
        <File uid="7" fullPath="/Users/nathanschulte/senior_project/senior_project/fear_client/Assets/Tests/PlayTests/TestArmyBuild.cs" />
      </Files>
      <Classes>
        <Class>
          <Summary numSequencePoints="0" visitedSequencePoints="0" numBranchPoints="0" visitedBranchPoints="0" sequenceCoverage="0" branchCoverage="0" maxCyclomaticComplexity="0" minCyclomaticComplexity="0" maxCrapScore="0" minCrapScore="0" visitedClasses="0" numClasses="0" visitedMethods="0" numMethods="0" />
          <FullName>PlayTests.TestBattlefieldCanvas</FullName>
          <Methods>
            <Method visited="false" cyclomaticComplexity="0" nPathComplexity="0" sequenceCoverage="0.0" branchCoverage="0" crapScore="0" isConstructor="false" isStatic="false" isGetter="false" isSetter="false">
              <Summary numSequencePoints="0" visitedSequencePoints="0" numBranchPoints="0" visitedBranchPoints="0" sequenceCoverage="0.0" branchCoverage="0" maxCyclomaticComplexity="0" minCyclomaticComplexity="0" maxCrapScore="0" minCrapScore="0" visitedClasses="0" numClasses="0" visitedMethods="0" numMethods="0" />
              <MetadataToken>100663297</MetadataToken>
              <Name>System.Void PlayTests.TestBattlefieldCanvas::Init()</Name>
              <FileRef uid="1" />
              <SequencePoints>
                <SequencePoint vc="0" uspid="1572" ordinal="0" offset="0" sl="17" sc="0" el="17" ec="0" bec="0" bev="0" fileid="1" />
                <SequencePoint vc="0" uspid="1573" ordinal="0" offset="1" sl="25" sc="0" el="25" ec="0" bec="0" bev="0" fileid="1" />
                <SequencePoint vc="0" uspid="1574" ordinal="0" offset="12" sl="26" sc="0" el="26" ec="0" bec="0" bev="0" fileid="1" />
              </SequencePoints>
              <BranchPoints />
            </Method>
          </Methods>
        </Class>
        <Class>
          <Summary numSequencePoints="0" visitedSequencePoints="0" numBranchPoints="0" visitedBranchPoints="0" sequenceCoverage="0" branchCoverage="0" maxCyclomaticComplexity="0" minCyclomaticComplexity="0" maxCrapScore="0" minCrapScore="0" visitedClasses="0" numClasses="0" visitedMethods="0" numMethods="0" />
          <FullName>PlayTests.TestMagic</FullName>
          <Methods>
            <Method visited="false" cyclomaticComplexity="0" nPathComplexity="0" sequenceCoverage="0.0" branchCoverage="0" crapScore="0" isConstructor="false" isStatic="false" isGetter="false" isSetter="false">
              <Summary numSequencePoints="0" visitedSequencePoints="0" numBranchPoints="0" visitedBranchPoints="0" sequenceCoverage="0.0" branchCoverage="0" maxCyclomaticComplexity="0" minCyclomaticComplexity="0" maxCrapScore="0" minCrapScore="0" visitedClasses="0" numClasses="0" visitedMethods="0" numMethods="0" />
              <MetadataToken>100663304</MetadataToken>
              <Name>System.Void PlayTests.TestMagic::OneTimeSetup()</Name>
              <FileRef uid="2" />
              <SequencePoints>
                <SequencePoint vc="0" uspid="1575" ordinal="0" offset="0" sl="20" sc="0" el="20" ec="0" bec="0" bev="0" fileid="2" />
                <SequencePoint vc="0" uspid="1576" ordinal="0" offset="1" sl="21" sc="0" el="21" ec="0" bec="0" bev="0" fileid="2" />
                <SequencePoint vc="0" uspid="1577" ordinal="0" offset="12" sl="22" sc="0" el="22" ec="0" bec="0" bev="0" fileid="2" />
                <SequencePoint vc="0" uspid="1578" ordinal="0" offset="18" sl="23" sc="0" el="23" ec="0" bec="0" bev="0" fileid="2" />
                <SequencePoint vc="0" uspid="1579" ordinal="0" offset="35" sl="24" sc="0" el="24" ec="0" bec="0" bev="0" fileid="2" />
                <SequencePoint vc="0" uspid="1580" ordinal="0" offset="42" sl="25" sc="0" el="25" ec="0" bec="0" bev="0" fileid="2" />
                <SequencePoint vc="0" uspid="1581" ordinal="0" offset="64" sl="27" sc="0" el="27" ec="0" bec="0" bev="0" fileid="2" />
                <SequencePoint vc="0" uspid="1582" ordinal="0" offset="70" sl="28" sc="0" el="28" ec="0" bec="0" bev="0" fileid="2" />
                <SequencePoint vc="0" uspid="1583" ordinal="0" offset="77" sl="29" sc="0" el="29" ec="0" bec="0" bev="0" fileid="2" />
                <SequencePoint vc="0" uspid="1584" ordinal="0" offset="93" sl="30" sc="0" el="30" ec="0" bec="0" bev="0" fileid="2" />
                <SequencePoint vc="0" uspid="1585" ordinal="0" offset="115" sl="31" sc="0" el="31" ec="0" bec="0" bev="0" fileid="2" />
                <SequencePoint vc="0" uspid="1586" ordinal="0" offset="126" sl="32" sc="0" el="32" ec="0" bec="0" bev="0" fileid="2" />
              </SequencePoints>
              <BranchPoints />
            </Method>
            <Method visited="false" cyclomaticComplexity="0" nPathComplexity="0" sequenceCoverage="0.0" branchCoverage="0" crapScore="0" isConstructor="false" isStatic="false" isGetter="false" isSetter="false">
              <Summary numSequencePoints="0" visitedSequencePoints="0" numBranchPoints="0" visitedBranchPoints="0" sequenceCoverage="0.0" branchCoverage="0" maxCyclomaticComplexity="0" minCyclomaticComplexity="0" maxCrapScore="0" minCrapScore="0" visitedClasses="0" numClasses="0" visitedMethods="0" numMethods="0" />
              <MetadataToken>100663312</MetadataToken>
              <Name>System.Void PlayTests.TestMagic::TearDown()</Name>
              <FileRef uid="2" />
              <SequencePoints>
                <SequencePoint vc="0" uspid="1587" ordinal="0" offset="0" sl="301" sc="0" el="301" ec="0" bec="0" bev="0" fileid="2" />
                <SequencePoint vc="0" uspid="1588" ordinal="0" offset="1" sl="302" sc="0" el="302" ec="0" bec="0" bev="0" fileid="2" />
                <SequencePoint vc="0" uspid="1589" ordinal="0" offset="17" sl="303" sc="0" el="303" ec="0" bec="0" bev="0" fileid="2" />
                <SequencePoint vc="0" uspid="1590" ordinal="0" offset="18" sl="303" sc="0" el="303" ec="0" bec="0" bev="0" fileid="2" />
                <SequencePoint vc="0" uspid="1591" ordinal="0" offset="32" sl="303" sc="0" el="303" ec="0" bec="0" bev="0" fileid="2" />
                <SequencePoint vc="0" uspid="1592" ordinal="0" offset="40" sl="304" sc="0" el="304" ec="0" bec="0" bev="0" fileid="2" />
                <SequencePoint vc="0" uspid="1593" ordinal="0" offset="41" sl="305" sc="0" el="305" ec="0" bec="0" bev="0" fileid="2" />
                <SequencePoint vc="0" uspid="1594" ordinal="0" offset="54" sl="306" sc="0" el="306" ec="0" bec="0" bev="0" fileid="2" />
                <SequencePoint vc="0" uspid="1595" ordinal="0" offset="55" sl="303" sc="0" el="303" ec="0" bec="0" bev="0" fileid="2" />
                <SequencePoint vc="0" uspid="1596" ordinal="0" offset="81" sl="307" sc="0" el="307" ec="0" bec="0" bev="0" fileid="2" />
                <SequencePoint vc="0" uspid="1597" ordinal="0" offset="93" sl="309" sc="0" el="309" ec="0" bec="0" bev="0" fileid="2" />
                <SequencePoint vc="0" uspid="1598" ordinal="0" offset="94" sl="309" sc="0" el="309" ec="0" bec="0" bev="0" fileid="2" />
                <SequencePoint vc="0" uspid="1599" ordinal="0" offset="108" sl="309" sc="0" el="309" ec="0" bec="0" bev="0" fileid="2" />
                <SequencePoint vc="0" uspid="1600" ordinal="0" offset="117" sl="310" sc="0" el="310" ec="0" bec="0" bev="0" fileid="2" />
                <SequencePoint vc="0" uspid="1601" ordinal="0" offset="118" sl="311" sc="0" el="311" ec="0" bec="0" bev="0" fileid="2" />
                <SequencePoint vc="0" uspid="1602" ordinal="0" offset="131" sl="312" sc="0" el="312" ec="0" bec="0" bev="0" fileid="2" />
                <SequencePoint vc="0" uspid="1603" ordinal="0" offset="132" sl="309" sc="0" el="309" ec="0" bec="0" bev="0" fileid="2" />
                <SequencePoint vc="0" uspid="1604" ordinal="0" offset="158" sl="313" sc="0" el="313" ec="0" bec="0" bev="0" fileid="2" />
                <SequencePoint vc="0" uspid="1605" ordinal="0" offset="170" sl="314" sc="0" el="314" ec="0" bec="0" bev="0" fileid="2" />
              </SequencePoints>
              <BranchPoints />
            </Method>
          </Methods>
        </Class>
        <Class>
          <Summary numSequencePoints="0" visitedSequencePoints="0" numBranchPoints="0" visitedBranchPoints="0" sequenceCoverage="0" branchCoverage="0" maxCyclomaticComplexity="0" minCyclomaticComplexity="0" maxCrapScore="0" minCrapScore="0" visitedClasses="0" numClasses="0" visitedMethods="0" numMethods="0" />
          <FullName>PlayTests.TestMainMenuBehavior</FullName>
          <Methods>
            <Method visited="false" cyclomaticComplexity="0" nPathComplexity="0" sequenceCoverage="0.0" branchCoverage="0" crapScore="0" isConstructor="false" isStatic="false" isGetter="false" isSetter="false">
              <Summary numSequencePoints="0" visitedSequencePoints="0" numBranchPoints="0" visitedBranchPoints="0" sequenceCoverage="0.0" branchCoverage="0" maxCyclomaticComplexity="0" minCyclomaticComplexity="0" maxCrapScore="0" minCrapScore="0" visitedClasses="0" numClasses="0" visitedMethods="0" numMethods="0" />
              <MetadataToken>100663314</MetadataToken>
              <Name>System.Void PlayTests.TestMainMenuBehavior::OneTimeSetup()</Name>
              <FileRef uid="3" />
              <SequencePoints>
                <SequencePoint vc="0" uspid="1606" ordinal="0" offset="0" sl="15" sc="0" el="15" ec="0" bec="0" bev="0" fileid="3" />
                <SequencePoint vc="0" uspid="1607" ordinal="0" offset="1" sl="16" sc="0" el="16" ec="0" bec="0" bev="0" fileid="3" />
                <SequencePoint vc="0" uspid="1608" ordinal="0" offset="8" sl="17" sc="0" el="17" ec="0" bec="0" bev="0" fileid="3" />
              </SequencePoints>
              <BranchPoints />
            </Method>
          </Methods>
        </Class>
        <Class>
          <Summary numSequencePoints="0" visitedSequencePoints="0" numBranchPoints="0" visitedBranchPoints="0" sequenceCoverage="0" branchCoverage="0" maxCyclomaticComplexity="0" minCyclomaticComplexity="0" maxCrapScore="0" minCrapScore="0" visitedClasses="0" numClasses="0" visitedMethods="0" numMethods="0" />
          <FullName>PlayTests.TestMovement</FullName>
          <Methods>
            <Method visited="false" cyclomaticComplexity="0" nPathComplexity="0" sequenceCoverage="0.0" branchCoverage="0" crapScore="0" isConstructor="false" isStatic="false" isGetter="false" isSetter="false">
              <Summary numSequencePoints="0" visitedSequencePoints="0" numBranchPoints="0" visitedBranchPoints="0" sequenceCoverage="0.0" branchCoverage="0" maxCyclomaticComplexity="0" minCyclomaticComplexity="0" maxCrapScore="0" minCrapScore="0" visitedClasses="0" numClasses="0" visitedMethods="0" numMethods="0" />
              <MetadataToken>100663318</MetadataToken>
              <Name>System.Void PlayTests.TestMovement::OneTimeSetup()</Name>
              <FileRef uid="4" />
              <SequencePoints>
                <SequencePoint vc="0" uspid="1609" ordinal="0" offset="0" sl="26" sc="0" el="26" ec="0" bec="0" bev="0" fileid="4" />
                <SequencePoint vc="0" uspid="1610" ordinal="0" offset="1" sl="27" sc="0" el="27" ec="0" bec="0" bev="0" fileid="4" />
                <SequencePoint vc="0" uspid="1611" ordinal="0" offset="12" sl="28" sc="0" el="28" ec="0" bec="0" bev="0" fileid="4" />
                <SequencePoint vc="0" uspid="1612" ordinal="0" offset="18" sl="29" sc="0" el="29" ec="0" bec="0" bev="0" fileid="4" />
                <SequencePoint vc="0" uspid="1613" ordinal="0" offset="35" sl="30" sc="0" el="30" ec="0" bec="0" bev="0" fileid="4" />
                <SequencePoint vc="0" uspid="1614" ordinal="0" offset="42" sl="31" sc="0" el="31" ec="0" bec="0" bev="0" fileid="4" />
                <SequencePoint vc="0" uspid="1615" ordinal="0" offset="64" sl="33" sc="0" el="33" ec="0" bec="0" bev="0" fileid="4" />
                <SequencePoint vc="0" uspid="1616" ordinal="0" offset="70" sl="34" sc="0" el="34" ec="0" bec="0" bev="0" fileid="4" />
                <SequencePoint vc="0" uspid="1617" ordinal="0" offset="77" sl="35" sc="0" el="35" ec="0" bec="0" bev="0" fileid="4" />
                <SequencePoint vc="0" uspid="1618" ordinal="0" offset="93" sl="36" sc="0" el="36" ec="0" bec="0" bev="0" fileid="4" />
                <SequencePoint vc="0" uspid="1619" ordinal="0" offset="115" sl="37" sc="0" el="37" ec="0" bec="0" bev="0" fileid="4" />
                <SequencePoint vc="0" uspid="1620" ordinal="0" offset="126" sl="38" sc="0" el="38" ec="0" bec="0" bev="0" fileid="4" />
              </SequencePoints>
              <BranchPoints />
            </Method>
            <Method visited="false" cyclomaticComplexity="0" nPathComplexity="0" sequenceCoverage="0.0" branchCoverage="0" crapScore="0" isConstructor="false" isStatic="false" isGetter="false" isSetter="false">
              <Summary numSequencePoints="0" visitedSequencePoints="0" numBranchPoints="0" visitedBranchPoints="0" sequenceCoverage="0.0" branchCoverage="0" maxCyclomaticComplexity="0" minCyclomaticComplexity="0" maxCrapScore="0" minCrapScore="0" visitedClasses="0" numClasses="0" visitedMethods="0" numMethods="0" />
              <MetadataToken>100663323</MetadataToken>
              <Name>System.Void PlayTests.TestMovement::TearDown()</Name>
              <FileRef uid="4" />
              <SequencePoints>
                <SequencePoint vc="0" uspid="1621" ordinal="0" offset="0" sl="142" sc="0" el="142" ec="0" bec="0" bev="0" fileid="4" />
                <SequencePoint vc="0" uspid="1622" ordinal="0" offset="1" sl="143" sc="0" el="143" ec="0" bec="0" bev="0" fileid="4" />
                <SequencePoint vc="0" uspid="1623" ordinal="0" offset="17" sl="144" sc="0" el="144" ec="0" bec="0" bev="0" fileid="4" />
                <SequencePoint vc="0" uspid="1624" ordinal="0" offset="18" sl="144" sc="0" el="144" ec="0" bec="0" bev="0" fileid="4" />
                <SequencePoint vc="0" uspid="1625" ordinal="0" offset="32" sl="144" sc="0" el="144" ec="0" bec="0" bev="0" fileid="4" />
                <SequencePoint vc="0" uspid="1626" ordinal="0" offset="40" sl="145" sc="0" el="145" ec="0" bec="0" bev="0" fileid="4" />
                <SequencePoint vc="0" uspid="1627" ordinal="0" offset="41" sl="146" sc="0" el="146" ec="0" bec="0" bev="0" fileid="4" />
                <SequencePoint vc="0" uspid="1628" ordinal="0" offset="54" sl="147" sc="0" el="147" ec="0" bec="0" bev="0" fileid="4" />
                <SequencePoint vc="0" uspid="1629" ordinal="0" offset="55" sl="144" sc="0" el="144" ec="0" bec="0" bev="0" fileid="4" />
                <SequencePoint vc="0" uspid="1630" ordinal="0" offset="81" sl="148" sc="0" el="148" ec="0" bec="0" bev="0" fileid="4" />
                <SequencePoint vc="0" uspid="1631" ordinal="0" offset="93" sl="150" sc="0" el="150" ec="0" bec="0" bev="0" fileid="4" />
                <SequencePoint vc="0" uspid="1632" ordinal="0" offset="94" sl="150" sc="0" el="150" ec="0" bec="0" bev="0" fileid="4" />
                <SequencePoint vc="0" uspid="1633" ordinal="0" offset="108" sl="150" sc="0" el="150" ec="0" bec="0" bev="0" fileid="4" />
                <SequencePoint vc="0" uspid="1634" ordinal="0" offset="117" sl="151" sc="0" el="151" ec="0" bec="0" bev="0" fileid="4" />
                <SequencePoint vc="0" uspid="1635" ordinal="0" offset="118" sl="152" sc="0" el="152" ec="0" bec="0" bev="0" fileid="4" />
                <SequencePoint vc="0" uspid="1636" ordinal="0" offset="131" sl="153" sc="0" el="153" ec="0" bec="0" bev="0" fileid="4" />
                <SequencePoint vc="0" uspid="1637" ordinal="0" offset="132" sl="150" sc="0" el="150" ec="0" bec="0" bev="0" fileid="4" />
                <SequencePoint vc="0" uspid="1638" ordinal="0" offset="158" sl="154" sc="0" el="154" ec="0" bec="0" bev="0" fileid="4" />
                <SequencePoint vc="0" uspid="1639" ordinal="0" offset="170" sl="155" sc="0" el="155" ec="0" bec="0" bev="0" fileid="4" />
              </SequencePoints>
              <BranchPoints />
            </Method>
          </Methods>
        </Class>
        <Class>
          <Summary numSequencePoints="0" visitedSequencePoints="0" numBranchPoints="0" visitedBranchPoints="0" sequenceCoverage="0" branchCoverage="0" maxCyclomaticComplexity="0" minCyclomaticComplexity="0" maxCrapScore="0" minCrapScore="0" visitedClasses="0" numClasses="0" visitedMethods="0" numMethods="0" />
          <FullName>PlayTests.TestPropogate</FullName>
          <Methods>
            <Method visited="false" cyclomaticComplexity="0" nPathComplexity="0" sequenceCoverage="0.0" branchCoverage="0" crapScore="0" isConstructor="false" isStatic="false" isGetter="false" isSetter="false">
              <Summary numSequencePoints="0" visitedSequencePoints="0" numBranchPoints="0" visitedBranchPoints="0" sequenceCoverage="0.0" branchCoverage="0" maxCyclomaticComplexity="0" minCyclomaticComplexity="0" maxCrapScore="0" minCrapScore="0" visitedClasses="0" numClasses="0" visitedMethods="0" numMethods="0" />
              <MetadataToken>100663325</MetadataToken>
              <Name>System.Void PlayTests.TestPropogate::Init()</Name>
              <FileRef uid="5" />
              <SequencePoints>
                <SequencePoint vc="0" uspid="1640" ordinal="0" offset="0" sl="17" sc="0" el="17" ec="0" bec="0" bev="0" fileid="5" />
                <SequencePoint vc="0" uspid="1641" ordinal="0" offset="1" sl="18" sc="0" el="18" ec="0" bec="0" bev="0" fileid="5" />
                <SequencePoint vc="0" uspid="1642" ordinal="0" offset="7" sl="19" sc="0" el="19" ec="0" bec="0" bev="0" fileid="5" />
                <SequencePoint vc="0" uspid="1643" ordinal="0" offset="24" sl="20" sc="0" el="20" ec="0" bec="0" bev="0" fileid="5" />
                <SequencePoint vc="0" uspid="1644" ordinal="0" offset="31" sl="21" sc="0" el="21" ec="0" bec="0" bev="0" fileid="5" />
                <SequencePoint vc="0" uspid="1645" ordinal="0" offset="53" sl="23" sc="0" el="23" ec="0" bec="0" bev="0" fileid="5" />
                <SequencePoint vc="0" uspid="1646" ordinal="0" offset="59" sl="24" sc="0" el="24" ec="0" bec="0" bev="0" fileid="5" />
                <SequencePoint vc="0" uspid="1647" ordinal="0" offset="66" sl="25" sc="0" el="25" ec="0" bec="0" bev="0" fileid="5" />
                <SequencePoint vc="0" uspid="1648" ordinal="0" offset="77" sl="26" sc="0" el="26" ec="0" bec="0" bev="0" fileid="5" />
              </SequencePoints>
              <BranchPoints />
            </Method>
          </Methods>
        </Class>
        <Class>
          <Summary numSequencePoints="0" visitedSequencePoints="0" numBranchPoints="0" visitedBranchPoints="0" sequenceCoverage="0" branchCoverage="0" maxCyclomaticComplexity="0" minCyclomaticComplexity="0" maxCrapScore="0" minCrapScore="0" visitedClasses="0" numClasses="0" visitedMethods="0" numMethods="0" />
          <FullName>PlayTests.TestSpotlight</FullName>
          <Methods>
            <Method visited="false" cyclomaticComplexity="0" nPathComplexity="0" sequenceCoverage="0.0" branchCoverage="0" crapScore="0" isConstructor="false" isStatic="false" isGetter="false" isSetter="false">
              <Summary numSequencePoints="0" visitedSequencePoints="0" numBranchPoints="0" visitedBranchPoints="0" sequenceCoverage="0.0" branchCoverage="0" maxCyclomaticComplexity="0" minCyclomaticComplexity="0" maxCrapScore="0" minCrapScore="0" visitedClasses="0" numClasses="0" visitedMethods="0" numMethods="0" />
              <MetadataToken>100663329</MetadataToken>
              <Name>System.Void PlayTests.TestSpotlight::Init()</Name>
              <FileRef uid="6" />
              <SequencePoints>
                <SequencePoint vc="0" uspid="1649" ordinal="0" offset="0" sl="16" sc="0" el="16" ec="0" bec="0" bev="0" fileid="6" />
                <SequencePoint vc="0" uspid="1650" ordinal="0" offset="1" sl="17" sc="0" el="17" ec="0" bec="0" bev="0" fileid="6" />
                <SequencePoint vc="0" uspid="1651" ordinal="0" offset="7" sl="18" sc="0" el="18" ec="0" bec="0" bev="0" fileid="6" />
                <SequencePoint vc="0" uspid="1652" ordinal="0" offset="24" sl="19" sc="0" el="19" ec="0" bec="0" bev="0" fileid="6" />
                <SequencePoint vc="0" uspid="1653" ordinal="0" offset="31" sl="20" sc="0" el="20" ec="0" bec="0" bev="0" fileid="6" />
                <SequencePoint vc="0" uspid="1654" ordinal="0" offset="53" sl="22" sc="0" el="22" ec="0" bec="0" bev="0" fileid="6" />
                <SequencePoint vc="0" uspid="1655" ordinal="0" offset="59" sl="23" sc="0" el="23" ec="0" bec="0" bev="0" fileid="6" />
                <SequencePoint vc="0" uspid="1656" ordinal="0" offset="66" sl="24" sc="0" el="24" ec="0" bec="0" bev="0" fileid="6" />
                <SequencePoint vc="0" uspid="1657" ordinal="0" offset="77" sl="25" sc="0" el="25" ec="0" bec="0" bev="0" fileid="6" />
              </SequencePoints>
              <BranchPoints />
            </Method>
            <Method visited="false" cyclomaticComplexity="0" nPathComplexity="0" sequenceCoverage="0.0" branchCoverage="0" crapScore="0" isConstructor="false" isStatic="false" isGetter="false" isSetter="false">
              <Summary numSequencePoints="0" visitedSequencePoints="0" numBranchPoints="0" visitedBranchPoints="0" sequenceCoverage="0.0" branchCoverage="0" maxCyclomaticComplexity="0" minCyclomaticComplexity="0" maxCrapScore="0" minCrapScore="0" visitedClasses="0" numClasses="0" visitedMethods="0" numMethods="0" />
              <MetadataToken>100663334</MetadataToken>
              <Name>System.Void PlayTests.TestSpotlight::TearDown()</Name>
              <FileRef uid="6" />
              <SequencePoints>
                <SequencePoint vc="0" uspid="1658" ordinal="0" offset="0" sl="107" sc="0" el="107" ec="0" bec="0" bev="0" fileid="6" />
                <SequencePoint vc="0" uspid="1659" ordinal="0" offset="1" sl="108" sc="0" el="108" ec="0" bec="0" bev="0" fileid="6" />
                <SequencePoint vc="0" uspid="1660" ordinal="0" offset="27" sl="109" sc="0" el="109" ec="0" bec="0" bev="0" fileid="6" />
                <SequencePoint vc="0" uspid="1661" ordinal="0" offset="53" sl="110" sc="0" el="110" ec="0" bec="0" bev="0" fileid="6" />
              </SequencePoints>
              <BranchPoints />
            </Method>
          </Methods>
        </Class>
        <Class>
          <Summary numSequencePoints="0" visitedSequencePoints="0" numBranchPoints="0" visitedBranchPoints="0" sequenceCoverage="0" branchCoverage="0" maxCyclomaticComplexity="0" minCyclomaticComplexity="0" maxCrapScore="0" minCrapScore="0" visitedClasses="0" numClasses="0" visitedMethods="0" numMethods="0" />
          <FullName>Tests.TestArmyBuild</FullName>
          <Methods>
            <Method visited="false" cyclomaticComplexity="0" nPathComplexity="0" sequenceCoverage="0.0" branchCoverage="0" crapScore="0" isConstructor="false" isStatic="false" isGetter="false" isSetter="false">
              <Summary numSequencePoints="0" visitedSequencePoints="0" numBranchPoints="0" visitedBranchPoints="0" sequenceCoverage="0.0" branchCoverage="0" maxCyclomaticComplexity="0" minCyclomaticComplexity="0" maxCrapScore="0" minCrapScore="0" visitedClasses="0" numClasses="0" visitedMethods="0" numMethods="0" />
              <MetadataToken>100663336</MetadataToken>
              <Name>System.Void Tests.TestArmyBuild::Init()</Name>
              <FileRef uid="7" />
              <SequencePoints>
                <SequencePoint vc="0" uspid="1662" ordinal="0" offset="0" sl="17" sc="0" el="17" ec="0" bec="0" bev="0" fileid="7" />
                <SequencePoint vc="0" uspid="1663" ordinal="0" offset="1" sl="18" sc="0" el="18" ec="0" bec="0" bev="0" fileid="7" />
                <SequencePoint vc="0" uspid="1664" ordinal="0" offset="7" sl="19" sc="0" el="19" ec="0" bec="0" bev="0" fileid="7" />
                <SequencePoint vc="0" uspid="1665" ordinal="0" offset="24" sl="20" sc="0" el="20" ec="0" bec="0" bev="0" fileid="7" />
                <SequencePoint vc="0" uspid="1666" ordinal="0" offset="31" sl="21" sc="0" el="21" ec="0" bec="0" bev="0" fileid="7" />
                <SequencePoint vc="0" uspid="1667" ordinal="0" offset="53" sl="23" sc="0" el="23" ec="0" bec="0" bev="0" fileid="7" />
                <SequencePoint vc="0" uspid="1668" ordinal="0" offset="59" sl="24" sc="0" el="24" ec="0" bec="0" bev="0" fileid="7" />
                <SequencePoint vc="0" uspid="1669" ordinal="0" offset="66" sl="25" sc="0" el="25" ec="0" bec="0" bev="0" fileid="7" />
                <SequencePoint vc="0" uspid="1670" ordinal="0" offset="77" sl="26" sc="0" el="26" ec="0" bec="0" bev="0" fileid="7" />
              </SequencePoints>
              <BranchPoints />
            </Method>
          </Methods>
        </Class>
        <Class>
          <Summary numSequencePoints="0" visitedSequencePoints="0" numBranchPoints="0" visitedBranchPoints="0" sequenceCoverage="0" branchCoverage="0" maxCyclomaticComplexity="0" minCyclomaticComplexity="0" maxCrapScore="0" minCrapScore="0" visitedClasses="0" numClasses="0" visitedMethods="0" numMethods="0" />
          <FullName>PlayTests.TestBattlefieldCanvas/&lt;SwitchToAttackPanel&gt;d__1</FullName>
          <Methods>
            <Method visited="false" cyclomaticComplexity="0" nPathComplexity="0" sequenceCoverage="0.0" branchCoverage="0" crapScore="0" isConstructor="false" isStatic="false" isGetter="false" isSetter="false">
              <Summary numSequencePoints="0" visitedSequencePoints="0" numBranchPoints="0" visitedBranchPoints="0" sequenceCoverage="0.0" branchCoverage="0" maxCyclomaticComplexity="0" minCyclomaticComplexity="0" maxCrapScore="0" minCrapScore="0" visitedClasses="0" numClasses="0" visitedMethods="0" numMethods="0" />
              <MetadataToken>100663342</MetadataToken>
              <Name>System.Boolean PlayTests.TestBattlefieldCanvas/&lt;SwitchToAttackPanel&gt;d__1::MoveNext()</Name>
              <FileRef uid="1" />
              <SequencePoints>
                <SequencePoint vc="0" uspid="1671" ordinal="0" offset="34" sl="30" sc="0" el="30" ec="0" bec="0" bev="0" fileid="1" />
                <SequencePoint vc="0" uspid="1672" ordinal="0" offset="35" sl="32" sc="0" el="32" ec="0" bec="0" bev="0" fileid="1" />
                <SequencePoint vc="0" uspid="1673" ordinal="0" offset="56" sl="35" sc="0" el="35" ec="0" bec="0" bev="0" fileid="1" />
                <SequencePoint vc="0" uspid="1674" ordinal="0" offset="72" sl="36" sc="0" el="36" ec="0" bec="0" bev="0" fileid="1" />
                <SequencePoint vc="0" uspid="1675" ordinal="0" offset="88" sl="37" sc="0" el="37" ec="0" bec="0" bev="0" fileid="1" />
                <SequencePoint vc="0" uspid="1676" ordinal="0" offset="104" sl="39" sc="0" el="39" ec="0" bec="0" bev="0" fileid="1" />
                <SequencePoint vc="0" uspid="1677" ordinal="0" offset="116" sl="42" sc="0" el="42" ec="0" bec="0" bev="0" fileid="1" />
                <SequencePoint vc="0" uspid="1678" ordinal="0" offset="133" sl="43" sc="0" el="43" ec="0" bec="0" bev="0" fileid="1" />
                <SequencePoint vc="0" uspid="1679" ordinal="0" offset="150" sl="44" sc="0" el="44" ec="0" bec="0" bev="0" fileid="1" />
                <SequencePoint vc="0" uspid="1680" ordinal="0" offset="167" sl="46" sc="0" el="46" ec="0" bec="0" bev="0" fileid="1" />
                <SequencePoint vc="0" uspid="1681" ordinal="0" offset="190" sl="47" sc="0" el="47" ec="0" bec="0" bev="0" fileid="1" />
              </SequencePoints>
              <BranchPoints />
            </Method>
          </Methods>
        </Class>
        <Class>
          <Summary numSequencePoints="0" visitedSequencePoints="0" numBranchPoints="0" visitedBranchPoints="0" sequenceCoverage="0" branchCoverage="0" maxCyclomaticComplexity="0" minCyclomaticComplexity="0" maxCrapScore="0" minCrapScore="0" visitedClasses="0" numClasses="0" visitedMethods="0" numMethods="0" />
          <FullName>PlayTests.TestBattlefieldCanvas/&lt;SwitchToMagicPanel&gt;d__2</FullName>
          <Methods>
            <Method visited="false" cyclomaticComplexity="0" nPathComplexity="0" sequenceCoverage="0.0" branchCoverage="0" crapScore="0" isConstructor="false" isStatic="false" isGetter="false" isSetter="false">
              <Summary numSequencePoints="0" visitedSequencePoints="0" numBranchPoints="0" visitedBranchPoints="0" sequenceCoverage="0.0" branchCoverage="0" maxCyclomaticComplexity="0" minCyclomaticComplexity="0" maxCrapScore="0" minCrapScore="0" visitedClasses="0" numClasses="0" visitedMethods="0" numMethods="0" />
              <MetadataToken>100663348</MetadataToken>
              <Name>System.Boolean PlayTests.TestBattlefieldCanvas/&lt;SwitchToMagicPanel&gt;d__2::MoveNext()</Name>
              <FileRef uid="1" />
              <SequencePoints>
                <SequencePoint vc="0" uspid="1682" ordinal="0" offset="34" sl="51" sc="0" el="51" ec="0" bec="0" bev="0" fileid="1" />
                <SequencePoint vc="0" uspid="1683" ordinal="0" offset="35" sl="53" sc="0" el="53" ec="0" bec="0" bev="0" fileid="1" />
                <SequencePoint vc="0" uspid="1684" ordinal="0" offset="56" sl="54" sc="0" el="54" ec="0" bec="0" bev="0" fileid="1" />
                <SequencePoint vc="0" uspid="1685" ordinal="0" offset="72" sl="55" sc="0" el="55" ec="0" bec="0" bev="0" fileid="1" />
                <SequencePoint vc="0" uspid="1686" ordinal="0" offset="88" sl="56" sc="0" el="56" ec="0" bec="0" bev="0" fileid="1" />
                <SequencePoint vc="0" uspid="1687" ordinal="0" offset="104" sl="58" sc="0" el="58" ec="0" bec="0" bev="0" fileid="1" />
                <SequencePoint vc="0" uspid="1688" ordinal="0" offset="116" sl="61" sc="0" el="61" ec="0" bec="0" bev="0" fileid="1" />
                <SequencePoint vc="0" uspid="1689" ordinal="0" offset="133" sl="62" sc="0" el="62" ec="0" bec="0" bev="0" fileid="1" />
                <SequencePoint vc="0" uspid="1690" ordinal="0" offset="150" sl="63" sc="0" el="63" ec="0" bec="0" bev="0" fileid="1" />
                <SequencePoint vc="0" uspid="1691" ordinal="0" offset="167" sl="65" sc="0" el="65" ec="0" bec="0" bev="0" fileid="1" />
                <SequencePoint vc="0" uspid="1692" ordinal="0" offset="190" sl="66" sc="0" el="66" ec="0" bec="0" bev="0" fileid="1" />
              </SequencePoints>
              <BranchPoints />
            </Method>
          </Methods>
        </Class>
        <Class>
          <Summary numSequencePoints="0" visitedSequencePoints="0" numBranchPoints="0" visitedBranchPoints="0" sequenceCoverage="0" branchCoverage="0" maxCyclomaticComplexity="0" minCyclomaticComplexity="0" maxCrapScore="0" minCrapScore="0" visitedClasses="0" numClasses="0" visitedMethods="0" numMethods="0" />
          <FullName>PlayTests.TestBattlefieldCanvas/&lt;CancelAttackPanelFromPeasant&gt;d__3</FullName>
          <Methods>
            <Method visited="false" cyclomaticComplexity="0" nPathComplexity="0" sequenceCoverage="0.0" branchCoverage="0" crapScore="0" isConstructor="false" isStatic="false" isGetter="false" isSetter="false">
              <Summary numSequencePoints="0" visitedSequencePoints="0" numBranchPoints="0" visitedBranchPoints="0" sequenceCoverage="0.0" branchCoverage="0" maxCyclomaticComplexity="0" minCyclomaticComplexity="0" maxCrapScore="0" minCrapScore="0" visitedClasses="0" numClasses="0" visitedMethods="0" numMethods="0" />
              <MetadataToken>100663354</MetadataToken>
              <Name>System.Boolean PlayTests.TestBattlefieldCanvas/&lt;CancelAttackPanelFromPeasant&gt;d__3::MoveNext()</Name>
              <FileRef uid="1" />
              <SequencePoints>
                <SequencePoint vc="0" uspid="1693" ordinal="0" offset="34" sl="70" sc="0" el="70" ec="0" bec="0" bev="0" fileid="1" />
                <SequencePoint vc="0" uspid="1694" ordinal="0" offset="35" sl="72" sc="0" el="72" ec="0" bec="0" bev="0" fileid="1" />
                <SequencePoint vc="0" uspid="1695" ordinal="0" offset="56" sl="73" sc="0" el="73" ec="0" bec="0" bev="0" fileid="1" />
                <SequencePoint vc="0" uspid="1696" ordinal="0" offset="67" sl="74" sc="0" el="74" ec="0" bec="0" bev="0" fileid="1" />
                <SequencePoint vc="0" uspid="1697" ordinal="0" offset="79" sl="75" sc="0" el="75" ec="0" bec="0" bev="0" fileid="1" />
                <SequencePoint vc="0" uspid="1698" ordinal="0" offset="113" sl="76" sc="0" el="76" ec="0" bec="0" bev="0" fileid="1" />
                <SequencePoint vc="0" uspid="1699" ordinal="0" offset="125" sl="78" sc="0" el="78" ec="0" bec="0" bev="0" fileid="1" />
                <SequencePoint vc="0" uspid="1700" ordinal="0" offset="141" sl="79" sc="0" el="79" ec="0" bec="0" bev="0" fileid="1" />
                <SequencePoint vc="0" uspid="1701" ordinal="0" offset="157" sl="81" sc="0" el="81" ec="0" bec="0" bev="0" fileid="1" />
                <SequencePoint vc="0" uspid="1702" ordinal="0" offset="169" sl="84" sc="0" el="84" ec="0" bec="0" bev="0" fileid="1" />
                <SequencePoint vc="0" uspid="1703" ordinal="0" offset="186" sl="85" sc="0" el="85" ec="0" bec="0" bev="0" fileid="1" />
                <SequencePoint vc="0" uspid="1704" ordinal="0" offset="203" sl="87" sc="0" el="87" ec="0" bec="0" bev="0" fileid="1" />
                <SequencePoint vc="0" uspid="1705" ordinal="0" offset="226" sl="88" sc="0" el="88" ec="0" bec="0" bev="0" fileid="1" />
              </SequencePoints>
              <BranchPoints />
            </Method>
          </Methods>
        </Class>
        <Class>
          <Summary numSequencePoints="0" visitedSequencePoints="0" numBranchPoints="0" visitedBranchPoints="0" sequenceCoverage="0" branchCoverage="0" maxCyclomaticComplexity="0" minCyclomaticComplexity="0" maxCrapScore="0" minCrapScore="0" visitedClasses="0" numClasses="0" visitedMethods="0" numMethods="0" />
          <FullName>PlayTests.TestBattlefieldCanvas/&lt;CancelAttackPanelFromMagicUser&gt;d__4</FullName>
          <Methods>
            <Method visited="false" cyclomaticComplexity="0" nPathComplexity="0" sequenceCoverage="0.0" branchCoverage="0" crapScore="0" isConstructor="false" isStatic="false" isGetter="false" isSetter="false">
              <Summary numSequencePoints="0" visitedSequencePoints="0" numBranchPoints="0" visitedBranchPoints="0" sequenceCoverage="0.0" branchCoverage="0" maxCyclomaticComplexity="0" minCyclomaticComplexity="0" maxCrapScore="0" minCrapScore="0" visitedClasses="0" numClasses="0" visitedMethods="0" numMethods="0" />
              <MetadataToken>100663360</MetadataToken>
              <Name>System.Boolean PlayTests.TestBattlefieldCanvas/&lt;CancelAttackPanelFromMagicUser&gt;d__4::MoveNext()</Name>
              <FileRef uid="1" />
              <SequencePoints>
                <SequencePoint vc="0" uspid="1706" ordinal="0" offset="34" sl="92" sc="0" el="92" ec="0" bec="0" bev="0" fileid="1" />
                <SequencePoint vc="0" uspid="1707" ordinal="0" offset="35" sl="94" sc="0" el="94" ec="0" bec="0" bev="0" fileid="1" />
                <SequencePoint vc="0" uspid="1708" ordinal="0" offset="56" sl="95" sc="0" el="95" ec="0" bec="0" bev="0" fileid="1" />
                <SequencePoint vc="0" uspid="1709" ordinal="0" offset="67" sl="96" sc="0" el="96" ec="0" bec="0" bev="0" fileid="1" />
                <SequencePoint vc="0" uspid="1710" ordinal="0" offset="79" sl="97" sc="0" el="97" ec="0" bec="0" bev="0" fileid="1" />
                <SequencePoint vc="0" uspid="1711" ordinal="0" offset="113" sl="98" sc="0" el="98" ec="0" bec="0" bev="0" fileid="1" />
                <SequencePoint vc="0" uspid="1712" ordinal="0" offset="125" sl="100" sc="0" el="100" ec="0" bec="0" bev="0" fileid="1" />
                <SequencePoint vc="0" uspid="1713" ordinal="0" offset="141" sl="101" sc="0" el="101" ec="0" bec="0" bev="0" fileid="1" />
                <SequencePoint vc="0" uspid="1714" ordinal="0" offset="157" sl="103" sc="0" el="103" ec="0" bec="0" bev="0" fileid="1" />
                <SequencePoint vc="0" uspid="1715" ordinal="0" offset="169" sl="106" sc="0" el="106" ec="0" bec="0" bev="0" fileid="1" />
                <SequencePoint vc="0" uspid="1716" ordinal="0" offset="186" sl="107" sc="0" el="107" ec="0" bec="0" bev="0" fileid="1" />
                <SequencePoint vc="0" uspid="1717" ordinal="0" offset="203" sl="109" sc="0" el="109" ec="0" bec="0" bev="0" fileid="1" />
                <SequencePoint vc="0" uspid="1718" ordinal="0" offset="226" sl="110" sc="0" el="110" ec="0" bec="0" bev="0" fileid="1" />
              </SequencePoints>
              <BranchPoints />
            </Method>
          </Methods>
        </Class>
        <Class>
          <Summary numSequencePoints="0" visitedSequencePoints="0" numBranchPoints="0" visitedBranchPoints="0" sequenceCoverage="0" branchCoverage="0" maxCyclomaticComplexity="0" minCyclomaticComplexity="0" maxCrapScore="0" minCrapScore="0" visitedClasses="0" numClasses="0" visitedMethods="0" numMethods="0" />
          <FullName>PlayTests.TestBattlefieldCanvas/&lt;CancelActionPanel&gt;d__5</FullName>
          <Methods>
            <Method visited="false" cyclomaticComplexity="0" nPathComplexity="0" sequenceCoverage="0.0" branchCoverage="0" crapScore="0" isConstructor="false" isStatic="false" isGetter="false" isSetter="false">
              <Summary numSequencePoints="0" visitedSequencePoints="0" numBranchPoints="0" visitedBranchPoints="0" sequenceCoverage="0.0" branchCoverage="0" maxCyclomaticComplexity="0" minCyclomaticComplexity="0" maxCrapScore="0" minCrapScore="0" visitedClasses="0" numClasses="0" visitedMethods="0" numMethods="0" />
              <MetadataToken>100663366</MetadataToken>
              <Name>System.Boolean PlayTests.TestBattlefieldCanvas/&lt;CancelActionPanel&gt;d__5::MoveNext()</Name>
              <FileRef uid="1" />
              <SequencePoints>
                <SequencePoint vc="0" uspid="1719" ordinal="0" offset="34" sl="114" sc="0" el="114" ec="0" bec="0" bev="0" fileid="1" />
                <SequencePoint vc="0" uspid="1720" ordinal="0" offset="35" sl="116" sc="0" el="116" ec="0" bec="0" bev="0" fileid="1" />
                <SequencePoint vc="0" uspid="1721" ordinal="0" offset="56" sl="117" sc="0" el="117" ec="0" bec="0" bev="0" fileid="1" />
                <SequencePoint vc="0" uspid="1722" ordinal="0" offset="67" sl="118" sc="0" el="118" ec="0" bec="0" bev="0" fileid="1" />
                <SequencePoint vc="0" uspid="1723" ordinal="0" offset="79" sl="119" sc="0" el="119" ec="0" bec="0" bev="0" fileid="1" />
                <SequencePoint vc="0" uspid="1724" ordinal="0" offset="91" sl="120" sc="0" el="120" ec="0" bec="0" bev="0" fileid="1" />
                <SequencePoint vc="0" uspid="1725" ordinal="0" offset="103" sl="123" sc="0" el="123" ec="0" bec="0" bev="0" fileid="1" />
                <SequencePoint vc="0" uspid="1726" ordinal="0" offset="119" sl="124" sc="0" el="124" ec="0" bec="0" bev="0" fileid="1" />
                <SequencePoint vc="0" uspid="1727" ordinal="0" offset="135" sl="126" sc="0" el="126" ec="0" bec="0" bev="0" fileid="1" />
                <SequencePoint vc="0" uspid="1728" ordinal="0" offset="147" sl="130" sc="0" el="130" ec="0" bec="0" bev="0" fileid="1" />
                <SequencePoint vc="0" uspid="1729" ordinal="0" offset="164" sl="131" sc="0" el="131" ec="0" bec="0" bev="0" fileid="1" />
                <SequencePoint vc="0" uspid="1730" ordinal="0" offset="181" sl="133" sc="0" el="133" ec="0" bec="0" bev="0" fileid="1" />
                <SequencePoint vc="0" uspid="1731" ordinal="0" offset="204" sl="134" sc="0" el="134" ec="0" bec="0" bev="0" fileid="1" />
              </SequencePoints>
              <BranchPoints />
            </Method>
          </Methods>
        </Class>
        <Class>
          <Summary numSequencePoints="0" visitedSequencePoints="0" numBranchPoints="0" visitedBranchPoints="0" sequenceCoverage="0" branchCoverage="0" maxCyclomaticComplexity="0" minCyclomaticComplexity="0" maxCrapScore="0" minCrapScore="0" visitedClasses="0" numClasses="0" visitedMethods="0" numMethods="0" />
          <FullName>PlayTests.TestMagic/&lt;TestMakeSuccessfulMagicAttack&gt;d__1</FullName>
          <Methods>
            <Method visited="false" cyclomaticComplexity="0" nPathComplexity="0" sequenceCoverage="0.0" branchCoverage="0" crapScore="0" isConstructor="false" isStatic="false" isGetter="false" isSetter="false">
              <Summary numSequencePoints="0" visitedSequencePoints="0" numBranchPoints="0" visitedBranchPoints="0" sequenceCoverage="0.0" branchCoverage="0" maxCyclomaticComplexity="0" minCyclomaticComplexity="0" maxCrapScore="0" minCrapScore="0" visitedClasses="0" numClasses="0" visitedMethods="0" numMethods="0" />
              <MetadataToken>100663372</MetadataToken>
              <Name>System.Boolean PlayTests.TestMagic/&lt;TestMakeSuccessfulMagicAttack&gt;d__1::MoveNext()</Name>
              <FileRef uid="2" />
              <SequencePoints>
                <SequencePoint vc="0" uspid="1732" ordinal="0" offset="34" sl="36" sc="0" el="36" ec="0" bec="0" bev="0" fileid="2" />
                <SequencePoint vc="0" uspid="1733" ordinal="0" offset="35" sl="38" sc="0" el="38" ec="0" bec="0" bev="0" fileid="2" />
                <SequencePoint vc="0" uspid="1734" ordinal="0" offset="51" sl="39" sc="0" el="39" ec="0" bec="0" bev="0" fileid="2" />
                <SequencePoint vc="0" uspid="1735" ordinal="0" offset="75" sl="40" sc="0" el="40" ec="0" bec="0" bev="0" fileid="2" />
                <SequencePoint vc="0" uspid="1736" ordinal="0" offset="98" sl="41" sc="0" el="41" ec="0" bec="0" bev="0" fileid="2" />
                <SequencePoint vc="0" uspid="1737" ordinal="0" offset="121" sl="42" sc="0" el="42" ec="0" bec="0" bev="0" fileid="2" />
                <SequencePoint vc="0" uspid="1738" ordinal="0" offset="148" sl="44" sc="0" el="44" ec="0" bec="0" bev="0" fileid="2" />
                <SequencePoint vc="0" uspid="1739" ordinal="0" offset="190" sl="48" sc="0" el="48" ec="0" bec="0" bev="0" fileid="2" />
                <SequencePoint vc="0" uspid="1740" ordinal="0" offset="206" sl="49" sc="0" el="49" ec="0" bec="0" bev="0" fileid="2" />
                <SequencePoint vc="0" uspid="1741" ordinal="0" offset="230" sl="50" sc="0" el="50" ec="0" bec="0" bev="0" fileid="2" />
                <SequencePoint vc="0" uspid="1742" ordinal="0" offset="253" sl="51" sc="0" el="51" ec="0" bec="0" bev="0" fileid="2" />
                <SequencePoint vc="0" uspid="1743" ordinal="0" offset="276" sl="52" sc="0" el="52" ec="0" bec="0" bev="0" fileid="2" />
                <SequencePoint vc="0" uspid="1744" ordinal="0" offset="299" sl="53" sc="0" el="53" ec="0" bec="0" bev="0" fileid="2" />
                <SequencePoint vc="0" uspid="1745" ordinal="0" offset="326" sl="55" sc="0" el="55" ec="0" bec="0" bev="0" fileid="2" />
                <SequencePoint vc="0" uspid="1746" ordinal="0" offset="368" sl="61" sc="0" el="61" ec="0" bec="0" bev="0" fileid="2" />
                <SequencePoint vc="0" uspid="1747" ordinal="0" offset="391" sl="66" sc="0" el="66" ec="0" bec="0" bev="0" fileid="2" />
                <SequencePoint vc="0" uspid="1748" ordinal="0" offset="420" sl="68" sc="0" el="68" ec="0" bec="0" bev="0" fileid="2" />
                <SequencePoint vc="0" uspid="1749" ordinal="0" offset="443" sl="69" sc="0" el="69" ec="0" bec="0" bev="0" fileid="2" />
              </SequencePoints>
              <BranchPoints />
            </Method>
          </Methods>
        </Class>
        <Class>
          <Summary numSequencePoints="0" visitedSequencePoints="0" numBranchPoints="0" visitedBranchPoints="0" sequenceCoverage="0" branchCoverage="0" maxCyclomaticComplexity="0" minCyclomaticComplexity="0" maxCrapScore="0" minCrapScore="0" visitedClasses="0" numClasses="0" visitedMethods="0" numMethods="0" />
          <FullName>PlayTests.TestMagic/&lt;TestFailMagicAttack&gt;d__2</FullName>
          <Methods>
            <Method visited="false" cyclomaticComplexity="0" nPathComplexity="0" sequenceCoverage="0.0" branchCoverage="0" crapScore="0" isConstructor="false" isStatic="false" isGetter="false" isSetter="false">
              <Summary numSequencePoints="0" visitedSequencePoints="0" numBranchPoints="0" visitedBranchPoints="0" sequenceCoverage="0.0" branchCoverage="0" maxCyclomaticComplexity="0" minCyclomaticComplexity="0" maxCrapScore="0" minCrapScore="0" visitedClasses="0" numClasses="0" visitedMethods="0" numMethods="0" />
              <MetadataToken>100663378</MetadataToken>
              <Name>System.Boolean PlayTests.TestMagic/&lt;TestFailMagicAttack&gt;d__2::MoveNext()</Name>
              <FileRef uid="2" />
              <SequencePoints>
                <SequencePoint vc="0" uspid="1750" ordinal="0" offset="34" sl="73" sc="0" el="73" ec="0" bec="0" bev="0" fileid="2" />
                <SequencePoint vc="0" uspid="1751" ordinal="0" offset="35" sl="75" sc="0" el="75" ec="0" bec="0" bev="0" fileid="2" />
                <SequencePoint vc="0" uspid="1752" ordinal="0" offset="51" sl="76" sc="0" el="76" ec="0" bec="0" bev="0" fileid="2" />
                <SequencePoint vc="0" uspid="1753" ordinal="0" offset="74" sl="77" sc="0" el="77" ec="0" bec="0" bev="0" fileid="2" />
                <SequencePoint vc="0" uspid="1754" ordinal="0" offset="97" sl="78" sc="0" el="78" ec="0" bec="0" bev="0" fileid="2" />
                <SequencePoint vc="0" uspid="1755" ordinal="0" offset="124" sl="80" sc="0" el="80" ec="0" bec="0" bev="0" fileid="2" />
                <SequencePoint vc="0" uspid="1756" ordinal="0" offset="166" sl="84" sc="0" el="84" ec="0" bec="0" bev="0" fileid="2" />
                <SequencePoint vc="0" uspid="1757" ordinal="0" offset="182" sl="85" sc="0" el="85" ec="0" bec="0" bev="0" fileid="2" />
                <SequencePoint vc="0" uspid="1758" ordinal="0" offset="206" sl="86" sc="0" el="86" ec="0" bec="0" bev="0" fileid="2" />
                <SequencePoint vc="0" uspid="1759" ordinal="0" offset="230" sl="87" sc="0" el="87" ec="0" bec="0" bev="0" fileid="2" />
                <SequencePoint vc="0" uspid="1760" ordinal="0" offset="253" sl="88" sc="0" el="88" ec="0" bec="0" bev="0" fileid="2" />
                <SequencePoint vc="0" uspid="1761" ordinal="0" offset="276" sl="89" sc="0" el="89" ec="0" bec="0" bev="0" fileid="2" />
                <SequencePoint vc="0" uspid="1762" ordinal="0" offset="303" sl="91" sc="0" el="91" ec="0" bec="0" bev="0" fileid="2" />
                <SequencePoint vc="0" uspid="1763" ordinal="0" offset="345" sl="97" sc="0" el="97" ec="0" bec="0" bev="0" fileid="2" />
                <SequencePoint vc="0" uspid="1764" ordinal="0" offset="368" sl="102" sc="0" el="102" ec="0" bec="0" bev="0" fileid="2" />
                <SequencePoint vc="0" uspid="1765" ordinal="0" offset="397" sl="104" sc="0" el="104" ec="0" bec="0" bev="0" fileid="2" />
                <SequencePoint vc="0" uspid="1766" ordinal="0" offset="420" sl="105" sc="0" el="105" ec="0" bec="0" bev="0" fileid="2" />
              </SequencePoints>
              <BranchPoints />
            </Method>
          </Methods>
        </Class>
        <Class>
          <Summary numSequencePoints="0" visitedSequencePoints="0" numBranchPoints="0" visitedBranchPoints="0" sequenceCoverage="0" branchCoverage="0" maxCyclomaticComplexity="0" minCyclomaticComplexity="0" maxCrapScore="0" minCrapScore="0" visitedClasses="0" numClasses="0" visitedMethods="0" numMethods="0" />
          <FullName>PlayTests.TestMagic/&lt;TestDeadlyMagicAttack&gt;d__3</FullName>
          <Methods>
            <Method visited="false" cyclomaticComplexity="0" nPathComplexity="0" sequenceCoverage="0.0" branchCoverage="0" crapScore="0" isConstructor="false" isStatic="false" isGetter="false" isSetter="false">
              <Summary numSequencePoints="0" visitedSequencePoints="0" numBranchPoints="0" visitedBranchPoints="0" sequenceCoverage="0.0" branchCoverage="0" maxCyclomaticComplexity="0" minCyclomaticComplexity="0" maxCrapScore="0" minCrapScore="0" visitedClasses="0" numClasses="0" visitedMethods="0" numMethods="0" />
              <MetadataToken>100663384</MetadataToken>
              <Name>System.Boolean PlayTests.TestMagic/&lt;TestDeadlyMagicAttack&gt;d__3::MoveNext()</Name>
              <FileRef uid="2" />
              <SequencePoints>
                <SequencePoint vc="0" uspid="1767" ordinal="0" offset="34" sl="109" sc="0" el="109" ec="0" bec="0" bev="0" fileid="2" />
                <SequencePoint vc="0" uspid="1768" ordinal="0" offset="35" sl="110" sc="0" el="110" ec="0" bec="0" bev="0" fileid="2" />
                <SequencePoint vc="0" uspid="1769" ordinal="0" offset="46" sl="112" sc="0" el="112" ec="0" bec="0" bev="0" fileid="2" />
                <SequencePoint vc="0" uspid="1770" ordinal="0" offset="62" sl="113" sc="0" el="113" ec="0" bec="0" bev="0" fileid="2" />
                <SequencePoint vc="0" uspid="1771" ordinal="0" offset="86" sl="114" sc="0" el="114" ec="0" bec="0" bev="0" fileid="2" />
                <SequencePoint vc="0" uspid="1772" ordinal="0" offset="109" sl="115" sc="0" el="115" ec="0" bec="0" bev="0" fileid="2" />
                <SequencePoint vc="0" uspid="1773" ordinal="0" offset="132" sl="116" sc="0" el="116" ec="0" bec="0" bev="0" fileid="2" />
                <SequencePoint vc="0" uspid="1774" ordinal="0" offset="159" sl="118" sc="0" el="118" ec="0" bec="0" bev="0" fileid="2" />
                <SequencePoint vc="0" uspid="1775" ordinal="0" offset="201" sl="122" sc="0" el="122" ec="0" bec="0" bev="0" fileid="2" />
                <SequencePoint vc="0" uspid="1776" ordinal="0" offset="217" sl="123" sc="0" el="123" ec="0" bec="0" bev="0" fileid="2" />
                <SequencePoint vc="0" uspid="1777" ordinal="0" offset="240" sl="124" sc="0" el="124" ec="0" bec="0" bev="0" fileid="2" />
                <SequencePoint vc="0" uspid="1778" ordinal="0" offset="263" sl="125" sc="0" el="125" ec="0" bec="0" bev="0" fileid="2" />
                <SequencePoint vc="0" uspid="1779" ordinal="0" offset="286" sl="126" sc="0" el="126" ec="0" bec="0" bev="0" fileid="2" />
                <SequencePoint vc="0" uspid="1780" ordinal="0" offset="309" sl="127" sc="0" el="127" ec="0" bec="0" bev="0" fileid="2" />
                <SequencePoint vc="0" uspid="1781" ordinal="0" offset="336" sl="129" sc="0" el="129" ec="0" bec="0" bev="0" fileid="2" />
                <SequencePoint vc="0" uspid="1782" ordinal="0" offset="378" sl="135" sc="0" el="135" ec="0" bec="0" bev="0" fileid="2" />
                <SequencePoint vc="0" uspid="1783" ordinal="0" offset="427" sl="140" sc="0" el="140" ec="0" bec="0" bev="0" fileid="2" />
                <SequencePoint vc="0" uspid="1784" ordinal="0" offset="450" sl="144" sc="0" el="144" ec="0" bec="0" bev="0" fileid="2" />
                <SequencePoint vc="0" uspid="1785" ordinal="0" offset="478" sl="145" sc="0" el="145" ec="0" bec="0" bev="0" fileid="2" />
                <SequencePoint vc="0" uspid="1786" ordinal="0" offset="510" sl="147" sc="0" el="147" ec="0" bec="0" bev="0" fileid="2" />
                <SequencePoint vc="0" uspid="1787" ordinal="0" offset="533" sl="148" sc="0" el="148" ec="0" bec="0" bev="0" fileid="2" />
              </SequencePoints>
              <BranchPoints />
            </Method>
          </Methods>
        </Class>
        <Class>
          <Summary numSequencePoints="0" visitedSequencePoints="0" numBranchPoints="0" visitedBranchPoints="0" sequenceCoverage="0" branchCoverage="0" maxCyclomaticComplexity="0" minCyclomaticComplexity="0" maxCrapScore="0" minCrapScore="0" visitedClasses="0" numClasses="0" visitedMethods="0" numMethods="0" />
          <FullName>PlayTests.TestMagic/&lt;TestCancelExplosion&gt;d__4</FullName>
          <Methods>
            <Method visited="false" cyclomaticComplexity="0" nPathComplexity="0" sequenceCoverage="0.0" branchCoverage="0" crapScore="0" isConstructor="false" isStatic="false" isGetter="false" isSetter="false">
              <Summary numSequencePoints="0" visitedSequencePoints="0" numBranchPoints="0" visitedBranchPoints="0" sequenceCoverage="0.0" branchCoverage="0" maxCyclomaticComplexity="0" minCyclomaticComplexity="0" maxCrapScore="0" minCrapScore="0" visitedClasses="0" numClasses="0" visitedMethods="0" numMethods="0" />
              <MetadataToken>100663390</MetadataToken>
              <Name>System.Boolean PlayTests.TestMagic/&lt;TestCancelExplosion&gt;d__4::MoveNext()</Name>
              <FileRef uid="2" />
              <SequencePoints>
                <SequencePoint vc="0" uspid="1788" ordinal="0" offset="48" sl="152" sc="0" el="152" ec="0" bec="0" bev="0" fileid="2" />
                <SequencePoint vc="0" uspid="1789" ordinal="0" offset="49" sl="154" sc="0" el="154" ec="0" bec="0" bev="0" fileid="2" />
                <SequencePoint vc="0" uspid="1790" ordinal="0" offset="110" sl="167" sc="0" el="167" ec="0" bec="0" bev="0" fileid="2" />
                <SequencePoint vc="0" uspid="1791" ordinal="0" offset="126" sl="168" sc="0" el="168" ec="0" bec="0" bev="0" fileid="2" />
                <SequencePoint vc="0" uspid="1792" ordinal="0" offset="149" sl="169" sc="0" el="169" ec="0" bec="0" bev="0" fileid="2" />
                <SequencePoint vc="0" uspid="1793" ordinal="0" offset="172" sl="171" sc="0" el="171" ec="0" bec="0" bev="0" fileid="2" />
                <SequencePoint vc="0" uspid="1794" ordinal="0" offset="208" sl="172" sc="0" el="172" ec="0" bec="0" bev="0" fileid="2" />
                <SequencePoint vc="0" uspid="1795" ordinal="0" offset="236" sl="173" sc="0" el="173" ec="0" bec="0" bev="0" fileid="2" />
                <SequencePoint vc="0" uspid="1796" ordinal="0" offset="248" sl="175" sc="0" el="175" ec="0" bec="0" bev="0" fileid="2" />
                <SequencePoint vc="0" uspid="1797" ordinal="0" offset="265" sl="177" sc="0" el="177" ec="0" bec="0" bev="0" fileid="2" />
                <SequencePoint vc="0" uspid="1798" ordinal="0" offset="297" sl="178" sc="0" el="178" ec="0" bec="0" bev="0" fileid="2" />
                <SequencePoint vc="0" uspid="1799" ordinal="0" offset="318" sl="181" sc="0" el="181" ec="0" bec="0" bev="0" fileid="2" />
                <SequencePoint vc="0" uspid="1800" ordinal="0" offset="330" sl="184" sc="0" el="184" ec="0" bec="0" bev="0" fileid="2" />
                <SequencePoint vc="0" uspid="1801" ordinal="0" offset="353" sl="185" sc="0" el="185" ec="0" bec="0" bev="0" fileid="2" />
              </SequencePoints>
              <BranchPoints />
            </Method>
          </Methods>
        </Class>
        <Class>
          <Summary numSequencePoints="0" visitedSequencePoints="0" numBranchPoints="0" visitedBranchPoints="0" sequenceCoverage="0" branchCoverage="0" maxCyclomaticComplexity="0" minCyclomaticComplexity="0" maxCrapScore="0" minCrapScore="0" visitedClasses="0" numClasses="0" visitedMethods="0" numMethods="0" />
          <FullName>PlayTests.TestMagic/&lt;TestExplosion&gt;d__5</FullName>
          <Methods>
            <Method visited="false" cyclomaticComplexity="0" nPathComplexity="0" sequenceCoverage="0.0" branchCoverage="0" crapScore="0" isConstructor="false" isStatic="false" isGetter="false" isSetter="false">
              <Summary numSequencePoints="0" visitedSequencePoints="0" numBranchPoints="0" visitedBranchPoints="0" sequenceCoverage="0.0" branchCoverage="0" maxCyclomaticComplexity="0" minCyclomaticComplexity="0" maxCrapScore="0" minCrapScore="0" visitedClasses="0" numClasses="0" visitedMethods="0" numMethods="0" />
              <MetadataToken>100663396</MetadataToken>
              <Name>System.Boolean PlayTests.TestMagic/&lt;TestExplosion&gt;d__5::MoveNext()</Name>
              <FileRef uid="2" />
              <SequencePoints>
                <SequencePoint vc="0" uspid="1802" ordinal="0" offset="48" sl="189" sc="0" el="189" ec="0" bec="0" bev="0" fileid="2" />
                <SequencePoint vc="0" uspid="1803" ordinal="0" offset="49" sl="191" sc="0" el="191" ec="0" bec="0" bev="0" fileid="2" />
                <SequencePoint vc="0" uspid="1804" ordinal="0" offset="110" sl="204" sc="0" el="204" ec="0" bec="0" bev="0" fileid="2" />
                <SequencePoint vc="0" uspid="1805" ordinal="0" offset="126" sl="205" sc="0" el="205" ec="0" bec="0" bev="0" fileid="2" />
                <SequencePoint vc="0" uspid="1806" ordinal="0" offset="149" sl="206" sc="0" el="206" ec="0" bec="0" bev="0" fileid="2" />
                <SequencePoint vc="0" uspid="1807" ordinal="0" offset="172" sl="208" sc="0" el="208" ec="0" bec="0" bev="0" fileid="2" />
                <SequencePoint vc="0" uspid="1808" ordinal="0" offset="208" sl="209" sc="0" el="209" ec="0" bec="0" bev="0" fileid="2" />
                <SequencePoint vc="0" uspid="1809" ordinal="0" offset="236" sl="210" sc="0" el="210" ec="0" bec="0" bev="0" fileid="2" />
                <SequencePoint vc="0" uspid="1810" ordinal="0" offset="248" sl="211" sc="0" el="211" ec="0" bec="0" bev="0" fileid="2" />
                <SequencePoint vc="0" uspid="1811" ordinal="0" offset="260" sl="213" sc="0" el="213" ec="0" bec="0" bev="0" fileid="2" />
                <SequencePoint vc="0" uspid="1812" ordinal="0" offset="277" sl="215" sc="0" el="215" ec="0" bec="0" bev="0" fileid="2" />
                <SequencePoint vc="0" uspid="1813" ordinal="0" offset="309" sl="216" sc="0" el="216" ec="0" bec="0" bev="0" fileid="2" />
                <SequencePoint vc="0" uspid="1814" ordinal="0" offset="330" sl="219" sc="0" el="219" ec="0" bec="0" bev="0" fileid="2" />
                <SequencePoint vc="0" uspid="1815" ordinal="0" offset="342" sl="222" sc="0" el="222" ec="0" bec="0" bev="0" fileid="2" />
                <SequencePoint vc="0" uspid="1816" ordinal="0" offset="365" sl="223" sc="0" el="223" ec="0" bec="0" bev="0" fileid="2" />
              </SequencePoints>
              <BranchPoints />
            </Method>
          </Methods>
        </Class>
        <Class>
          <Summary numSequencePoints="0" visitedSequencePoints="0" numBranchPoints="0" visitedBranchPoints="0" sequenceCoverage="0" branchCoverage="0" maxCyclomaticComplexity="0" minCyclomaticComplexity="0" maxCrapScore="0" minCrapScore="0" visitedClasses="0" numClasses="0" visitedMethods="0" numMethods="0" />
          <FullName>PlayTests.TestMagic/&lt;TestExplosionMarkerCollisionTriggerEnter&gt;d__6</FullName>
          <Methods>
            <Method visited="false" cyclomaticComplexity="0" nPathComplexity="0" sequenceCoverage="0.0" branchCoverage="0" crapScore="0" isConstructor="false" isStatic="false" isGetter="false" isSetter="false">
              <Summary numSequencePoints="0" visitedSequencePoints="0" numBranchPoints="0" visitedBranchPoints="0" sequenceCoverage="0.0" branchCoverage="0" maxCyclomaticComplexity="0" minCyclomaticComplexity="0" maxCrapScore="0" minCrapScore="0" visitedClasses="0" numClasses="0" visitedMethods="0" numMethods="0" />
              <MetadataToken>100663402</MetadataToken>
              <Name>System.Boolean PlayTests.TestMagic/&lt;TestExplosionMarkerCollisionTriggerEnter&gt;d__6::MoveNext()</Name>
              <FileRef uid="2" />
              <SequencePoints>
                <SequencePoint vc="0" uspid="1817" ordinal="0" offset="57" sl="227" sc="0" el="227" ec="0" bec="0" bev="0" fileid="2" />
                <SequencePoint vc="0" uspid="1818" ordinal="0" offset="58" sl="230" sc="0" el="230" ec="0" bec="0" bev="0" fileid="2" />
                <SequencePoint vc="0" uspid="1819" ordinal="0" offset="119" sl="236" sc="0" el="236" ec="0" bec="0" bev="0" fileid="2" />
                <SequencePoint vc="0" uspid="1820" ordinal="0" offset="180" sl="243" sc="0" el="243" ec="0" bec="0" bev="0" fileid="2" />
                <SequencePoint vc="0" uspid="1821" ordinal="0" offset="196" sl="244" sc="0" el="244" ec="0" bec="0" bev="0" fileid="2" />
                <SequencePoint vc="0" uspid="1822" ordinal="0" offset="248" sl="245" sc="0" el="245" ec="0" bec="0" bev="0" fileid="2" />
                <SequencePoint vc="0" uspid="1823" ordinal="0" offset="271" sl="246" sc="0" el="246" ec="0" bec="0" bev="0" fileid="2" />
                <SequencePoint vc="0" uspid="1824" ordinal="0" offset="294" sl="249" sc="0" el="249" ec="0" bec="0" bev="0" fileid="2" />
                <SequencePoint vc="0" uspid="1825" ordinal="0" offset="311" sl="250" sc="0" el="250" ec="0" bec="0" bev="0" fileid="2" />
                <SequencePoint vc="0" uspid="1826" ordinal="0" offset="343" sl="251" sc="0" el="251" ec="0" bec="0" bev="0" fileid="2" />
                <SequencePoint vc="0" uspid="1827" ordinal="0" offset="350" sl="252" sc="0" el="252" ec="0" bec="0" bev="0" fileid="2" />
                <SequencePoint vc="0" uspid="1828" ordinal="0" offset="387" sl="256" sc="0" el="256" ec="0" bec="0" bev="0" fileid="2" />
                <SequencePoint vc="0" uspid="1829" ordinal="0" offset="415" sl="258" sc="0" el="258" ec="0" bec="0" bev="0" fileid="2" />
                <SequencePoint vc="0" uspid="1830" ordinal="0" offset="438" sl="259" sc="0" el="259" ec="0" bec="0" bev="0" fileid="2" />
              </SequencePoints>
              <BranchPoints />
            </Method>
          </Methods>
        </Class>
        <Class>
          <Summary numSequencePoints="0" visitedSequencePoints="0" numBranchPoints="0" visitedBranchPoints="0" sequenceCoverage="0" branchCoverage="0" maxCyclomaticComplexity="0" minCyclomaticComplexity="0" maxCrapScore="0" minCrapScore="0" visitedClasses="0" numClasses="0" visitedMethods="0" numMethods="0" />
          <FullName>PlayTests.TestMagic/&lt;TestExplosionMarkerCollisionTriggerExit&gt;d__7</FullName>
          <Methods>
            <Method visited="false" cyclomaticComplexity="0" nPathComplexity="0" sequenceCoverage="0.0" branchCoverage="0" crapScore="0" isConstructor="false" isStatic="false" isGetter="false" isSetter="false">
              <Summary numSequencePoints="0" visitedSequencePoints="0" numBranchPoints="0" visitedBranchPoints="0" sequenceCoverage="0.0" branchCoverage="0" maxCyclomaticComplexity="0" minCyclomaticComplexity="0" maxCrapScore="0" minCrapScore="0" visitedClasses="0" numClasses="0" visitedMethods="0" numMethods="0" />
              <MetadataToken>100663408</MetadataToken>
              <Name>System.Boolean PlayTests.TestMagic/&lt;TestExplosionMarkerCollisionTriggerExit&gt;d__7::MoveNext()</Name>
              <FileRef uid="2" />
              <SequencePoints>
                <SequencePoint vc="0" uspid="1831" ordinal="0" offset="66" sl="263" sc="0" el="263" ec="0" bec="0" bev="0" fileid="2" />
                <SequencePoint vc="0" uspid="1832" ordinal="0" offset="67" sl="266" sc="0" el="266" ec="0" bec="0" bev="0" fileid="2" />
                <SequencePoint vc="0" uspid="1833" ordinal="0" offset="128" sl="272" sc="0" el="272" ec="0" bec="0" bev="0" fileid="2" />
                <SequencePoint vc="0" uspid="1834" ordinal="0" offset="189" sl="279" sc="0" el="279" ec="0" bec="0" bev="0" fileid="2" />
                <SequencePoint vc="0" uspid="1835" ordinal="0" offset="205" sl="280" sc="0" el="280" ec="0" bec="0" bev="0" fileid="2" />
                <SequencePoint vc="0" uspid="1836" ordinal="0" offset="257" sl="281" sc="0" el="281" ec="0" bec="0" bev="0" fileid="2" />
                <SequencePoint vc="0" uspid="1837" ordinal="0" offset="280" sl="282" sc="0" el="282" ec="0" bec="0" bev="0" fileid="2" />
                <SequencePoint vc="0" uspid="1838" ordinal="0" offset="303" sl="285" sc="0" el="285" ec="0" bec="0" bev="0" fileid="2" />
                <SequencePoint vc="0" uspid="1839" ordinal="0" offset="320" sl="286" sc="0" el="286" ec="0" bec="0" bev="0" fileid="2" />
                <SequencePoint vc="0" uspid="1840" ordinal="0" offset="352" sl="287" sc="0" el="287" ec="0" bec="0" bev="0" fileid="2" />
                <SequencePoint vc="0" uspid="1841" ordinal="0" offset="389" sl="288" sc="0" el="288" ec="0" bec="0" bev="0" fileid="2" />
                <SequencePoint vc="0" uspid="1842" ordinal="0" offset="421" sl="289" sc="0" el="289" ec="0" bec="0" bev="0" fileid="2" />
                <SequencePoint vc="0" uspid="1843" ordinal="0" offset="428" sl="290" sc="0" el="290" ec="0" bec="0" bev="0" fileid="2" />
                <SequencePoint vc="0" uspid="1844" ordinal="0" offset="465" sl="294" sc="0" el="294" ec="0" bec="0" bev="0" fileid="2" />
                <SequencePoint vc="0" uspid="1845" ordinal="0" offset="493" sl="296" sc="0" el="296" ec="0" bec="0" bev="0" fileid="2" />
                <SequencePoint vc="0" uspid="1846" ordinal="0" offset="516" sl="297" sc="0" el="297" ec="0" bec="0" bev="0" fileid="2" />
              </SequencePoints>
              <BranchPoints />
            </Method>
          </Methods>
        </Class>
        <Class>
          <Summary numSequencePoints="0" visitedSequencePoints="0" numBranchPoints="0" visitedBranchPoints="0" sequenceCoverage="0" branchCoverage="0" maxCyclomaticComplexity="0" minCyclomaticComplexity="0" maxCrapScore="0" minCrapScore="0" visitedClasses="0" numClasses="0" visitedMethods="0" numMethods="0" />
          <FullName>PlayTests.TestMainMenuBehavior/&lt;TestWhetherButtonsAreActive&gt;d__1</FullName>
          <Methods>
            <Method visited="false" cyclomaticComplexity="0" nPathComplexity="0" sequenceCoverage="0.0" branchCoverage="0" crapScore="0" isConstructor="false" isStatic="false" isGetter="false" isSetter="false">
              <Summary numSequencePoints="0" visitedSequencePoints="0" numBranchPoints="0" visitedBranchPoints="0" sequenceCoverage="0.0" branchCoverage="0" maxCyclomaticComplexity="0" minCyclomaticComplexity="0" maxCrapScore="0" minCrapScore="0" visitedClasses="0" numClasses="0" visitedMethods="0" numMethods="0" />
              <MetadataToken>100663414</MetadataToken>
              <Name>System.Boolean PlayTests.TestMainMenuBehavior/&lt;TestWhetherButtonsAreActive&gt;d__1::MoveNext()</Name>
              <FileRef uid="3" />
              <SequencePoints>
                <SequencePoint vc="0" uspid="1847" ordinal="0" offset="45" sl="21" sc="0" el="21" ec="0" bec="0" bev="0" fileid="3" />
                <SequencePoint vc="0" uspid="1848" ordinal="0" offset="46" sl="23" sc="0" el="23" ec="0" bec="0" bev="0" fileid="3" />
                <SequencePoint vc="0" uspid="1849" ordinal="0" offset="62" sl="24" sc="0" el="24" ec="0" bec="0" bev="0" fileid="3" />
                <SequencePoint vc="0" uspid="1850" ordinal="0" offset="78" sl="25" sc="0" el="25" ec="0" bec="0" bev="0" fileid="3" />
                <SequencePoint vc="0" uspid="1851" ordinal="0" offset="94" sl="26" sc="0" el="26" ec="0" bec="0" bev="0" fileid="3" />
                <SequencePoint vc="0" uspid="1852" ordinal="0" offset="110" sl="27" sc="0" el="27" ec="0" bec="0" bev="0" fileid="3" />
                <SequencePoint vc="0" uspid="1853" ordinal="0" offset="126" sl="28" sc="0" el="28" ec="0" bec="0" bev="0" fileid="3" />
                <SequencePoint vc="0" uspid="1854" ordinal="0" offset="158" sl="30" sc="0" el="30" ec="0" bec="0" bev="0" fileid="3" />
                <SequencePoint vc="0" uspid="1855" ordinal="0" offset="175" sl="31" sc="0" el="31" ec="0" bec="0" bev="0" fileid="3" />
                <SequencePoint vc="0" uspid="1856" ordinal="0" offset="192" sl="32" sc="0" el="32" ec="0" bec="0" bev="0" fileid="3" />
                <SequencePoint vc="0" uspid="1857" ordinal="0" offset="209" sl="33" sc="0" el="33" ec="0" bec="0" bev="0" fileid="3" />
                <SequencePoint vc="0" uspid="1858" ordinal="0" offset="226" sl="34" sc="0" el="34" ec="0" bec="0" bev="0" fileid="3" />
                <SequencePoint vc="0" uspid="1859" ordinal="0" offset="243" sl="37" sc="0" el="37" ec="0" bec="0" bev="0" fileid="3" />
                <SequencePoint vc="0" uspid="1860" ordinal="0" offset="266" sl="38" sc="0" el="38" ec="0" bec="0" bev="0" fileid="3" />
              </SequencePoints>
              <BranchPoints />
            </Method>
          </Methods>
        </Class>
        <Class>
          <Summary numSequencePoints="0" visitedSequencePoints="0" numBranchPoints="0" visitedBranchPoints="0" sequenceCoverage="0" branchCoverage="0" maxCyclomaticComplexity="0" minCyclomaticComplexity="0" maxCrapScore="0" minCrapScore="0" visitedClasses="0" numClasses="0" visitedMethods="0" numMethods="0" />
          <FullName>PlayTests.TestMainMenuBehavior/&lt;TestCanvasSwitch&gt;d__2</FullName>
          <Methods>
            <Method visited="false" cyclomaticComplexity="0" nPathComplexity="0" sequenceCoverage="0.0" branchCoverage="0" crapScore="0" isConstructor="false" isStatic="false" isGetter="false" isSetter="false">
              <Summary numSequencePoints="0" visitedSequencePoints="0" numBranchPoints="0" visitedBranchPoints="0" sequenceCoverage="0.0" branchCoverage="0" maxCyclomaticComplexity="0" minCyclomaticComplexity="0" maxCrapScore="0" minCrapScore="0" visitedClasses="0" numClasses="0" visitedMethods="0" numMethods="0" />
              <MetadataToken>100663420</MetadataToken>
              <Name>System.Boolean PlayTests.TestMainMenuBehavior/&lt;TestCanvasSwitch&gt;d__2::MoveNext()</Name>
              <FileRef uid="3" />
              <SequencePoints>
                <SequencePoint vc="0" uspid="1861" ordinal="0" offset="34" sl="42" sc="0" el="42" ec="0" bec="0" bev="0" fileid="3" />
                <SequencePoint vc="0" uspid="1862" ordinal="0" offset="35" sl="43" sc="0" el="43" ec="0" bec="0" bev="0" fileid="3" />
                <SequencePoint vc="0" uspid="1863" ordinal="0" offset="56" sl="44" sc="0" el="44" ec="0" bec="0" bev="0" fileid="3" />
                <SequencePoint vc="0" uspid="1864" ordinal="0" offset="77" sl="45" sc="0" el="45" ec="0" bec="0" bev="0" fileid="3" />
                <SequencePoint vc="0" uspid="1865" ordinal="0" offset="98" sl="48" sc="0" el="48" ec="0" bec="0" bev="0" fileid="3" />
                <SequencePoint vc="0" uspid="1866" ordinal="0" offset="122" sl="52" sc="0" el="52" ec="0" bec="0" bev="0" fileid="3" />
                <SequencePoint vc="0" uspid="1867" ordinal="0" offset="144" sl="53" sc="0" el="53" ec="0" bec="0" bev="0" fileid="3" />
                <SequencePoint vc="0" uspid="1868" ordinal="0" offset="166" sl="55" sc="0" el="55" ec="0" bec="0" bev="0" fileid="3" />
                <SequencePoint vc="0" uspid="1869" ordinal="0" offset="189" sl="56" sc="0" el="56" ec="0" bec="0" bev="0" fileid="3" />
              </SequencePoints>
              <BranchPoints />
            </Method>
          </Methods>
        </Class>
        <Class>
          <Summary numSequencePoints="0" visitedSequencePoints="0" numBranchPoints="0" visitedBranchPoints="0" sequenceCoverage="0" branchCoverage="0" maxCyclomaticComplexity="0" minCyclomaticComplexity="0" maxCrapScore="0" minCrapScore="0" visitedClasses="0" numClasses="0" visitedMethods="0" numMethods="0" />
          <FullName>PlayTests.TestMovement/&lt;TestCheckForInput&gt;d__1</FullName>
          <Methods>
            <Method visited="false" cyclomaticComplexity="0" nPathComplexity="0" sequenceCoverage="0.0" branchCoverage="0" crapScore="0" isConstructor="false" isStatic="false" isGetter="false" isSetter="false">
              <Summary numSequencePoints="0" visitedSequencePoints="0" numBranchPoints="0" visitedBranchPoints="0" sequenceCoverage="0.0" branchCoverage="0" maxCyclomaticComplexity="0" minCyclomaticComplexity="0" maxCrapScore="0" minCrapScore="0" visitedClasses="0" numClasses="0" visitedMethods="0" numMethods="0" />
              <MetadataToken>100663426</MetadataToken>
              <Name>System.Boolean PlayTests.TestMovement/&lt;TestCheckForInput&gt;d__1::MoveNext()</Name>
              <FileRef uid="4" />
              <SequencePoints>
                <SequencePoint vc="0" uspid="1870" ordinal="0" offset="34" sl="42" sc="0" el="42" ec="0" bec="0" bev="0" fileid="4" />
                <SequencePoint vc="0" uspid="1871" ordinal="0" offset="35" sl="44" sc="0" el="44" ec="0" bec="0" bev="0" fileid="4" />
                <SequencePoint vc="0" uspid="1872" ordinal="0" offset="51" sl="45" sc="0" el="45" ec="0" bec="0" bev="0" fileid="4" />
                <SequencePoint vc="0" uspid="1873" ordinal="0" offset="74" sl="46" sc="0" el="46" ec="0" bec="0" bev="0" fileid="4" />
                <SequencePoint vc="0" uspid="1874" ordinal="0" offset="115" sl="49" sc="0" el="49" ec="0" bec="0" bev="0" fileid="4" />
                <SequencePoint vc="0" uspid="1875" ordinal="0" offset="138" sl="52" sc="0" el="52" ec="0" bec="0" bev="0" fileid="4" />
                <SequencePoint vc="0" uspid="1876" ordinal="0" offset="145" sl="53" sc="0" el="53" ec="0" bec="0" bev="0" fileid="4" />
                <SequencePoint vc="0" uspid="1877" ordinal="0" offset="167" sl="56" sc="0" el="56" ec="0" bec="0" bev="0" fileid="4" />
                <SequencePoint vc="0" uspid="1878" ordinal="0" offset="195" sl="57" sc="0" el="57" ec="0" bec="0" bev="0" fileid="4" />
                <SequencePoint vc="0" uspid="1879" ordinal="0" offset="218" sl="58" sc="0" el="58" ec="0" bec="0" bev="0" fileid="4" />
              </SequencePoints>
              <BranchPoints />
            </Method>
          </Methods>
        </Class>
        <Class>
          <Summary numSequencePoints="0" visitedSequencePoints="0" numBranchPoints="0" visitedBranchPoints="0" sequenceCoverage="0" branchCoverage="0" maxCyclomaticComplexity="0" minCyclomaticComplexity="0" maxCrapScore="0" minCrapScore="0" visitedClasses="0" numClasses="0" visitedMethods="0" numMethods="0" />
          <FullName>PlayTests.TestMovement/&lt;TestMoveToNewLocation&gt;d__2</FullName>
          <Methods>
            <Method visited="false" cyclomaticComplexity="0" nPathComplexity="0" sequenceCoverage="0.0" branchCoverage="0" crapScore="0" isConstructor="false" isStatic="false" isGetter="false" isSetter="false">
              <Summary numSequencePoints="0" visitedSequencePoints="0" numBranchPoints="0" visitedBranchPoints="0" sequenceCoverage="0.0" branchCoverage="0" maxCyclomaticComplexity="0" minCyclomaticComplexity="0" maxCrapScore="0" minCrapScore="0" visitedClasses="0" numClasses="0" visitedMethods="0" numMethods="0" />
              <MetadataToken>100663432</MetadataToken>
              <Name>System.Boolean PlayTests.TestMovement/&lt;TestMoveToNewLocation&gt;d__2::MoveNext()</Name>
              <FileRef uid="4" />
              <SequencePoints>
                <SequencePoint vc="0" uspid="1880" ordinal="0" offset="48" sl="62" sc="0" el="62" ec="0" bec="0" bev="0" fileid="4" />
                <SequencePoint vc="0" uspid="1881" ordinal="0" offset="49" sl="64" sc="0" el="64" ec="0" bec="0" bev="0" fileid="4" />
                <SequencePoint vc="0" uspid="1882" ordinal="0" offset="102" sl="70" sc="0" el="70" ec="0" bec="0" bev="0" fileid="4" />
                <SequencePoint vc="0" uspid="1883" ordinal="0" offset="128" sl="71" sc="0" el="71" ec="0" bec="0" bev="0" fileid="4" />
                <SequencePoint vc="0" uspid="1884" ordinal="0" offset="151" sl="72" sc="0" el="72" ec="0" bec="0" bev="0" fileid="4" />
                <SequencePoint vc="0" uspid="1885" ordinal="0" offset="177" sl="73" sc="0" el="73" ec="0" bec="0" bev="0" fileid="4" />
                <SequencePoint vc="0" uspid="1886" ordinal="0" offset="209" sl="76" sc="0" el="76" ec="0" bec="0" bev="0" fileid="4" />
                <SequencePoint vc="0" uspid="1887" ordinal="0" offset="231" sl="79" sc="0" el="79" ec="0" bec="0" bev="0" fileid="4" />
                <SequencePoint vc="0" uspid="1888" ordinal="0" offset="269" sl="80" sc="0" el="80" ec="0" bec="0" bev="0" fileid="4" />
                <SequencePoint vc="0" uspid="1889" ordinal="0" offset="308" sl="81" sc="0" el="81" ec="0" bec="0" bev="0" fileid="4" />
                <SequencePoint vc="0" uspid="1890" ordinal="0" offset="346" sl="83" sc="0" el="83" ec="0" bec="0" bev="0" fileid="4" />
                <SequencePoint vc="0" uspid="1891" ordinal="0" offset="369" sl="84" sc="0" el="84" ec="0" bec="0" bev="0" fileid="4" />
              </SequencePoints>
              <BranchPoints />
            </Method>
          </Methods>
        </Class>
        <Class>
          <Summary numSequencePoints="0" visitedSequencePoints="0" numBranchPoints="0" visitedBranchPoints="0" sequenceCoverage="0" branchCoverage="0" maxCyclomaticComplexity="0" minCyclomaticComplexity="0" maxCrapScore="0" minCrapScore="0" visitedClasses="0" numClasses="0" visitedMethods="0" numMethods="0" />
          <FullName>PlayTests.TestMovement/&lt;TestMoveEnemyToNewLocation&gt;d__3</FullName>
          <Methods>
            <Method visited="false" cyclomaticComplexity="0" nPathComplexity="0" sequenceCoverage="0.0" branchCoverage="0" crapScore="0" isConstructor="false" isStatic="false" isGetter="false" isSetter="false">
              <Summary numSequencePoints="0" visitedSequencePoints="0" numBranchPoints="0" visitedBranchPoints="0" sequenceCoverage="0.0" branchCoverage="0" maxCyclomaticComplexity="0" minCyclomaticComplexity="0" maxCrapScore="0" minCrapScore="0" visitedClasses="0" numClasses="0" visitedMethods="0" numMethods="0" />
              <MetadataToken>100663438</MetadataToken>
              <Name>System.Boolean PlayTests.TestMovement/&lt;TestMoveEnemyToNewLocation&gt;d__3::MoveNext()</Name>
              <FileRef uid="4" />
              <SequencePoints>
                <SequencePoint vc="0" uspid="1892" ordinal="0" offset="48" sl="88" sc="0" el="88" ec="0" bec="0" bev="0" fileid="4" />
                <SequencePoint vc="0" uspid="1893" ordinal="0" offset="49" sl="90" sc="0" el="90" ec="0" bec="0" bev="0" fileid="4" />
                <SequencePoint vc="0" uspid="1894" ordinal="0" offset="110" sl="96" sc="0" el="96" ec="0" bec="0" bev="0" fileid="4" />
                <SequencePoint vc="0" uspid="1895" ordinal="0" offset="136" sl="97" sc="0" el="97" ec="0" bec="0" bev="0" fileid="4" />
                <SequencePoint vc="0" uspid="1896" ordinal="0" offset="159" sl="98" sc="0" el="98" ec="0" bec="0" bev="0" fileid="4" />
[...]
              <Summary numSequencePoints="0" visitedSequencePoints="0" numBranchPoints="0" visitedBranchPoints="0" sequenceCoverage="0.0" branchCoverage="0" maxCyclomaticComplexity="0" minCyclomaticComplexity="0" maxCrapScore="0" minCrapScore="0" visitedClasses="0" numClasses="0" visitedMethods="0" numMethods="0" />
              <MetadataToken>100663581</MetadataToken>
              <Name>System.Void Scripts.Actions.PlayerMovement::set_InputManager(Scripts.Controller.IInputManager)</Name>
              <FileRef uid="26" />
              <SequencePoints>
                <SequencePoint vc="0" uspid="3083" ordinal="0" offset="0" sl="20" sc="0" el="20" ec="0" bec="0" bev="0" fileid="26" />
              </SequencePoints>
              <BranchPoints />
            </Method>
            <Method visited="false" cyclomaticComplexity="0" nPathComplexity="0" sequenceCoverage="0.0" branchCoverage="0" crapScore="0" isConstructor="false" isStatic="false" isGetter="true" isSetter="false">
              <Summary numSequencePoints="0" visitedSequencePoints="0" numBranchPoints="0" visitedBranchPoints="0" sequenceCoverage="0.0" branchCoverage="0" maxCyclomaticComplexity="0" minCyclomaticComplexity="0" maxCrapScore="0" minCrapScore="0" visitedClasses="0" numClasses="0" visitedMethods="0" numMethods="0" />
              <MetadataToken>100663582</MetadataToken>
              <Name>Scripts.Controller.IInputManager Scripts.Actions.PlayerMovement::get_InputManager()</Name>
              <FileRef uid="26" />
              <SequencePoints>
                <SequencePoint vc="0" uspid="3084" ordinal="0" offset="0" sl="20" sc="0" el="20" ec="0" bec="0" bev="0" fileid="26" />
              </SequencePoints>
              <BranchPoints />
            </Method>
            <Method visited="false" cyclomaticComplexity="0" nPathComplexity="0" sequenceCoverage="0.0" branchCoverage="0" crapScore="0" isConstructor="false" isStatic="false" isGetter="false" isSetter="false">
              <Summary numSequencePoints="0" visitedSequencePoints="0" numBranchPoints="0" visitedBranchPoints="0" sequenceCoverage="0.0" branchCoverage="0" maxCyclomaticComplexity="0" minCyclomaticComplexity="0" maxCrapScore="0" minCrapScore="0" visitedClasses="0" numClasses="0" visitedMethods="0" numMethods="0" />
              <MetadataToken>100663583</MetadataToken>
              <Name>System.Void Scripts.Actions.PlayerMovement::Start()</Name>
              <FileRef uid="26" />
              <SequencePoints>
                <SequencePoint vc="0" uspid="3085" ordinal="0" offset="0" sl="23" sc="0" el="23" ec="0" bec="0" bev="0" fileid="26" />
                <SequencePoint vc="0" uspid="3086" ordinal="0" offset="1" sl="24" sc="0" el="24" ec="0" bec="0" bev="0" fileid="26" />
                <SequencePoint vc="0" uspid="3087" ordinal="0" offset="18" sl="25" sc="0" el="25" ec="0" bec="0" bev="0" fileid="26" />
                <SequencePoint vc="0" uspid="3088" ordinal="0" offset="31" sl="26" sc="0" el="26" ec="0" bec="0" bev="0" fileid="26" />
                <SequencePoint vc="0" uspid="3089" ordinal="0" offset="53" sl="27" sc="0" el="27" ec="0" bec="0" bev="0" fileid="26" />
              </SequencePoints>
              <BranchPoints />
            </Method>
            <Method visited="false" cyclomaticComplexity="0" nPathComplexity="0" sequenceCoverage="0.0" branchCoverage="0" crapScore="0" isConstructor="false" isStatic="false" isGetter="false" isSetter="false">
              <Summary numSequencePoints="0" visitedSequencePoints="0" numBranchPoints="0" visitedBranchPoints="0" sequenceCoverage="0.0" branchCoverage="0" maxCyclomaticComplexity="0" minCyclomaticComplexity="0" maxCrapScore="0" minCrapScore="0" visitedClasses="0" numClasses="0" visitedMethods="0" numMethods="0" />
              <MetadataToken>100663584</MetadataToken>
              <Name>System.Void Scripts.Actions.PlayerMovement::Update()</Name>
              <FileRef uid="26" />
              <SequencePoints>
                <SequencePoint vc="0" uspid="3090" ordinal="0" offset="0" sl="30" sc="0" el="30" ec="0" bec="0" bev="0" fileid="26" />
                <SequencePoint vc="0" uspid="3091" ordinal="0" offset="1" sl="31" sc="0" el="31" ec="0" bec="0" bev="0" fileid="26" />
                <SequencePoint vc="0" uspid="3092" ordinal="0" offset="11" sl="32" sc="0" el="32" ec="0" bec="0" bev="0" fileid="26" />
                <SequencePoint vc="0" uspid="3093" ordinal="0" offset="12" sl="33" sc="0" el="33" ec="0" bec="0" bev="0" fileid="26" />
                <SequencePoint vc="0" uspid="3094" ordinal="0" offset="19" sl="35" sc="0" el="35" ec="0" bec="0" bev="0" fileid="26" />
                <SequencePoint vc="0" uspid="3095" ordinal="0" offset="29" sl="36" sc="0" el="36" ec="0" bec="0" bev="0" fileid="26" />
                <SequencePoint vc="0" uspid="3096" ordinal="0" offset="36" sl="37" sc="0" el="37" ec="0" bec="0" bev="0" fileid="26" />
                <SequencePoint vc="0" uspid="3097" ordinal="0" offset="37" sl="38" sc="0" el="38" ec="0" bec="0" bev="0" fileid="26" />
              </SequencePoints>
              <BranchPoints />
            </Method>
            <Method visited="false" cyclomaticComplexity="0" nPathComplexity="0" sequenceCoverage="0.0" branchCoverage="0" crapScore="0" isConstructor="false" isStatic="false" isGetter="false" isSetter="false">
              <Summary numSequencePoints="0" visitedSequencePoints="0" numBranchPoints="0" visitedBranchPoints="0" sequenceCoverage="0.0" branchCoverage="0" maxCyclomaticComplexity="0" minCyclomaticComplexity="0" maxCrapScore="0" minCrapScore="0" visitedClasses="0" numClasses="0" visitedMethods="0" numMethods="0" />
              <MetadataToken>100663585</MetadataToken>
              <Name>System.Void Scripts.Actions.PlayerMovement::MoveSelector()</Name>
              <FileRef uid="26" />
              <SequencePoints>
                <SequencePoint vc="0" uspid="3098" ordinal="0" offset="0" sl="42" sc="0" el="42" ec="0" bec="0" bev="0" fileid="26" />
                <SequencePoint vc="0" uspid="3099" ordinal="0" offset="1" sl="43" sc="0" el="43" ec="0" bec="0" bev="0" fileid="26" />
                <SequencePoint vc="0" uspid="3100" ordinal="0" offset="23" sl="45" sc="0" el="45" ec="0" bec="0" bev="0" fileid="26" />
                <SequencePoint vc="0" uspid="3101" ordinal="0" offset="56" sl="46" sc="0" el="46" ec="0" bec="0" bev="0" fileid="26" />
                <SequencePoint vc="0" uspid="3102" ordinal="0" offset="57" sl="47" sc="0" el="47" ec="0" bec="0" bev="0" fileid="26" />
                <SequencePoint vc="0" uspid="3103" ordinal="0" offset="103" sl="48" sc="0" el="48" ec="0" bec="0" bev="0" fileid="26" />
                <SequencePoint vc="0" uspid="3104" ordinal="0" offset="104" sl="49" sc="0" el="49" ec="0" bec="0" bev="0" fileid="26" />
                <SequencePoint vc="0" uspid="3105" ordinal="0" offset="128" sl="50" sc="0" el="50" ec="0" bec="0" bev="0" fileid="26" />
                <SequencePoint vc="0" uspid="3106" ordinal="0" offset="141" sl="51" sc="0" el="51" ec="0" bec="0" bev="0" fileid="26" />
                <SequencePoint vc="0" uspid="3107" ordinal="0" offset="142" sl="52" sc="0" el="52" ec="0" bec="0" bev="0" fileid="26" />
                <SequencePoint vc="0" uspid="3108" ordinal="0" offset="143" sl="53" sc="0" el="53" ec="0" bec="0" bev="0" fileid="26" />
              </SequencePoints>
              <BranchPoints />
            </Method>
            <Method visited="false" cyclomaticComplexity="0" nPathComplexity="0" sequenceCoverage="0.0" branchCoverage="0" crapScore="0" isConstructor="false" isStatic="false" isGetter="false" isSetter="false">
              <Summary numSequencePoints="0" visitedSequencePoints="0" numBranchPoints="0" visitedBranchPoints="0" sequenceCoverage="0.0" branchCoverage="0" maxCyclomaticComplexity="0" minCyclomaticComplexity="0" maxCrapScore="0" minCrapScore="0" visitedClasses="0" numClasses="0" visitedMethods="0" numMethods="0" />
              <MetadataToken>100663586</MetadataToken>
              <Name>System.Boolean Scripts.Actions.PlayerMovement::InputDetected()</Name>
              <FileRef uid="26" />
              <SequencePoints>
                <SequencePoint vc="0" uspid="3109" ordinal="0" offset="0" sl="57" sc="0" el="57" ec="0" bec="0" bev="0" fileid="26" />
              </SequencePoints>
              <BranchPoints />
            </Method>
            <Method visited="false" cyclomaticComplexity="0" nPathComplexity="0" sequenceCoverage="0.0" branchCoverage="0" crapScore="0" isConstructor="false" isStatic="false" isGetter="false" isSetter="false">
              <Summary numSequencePoints="0" visitedSequencePoints="0" numBranchPoints="0" visitedBranchPoints="0" sequenceCoverage="0.0" branchCoverage="0" maxCyclomaticComplexity="0" minCyclomaticComplexity="0" maxCrapScore="0" minCrapScore="0" visitedClasses="0" numClasses="0" visitedMethods="0" numMethods="0" />
              <MetadataToken>100663587</MetadataToken>
              <Name>System.Void Scripts.Actions.PlayerMovement::FinishMovementAndReturn()</Name>
              <FileRef uid="26" />
              <SequencePoints>
                <SequencePoint vc="0" uspid="3110" ordinal="0" offset="0" sl="64" sc="0" el="64" ec="0" bec="0" bev="0" fileid="26" />
                <SequencePoint vc="0" uspid="3111" ordinal="0" offset="1" sl="65" sc="0" el="65" ec="0" bec="0" bev="0" fileid="26" />
                <SequencePoint vc="0" uspid="3112" ordinal="0" offset="8" sl="66" sc="0" el="66" ec="0" bec="0" bev="0" fileid="26" />
                <SequencePoint vc="0" uspid="3113" ordinal="0" offset="15" sl="67" sc="0" el="67" ec="0" bec="0" bev="0" fileid="26" />
                <SequencePoint vc="0" uspid="3114" ordinal="0" offset="26" sl="68" sc="0" el="68" ec="0" bec="0" bev="0" fileid="26" />
                <SequencePoint vc="0" uspid="3115" ordinal="0" offset="38" sl="69" sc="0" el="69" ec="0" bec="0" bev="0" fileid="26" />
                <SequencePoint vc="0" uspid="3116" ordinal="0" offset="51" sl="70" sc="0" el="70" ec="0" bec="0" bev="0" fileid="26" />
                <SequencePoint vc="0" uspid="3117" ordinal="0" offset="107" sl="74" sc="0" el="74" ec="0" bec="0" bev="0" fileid="26" />
              </SequencePoints>
              <BranchPoints />
            </Method>
            <Method visited="false" cyclomaticComplexity="0" nPathComplexity="0" sequenceCoverage="0.0" branchCoverage="0" crapScore="0" isConstructor="false" isStatic="false" isGetter="false" isSetter="false">
              <Summary numSequencePoints="0" visitedSequencePoints="0" numBranchPoints="0" visitedBranchPoints="0" sequenceCoverage="0.0" branchCoverage="0" maxCyclomaticComplexity="0" minCyclomaticComplexity="0" maxCrapScore="0" minCrapScore="0" visitedClasses="0" numClasses="0" visitedMethods="0" numMethods="0" />
              <MetadataToken>100663588</MetadataToken>
              <Name>System.Void Scripts.Actions.PlayerMovement::Move(UnityEngine.Vector3)</Name>
              <FileRef uid="26" />
              <SequencePoints>
                <SequencePoint vc="0" uspid="3118" ordinal="0" offset="0" sl="79" sc="0" el="79" ec="0" bec="0" bev="0" fileid="26" />
                <SequencePoint vc="0" uspid="3119" ordinal="0" offset="1" sl="80" sc="0" el="80" ec="0" bec="0" bev="0" fileid="26" />
                <SequencePoint vc="0" uspid="3120" ordinal="0" offset="29" sl="81" sc="0" el="81" ec="0" bec="0" bev="0" fileid="26" />
                <SequencePoint vc="0" uspid="3121" ordinal="0" offset="30" sl="82" sc="0" el="82" ec="0" bec="0" bev="0" fileid="26" />
                <SequencePoint vc="0" uspid="3122" ordinal="0" offset="49" sl="83" sc="0" el="83" ec="0" bec="0" bev="0" fileid="26" />
                <SequencePoint vc="0" uspid="3123" ordinal="0" offset="68" sl="84" sc="0" el="84" ec="0" bec="0" bev="0" fileid="26" />
                <SequencePoint vc="0" uspid="3124" ordinal="0" offset="69" sl="85" sc="0" el="85" ec="0" bec="0" bev="0" fileid="26" />
                <SequencePoint vc="0" uspid="3125" ordinal="0" offset="81" sl="86" sc="0" el="86" ec="0" bec="0" bev="0" fileid="26" />
                <SequencePoint vc="0" uspid="3126" ordinal="0" offset="94" sl="87" sc="0" el="87" ec="0" bec="0" bev="0" fileid="26" />
                <SequencePoint vc="0" uspid="3127" ordinal="0" offset="106" sl="88" sc="0" el="88" ec="0" bec="0" bev="0" fileid="26" />
              </SequencePoints>
              <BranchPoints />
            </Method>
            <Method visited="false" cyclomaticComplexity="0" nPathComplexity="0" sequenceCoverage="0.0" branchCoverage="0" crapScore="0" isConstructor="false" isStatic="false" isGetter="false" isSetter="false">
              <Summary numSequencePoints="0" visitedSequencePoints="0" numBranchPoints="0" visitedBranchPoints="0" sequenceCoverage="0.0" branchCoverage="0" maxCyclomaticComplexity="0" minCyclomaticComplexity="0" maxCrapScore="0" minCrapScore="0" visitedClasses="0" numClasses="0" visitedMethods="0" numMethods="0" />
              <MetadataToken>100663589</MetadataToken>
              <Name>System.Void Scripts.Actions.PlayerMovement::ActivateMovement()</Name>
              <FileRef uid="26" />
              <SequencePoints>
                <SequencePoint vc="0" uspid="3128" ordinal="0" offset="0" sl="95" sc="0" el="95" ec="0" bec="0" bev="0" fileid="26" />
                <SequencePoint vc="0" uspid="3129" ordinal="0" offset="1" sl="96" sc="0" el="96" ec="0" bec="0" bev="0" fileid="26" />
                <SequencePoint vc="0" uspid="3130" ordinal="0" offset="8" sl="97" sc="0" el="97" ec="0" bec="0" bev="0" fileid="26" />
                <SequencePoint vc="0" uspid="3131" ordinal="0" offset="15" sl="98" sc="0" el="98" ec="0" bec="0" bev="0" fileid="26" />
                <SequencePoint vc="0" uspid="3132" ordinal="0" offset="41" sl="99" sc="0" el="99" ec="0" bec="0" bev="0" fileid="26" />
                <SequencePoint vc="0" uspid="3133" ordinal="0" offset="58" sl="100" sc="0" el="100" ec="0" bec="0" bev="0" fileid="26" />
                <SequencePoint vc="0" uspid="3134" ordinal="0" offset="81" sl="102" sc="0" el="102" ec="0" bec="0" bev="0" fileid="26" />
              </SequencePoints>
              <BranchPoints />
            </Method>
          </Methods>
        </Class>
        <Class>
          <Summary numSequencePoints="0" visitedSequencePoints="0" numBranchPoints="0" visitedBranchPoints="0" sequenceCoverage="0" branchCoverage="0" maxCyclomaticComplexity="0" minCyclomaticComplexity="0" maxCrapScore="0" minCrapScore="0" visitedClasses="0" numClasses="0" visitedMethods="0" numMethods="0" />
          <FullName>Scripts.Menus.MainMenuButtons/&lt;&gt;c</FullName>
          <Methods>
            <Method visited="false" cyclomaticComplexity="0" nPathComplexity="0" sequenceCoverage="0.0" branchCoverage="0" crapScore="0" isConstructor="false" isStatic="false" isGetter="false" isSetter="false">
              <Summary numSequencePoints="0" visitedSequencePoints="0" numBranchPoints="0" visitedBranchPoints="0" sequenceCoverage="0.0" branchCoverage="0" maxCyclomaticComplexity="0" minCyclomaticComplexity="0" maxCrapScore="0" minCrapScore="0" visitedClasses="0" numClasses="0" visitedMethods="0" numMethods="0" />
              <MetadataToken>100663593</MetadataToken>
              <Name>System.Void Scripts.Menus.MainMenuButtons/&lt;&gt;c::&lt;Start&gt;b__10_0()</Name>
              <FileRef uid="11" />
              <SequencePoints>
                <SequencePoint vc="0" uspid="3135" ordinal="0" offset="0" sl="18" sc="0" el="18" ec="0" bec="0" bev="0" fileid="11" />
              </SequencePoints>
              <BranchPoints />
            </Method>
            <Method visited="false" cyclomaticComplexity="0" nPathComplexity="0" sequenceCoverage="0.0" branchCoverage="0" crapScore="0" isConstructor="false" isStatic="false" isGetter="false" isSetter="false">
              <Summary numSequencePoints="0" visitedSequencePoints="0" numBranchPoints="0" visitedBranchPoints="0" sequenceCoverage="0.0" branchCoverage="0" maxCyclomaticComplexity="0" minCyclomaticComplexity="0" maxCrapScore="0" minCrapScore="0" visitedClasses="0" numClasses="0" visitedMethods="0" numMethods="0" />
              <MetadataToken>100663594</MetadataToken>
              <Name>System.Void Scripts.Menus.MainMenuButtons/&lt;&gt;c::&lt;Start&gt;b__10_1()</Name>
              <FileRef uid="11" />
              <SequencePoints>
                <SequencePoint vc="0" uspid="3136" ordinal="0" offset="0" sl="19" sc="0" el="19" ec="0" bec="0" bev="0" fileid="11" />
              </SequencePoints>
              <BranchPoints />
            </Method>
            <Method visited="false" cyclomaticComplexity="0" nPathComplexity="0" sequenceCoverage="0.0" branchCoverage="0" crapScore="0" isConstructor="false" isStatic="false" isGetter="false" isSetter="false">
              <Summary numSequencePoints="0" visitedSequencePoints="0" numBranchPoints="0" visitedBranchPoints="0" sequenceCoverage="0.0" branchCoverage="0" maxCyclomaticComplexity="0" minCyclomaticComplexity="0" maxCrapScore="0" minCrapScore="0" visitedClasses="0" numClasses="0" visitedMethods="0" numMethods="0" />
              <MetadataToken>100663595</MetadataToken>
              <Name>System.Void Scripts.Menus.MainMenuButtons/&lt;&gt;c::&lt;Start&gt;b__10_2()</Name>
              <FileRef uid="11" />
              <SequencePoints>
                <SequencePoint vc="0" uspid="3137" ordinal="0" offset="0" sl="20" sc="0" el="20" ec="0" bec="0" bev="0" fileid="11" />
              </SequencePoints>
              <BranchPoints />
            </Method>
          </Methods>
        </Class>
        <Class>
          <Summary numSequencePoints="0" visitedSequencePoints="0" numBranchPoints="0" visitedBranchPoints="0" sequenceCoverage="0" branchCoverage="0" maxCyclomaticComplexity="0" minCyclomaticComplexity="0" maxCrapScore="0" minCrapScore="0" visitedClasses="0" numClasses="0" visitedMethods="0" numMethods="0" />
          <FullName>Scripts.ArmyBuilder.PopulateGrid/&lt;Unhighlight&gt;d__29</FullName>
          <Methods>
            <Method visited="false" cyclomaticComplexity="0" nPathComplexity="0" sequenceCoverage="0.0" branchCoverage="0" crapScore="0" isConstructor="false" isStatic="false" isGetter="false" isSetter="false">
              <Summary numSequencePoints="0" visitedSequencePoints="0" numBranchPoints="0" visitedBranchPoints="0" sequenceCoverage="0.0" branchCoverage="0" maxCyclomaticComplexity="0" minCyclomaticComplexity="0" maxCrapScore="0" minCrapScore="0" visitedClasses="0" numClasses="0" visitedMethods="0" numMethods="0" />
              <MetadataToken>100663598</MetadataToken>
              <Name>System.Boolean Scripts.ArmyBuilder.PopulateGrid/&lt;Unhighlight&gt;d__29::MoveNext()</Name>
              <FileRef uid="22" />
              <SequencePoints>
                <SequencePoint vc="0" uspid="3138" ordinal="0" offset="31" sl="131" sc="0" el="131" ec="0" bec="0" bev="0" fileid="22" />
                <SequencePoint vc="0" uspid="3139" ordinal="0" offset="32" sl="133" sc="0" el="133" ec="0" bec="0" bev="0" fileid="22" />
                <SequencePoint vc="0" uspid="3140" ordinal="0" offset="64" sl="134" sc="0" el="134" ec="0" bec="0" bev="0" fileid="22" />
                <SequencePoint vc="0" uspid="3141" ordinal="0" offset="82" sl="135" sc="0" el="135" ec="0" bec="0" bev="0" fileid="22" />
                <SequencePoint vc="0" uspid="3142" ordinal="0" offset="99" sl="136" sc="0" el="136" ec="0" bec="0" bev="0" fileid="22" />
              </SequencePoints>
              <BranchPoints />
            </Method>
          </Methods>
        </Class>
      </Classes>
    </Module>
  </Modules>
</CoverageSession>